2024-03-20 18:59:20:INFO:visdom:426634
2024-03-20 18:59:20:INFO:==========================================
gpu_id:0
s:webcam
t:None
max_epoch:50
batch_size:64
worker:4
dset:office31
lr:0.01
net:resnet50
output:san
lr_src:0.01
net_src:resnet50
output_src:san
seed:2020
bottleneck:256
layer:wn
classifier:bn
da:uda
topk:1
distill:False
ema:0.6
mix:1.0
timestamp:2024-03-20_18.59.17
use_file_logger:True
names:['amazon', 'dslr', 'webcam']
method:dine
class_num:31
s_dset_path:/data3/Shivangi/KUDA/data/office31/image_list/webcam.txt
t_dset_path:/data3/Shivangi/KUDA/data/office31/image_list/webcam.txt
test_dset_path:/data3/Shivangi/KUDA/data/office31/image_list/webcam.txt
output_dir_src:../checkpoints/DINE/2020/source/uda/

2024-03-20 18:59:37:INFO:Task: webcam, Iter:55/550; Accuracy = 98.92%
2024-03-20 18:59:47:INFO:Task: webcam, Iter:110/550; Accuracy = 100.00%
2024-03-20 19:00:00:INFO:Task: webcam, Iter:165/550; Accuracy = 100.00%
2024-03-20 19:00:11:INFO:Task: webcam, Iter:220/550; Accuracy = 100.00%
2024-03-20 19:00:23:INFO:Task: webcam, Iter:275/550; Accuracy = 100.00%
2024-03-20 19:00:34:INFO:Task: webcam, Iter:330/550; Accuracy = 100.00%
2024-03-20 19:00:45:INFO:Task: webcam, Iter:385/550; Accuracy = 100.00%
2024-03-20 19:01:01:INFO:Task: webcam, Iter:440/550; Accuracy = 100.00%
2024-03-20 19:01:17:INFO:Task: webcam, Iter:495/550; Accuracy = 100.00%
2024-03-20 19:01:32:INFO:Task: webcam, Iter:550/550; Accuracy = 100.00%
2024-03-20 19:01:41:INFO:
Task: webcam->amazon, Accuracy = 61.48%
2024-03-20 19:01:48:INFO:
Task: webcam->dslr, Accuracy = 98.59%
2024-03-20 23:57:07:INFO:visdom:2113538
2024-03-20 23:57:07:INFO:==========================================
gpu_id:0
s:webcam
t:None
max_epoch:50
batch_size:64
worker:4
dset:office31
lr:0.01
net:resnet50
output:san
lr_src:0.01
net_src:resnet50
output_src:san
seed:2021
bottleneck:256
layer:wn
classifier:bn
da:uda
topk:1
distill:False
ema:0.6
mix:1.0
timestamp:2024-03-20_18.59.17
use_file_logger:True
names:['amazon', 'dslr', 'webcam']
method:dine
class_num:31
s_dset_path:/data3/Shivangi/KUDA/data/office31/image_list/webcam.txt
t_dset_path:/data3/Shivangi/KUDA/data/office31/image_list/webcam.txt
test_dset_path:/data3/Shivangi/KUDA/data/office31/image_list/webcam.txt
output_dir_src:../checkpoints/DINE/2021/source/uda/

2024-03-20 23:57:22:INFO:Task: webcam, Iter:55/550; Accuracy = 98.92%
2024-03-20 23:57:36:INFO:Task: webcam, Iter:110/550; Accuracy = 100.00%
2024-03-20 23:57:52:INFO:Task: webcam, Iter:165/550; Accuracy = 100.00%
2024-03-20 23:58:09:INFO:Task: webcam, Iter:220/550; Accuracy = 100.00%
2024-03-20 23:58:24:INFO:Task: webcam, Iter:275/550; Accuracy = 100.00%
2024-03-20 23:58:37:INFO:Task: webcam, Iter:330/550; Accuracy = 100.00%
2024-03-20 23:58:48:INFO:Task: webcam, Iter:385/550; Accuracy = 100.00%
2024-03-20 23:58:59:INFO:Task: webcam, Iter:440/550; Accuracy = 100.00%
2024-03-20 23:59:10:INFO:Task: webcam, Iter:495/550; Accuracy = 100.00%
2024-03-20 23:59:24:INFO:Task: webcam, Iter:550/550; Accuracy = 100.00%
2024-03-20 23:59:31:INFO:
Task: webcam->amazon, Accuracy = 58.79%
2024-03-20 23:59:37:INFO:
Task: webcam->dslr, Accuracy = 98.39%
2024-03-21 04:57:20:INFO:visdom:3706026
2024-03-21 04:57:20:INFO:==========================================
gpu_id:0
s:webcam
t:None
max_epoch:50
batch_size:64
worker:4
dset:office31
lr:0.01
net:resnet50
output:san
lr_src:0.01
net_src:resnet50
output_src:san
seed:2022
bottleneck:256
layer:wn
classifier:bn
da:uda
topk:1
distill:False
ema:0.6
mix:1.0
timestamp:2024-03-20_18.59.17
use_file_logger:True
names:['amazon', 'dslr', 'webcam']
method:dine
class_num:31
s_dset_path:/data3/Shivangi/KUDA/data/office31/image_list/webcam.txt
t_dset_path:/data3/Shivangi/KUDA/data/office31/image_list/webcam.txt
test_dset_path:/data3/Shivangi/KUDA/data/office31/image_list/webcam.txt
output_dir_src:../checkpoints/DINE/2022/source/uda/

2024-03-21 04:57:37:INFO:Task: webcam, Iter:55/550; Accuracy = 98.92%
2024-03-21 04:57:51:INFO:Task: webcam, Iter:110/550; Accuracy = 100.00%
2024-03-21 04:58:06:INFO:Task: webcam, Iter:165/550; Accuracy = 100.00%
2024-03-21 04:58:17:INFO:Task: webcam, Iter:220/550; Accuracy = 100.00%
2024-03-21 04:58:30:INFO:Task: webcam, Iter:275/550; Accuracy = 100.00%
2024-03-21 04:58:41:INFO:Task: webcam, Iter:330/550; Accuracy = 100.00%
2024-03-21 04:58:53:INFO:Task: webcam, Iter:385/550; Accuracy = 100.00%
2024-03-21 04:59:08:INFO:Task: webcam, Iter:440/550; Accuracy = 100.00%
2024-03-21 04:59:20:INFO:Task: webcam, Iter:495/550; Accuracy = 100.00%
2024-03-21 04:59:33:INFO:Task: webcam, Iter:550/550; Accuracy = 100.00%
2024-03-21 04:59:40:INFO:
Task: webcam->amazon, Accuracy = 62.58%
2024-03-21 04:59:46:INFO:
Task: webcam->dslr, Accuracy = 98.39%
