2024-03-20 20:55:50:INFO:visdom:1034365
2024-03-20 20:55:50:INFO:==========================================
gpu_id:0
s:amazon
t:None
max_epoch:50
batch_size:64
worker:4
dset:office31
lr:0.01
net:resnet50
output:san
lr_src:0.01
net_src:resnet50
output_src:san
seed:2020
bottleneck:256
layer:wn
classifier:bn
da:uda
topk:1
distill:False
ema:0.6
mix:1.0
timestamp:2024-03-20_18.59.17
use_file_logger:True
names:['amazon', 'dslr', 'webcam']
method:dine
class_num:31
s_dset_path:/data3/Shivangi/KUDA/data/office31/image_list/amazon.txt
t_dset_path:/data3/Shivangi/KUDA/data/office31/image_list/amazon.txt
test_dset_path:/data3/Shivangi/KUDA/data/office31/image_list/amazon.txt
output_dir_src:../checkpoints/DINE/2020/source/uda/

2024-03-20 20:56:30:INFO:Task: amazon, Iter:215/2150; Accuracy = 90.32%
2024-03-20 20:57:02:INFO:Task: amazon, Iter:430/2150; Accuracy = 90.32%
2024-03-20 20:57:33:INFO:Task: amazon, Iter:645/2150; Accuracy = 91.40%
2024-03-20 20:58:04:INFO:Task: amazon, Iter:860/2150; Accuracy = 92.47%
2024-03-20 20:58:35:INFO:Task: amazon, Iter:1075/2150; Accuracy = 92.47%
2024-03-20 20:59:08:INFO:Task: amazon, Iter:1290/2150; Accuracy = 92.47%
2024-03-20 20:59:40:INFO:Task: amazon, Iter:1505/2150; Accuracy = 92.47%
2024-03-20 21:00:11:INFO:Task: amazon, Iter:1720/2150; Accuracy = 92.47%
2024-03-20 21:00:38:INFO:Task: amazon, Iter:1935/2150; Accuracy = 92.47%
2024-03-20 21:01:11:INFO:Task: amazon, Iter:2150/2150; Accuracy = 92.47%
2024-03-20 21:01:17:INFO:
Task: amazon->dslr, Accuracy = 80.52%
2024-03-20 21:01:22:INFO:
Task: amazon->webcam, Accuracy = 76.60%
2024-03-21 01:50:08:INFO:visdom:2662614
2024-03-21 01:50:08:INFO:==========================================
gpu_id:0
s:amazon
t:None
max_epoch:50
batch_size:64
worker:4
dset:office31
lr:0.01
net:resnet50
output:san
lr_src:0.01
net_src:resnet50
output_src:san
seed:2021
bottleneck:256
layer:wn
classifier:bn
da:uda
topk:1
distill:False
ema:0.6
mix:1.0
timestamp:2024-03-20_18.59.17
use_file_logger:True
names:['amazon', 'dslr', 'webcam']
method:dine
class_num:31
s_dset_path:/data3/Shivangi/KUDA/data/office31/image_list/amazon.txt
t_dset_path:/data3/Shivangi/KUDA/data/office31/image_list/amazon.txt
test_dset_path:/data3/Shivangi/KUDA/data/office31/image_list/amazon.txt
output_dir_src:../checkpoints/DINE/2021/source/uda/

2024-03-21 01:50:55:INFO:Task: amazon, Iter:215/2150; Accuracy = 91.40%
2024-03-21 01:51:29:INFO:Task: amazon, Iter:430/2150; Accuracy = 91.40%
2024-03-21 01:52:09:INFO:Task: amazon, Iter:645/2150; Accuracy = 90.32%
2024-03-21 01:52:49:INFO:Task: amazon, Iter:860/2150; Accuracy = 90.32%
2024-03-21 01:53:30:INFO:Task: amazon, Iter:1075/2150; Accuracy = 91.40%
2024-03-21 01:54:16:INFO:Task: amazon, Iter:1290/2150; Accuracy = 91.40%
2024-03-21 01:54:46:INFO:Task: amazon, Iter:1505/2150; Accuracy = 91.40%
2024-03-21 01:55:15:INFO:Task: amazon, Iter:1720/2150; Accuracy = 91.40%
2024-03-21 01:56:10:INFO:Task: amazon, Iter:1935/2150; Accuracy = 91.40%
2024-03-21 01:56:49:INFO:Task: amazon, Iter:2150/2150; Accuracy = 91.40%
2024-03-21 01:56:56:INFO:
Task: amazon->dslr, Accuracy = 80.52%
2024-03-21 01:57:03:INFO:
Task: amazon->webcam, Accuracy = 76.86%
2024-03-21 06:48:44:INFO:visdom:39449
2024-03-21 06:48:44:INFO:==========================================
gpu_id:0
s:amazon
t:None
max_epoch:50
batch_size:64
worker:4
dset:office31
lr:0.01
net:resnet50
output:san
lr_src:0.01
net_src:resnet50
output_src:san
seed:2022
bottleneck:256
layer:wn
classifier:bn
da:uda
topk:1
distill:False
ema:0.6
mix:1.0
timestamp:2024-03-20_18.59.17
use_file_logger:True
names:['amazon', 'dslr', 'webcam']
method:dine
class_num:31
s_dset_path:/data3/Shivangi/KUDA/data/office31/image_list/amazon.txt
t_dset_path:/data3/Shivangi/KUDA/data/office31/image_list/amazon.txt
test_dset_path:/data3/Shivangi/KUDA/data/office31/image_list/amazon.txt
output_dir_src:../checkpoints/DINE/2022/source/uda/

2024-03-21 06:49:23:INFO:Task: amazon, Iter:215/2150; Accuracy = 90.32%
2024-03-21 06:49:56:INFO:Task: amazon, Iter:430/2150; Accuracy = 89.25%
2024-03-21 06:50:48:INFO:Task: amazon, Iter:645/2150; Accuracy = 88.17%
2024-03-21 06:51:26:INFO:Task: amazon, Iter:860/2150; Accuracy = 89.25%
2024-03-21 06:52:01:INFO:Task: amazon, Iter:1075/2150; Accuracy = 90.32%
2024-03-21 06:52:35:INFO:Task: amazon, Iter:1290/2150; Accuracy = 89.25%
2024-03-21 06:53:12:INFO:Task: amazon, Iter:1505/2150; Accuracy = 89.25%
2024-03-21 06:54:00:INFO:Task: amazon, Iter:1720/2150; Accuracy = 88.17%
2024-03-21 06:54:42:INFO:Task: amazon, Iter:1935/2150; Accuracy = 89.25%
2024-03-21 06:55:19:INFO:Task: amazon, Iter:2150/2150; Accuracy = 90.32%
2024-03-21 06:55:25:INFO:
Task: amazon->dslr, Accuracy = 81.93%
2024-03-21 06:55:30:INFO:
Task: amazon->webcam, Accuracy = 78.87%
