2024-03-21 07:34:57:INFO:visdom:336795
2024-03-21 07:34:57:INFO:==========================================
gpu_id:0
s:Real_World
t:None
max_epoch:50
batch_size:64
worker:4
dset:office-home
lr:0.01
net:resnet50
output:san
lr_src:0.01
net_src:resnet50
output_src:san
seed:2020
bottleneck:256
layer:wn
classifier:bn
da:uda
topk:1
distill:False
ema:0.6
mix:1.0
timestamp:2024-03-20_19.00.31
use_file_logger:True
names:['Art', 'Clipart', 'Product', 'Real_World']
method:dine
class_num:65
s_dset_path:/data3/Shivangi/KUDA/data/office-home/image_list/Real_World.txt
t_dset_path:/data3/Shivangi/KUDA/data/office-home/image_list/Real_World.txt
test_dset_path:/data3/Shivangi/KUDA/data/office-home/image_list/Real_World.txt
output_dir_src:../checkpoints/DINE/2020/source/uda/

2024-03-21 07:38:35:INFO:Task: Real_World, Iter:330/3300; Accuracy = 78.97%
2024-03-21 07:42:12:INFO:Task: Real_World, Iter:660/3300; Accuracy = 82.56%
2024-03-21 07:46:03:INFO:Task: Real_World, Iter:990/3300; Accuracy = 84.62%
2024-03-21 07:49:39:INFO:Task: Real_World, Iter:1320/3300; Accuracy = 82.56%
2024-03-21 07:53:25:INFO:Task: Real_World, Iter:1650/3300; Accuracy = 83.59%
2024-03-21 07:57:04:INFO:Task: Real_World, Iter:1980/3300; Accuracy = 83.59%
2024-03-21 08:00:43:INFO:Task: Real_World, Iter:2310/3300; Accuracy = 83.08%
2024-03-21 08:04:26:INFO:Task: Real_World, Iter:2640/3300; Accuracy = 83.59%
2024-03-21 08:07:59:INFO:Task: Real_World, Iter:2970/3300; Accuracy = 81.54%
2024-03-21 08:11:36:INFO:Task: Real_World, Iter:3300/3300; Accuracy = 82.56%
2024-03-21 08:11:48:INFO:
Task: Real_World->Art, Accuracy = 65.93%
2024-03-21 08:12:00:INFO:
Task: Real_World->Clipart, Accuracy = 45.96%
2024-03-21 08:12:18:INFO:
Task: Real_World->Product, Accuracy = 77.27%
2024-03-22 22:56:39:INFO:visdom:3703519
2024-03-22 22:56:39:INFO:==========================================
gpu_id:0
s:Real_World
t:None
max_epoch:50
batch_size:64
worker:4
dset:office-home
lr:0.01
net:resnet50
output:san
lr_src:0.01
net_src:resnet50
output_src:san
seed:2021
bottleneck:256
layer:wn
classifier:bn
da:uda
topk:1
distill:False
ema:0.6
mix:1.0
timestamp:2024-03-20_19.00.31
use_file_logger:True
names:['Art', 'Clipart', 'Product', 'Real_World']
method:dine
class_num:65
s_dset_path:/data3/Shivangi/KUDA/data/office-home/image_list/Real_World.txt
t_dset_path:/data3/Shivangi/KUDA/data/office-home/image_list/Real_World.txt
test_dset_path:/data3/Shivangi/KUDA/data/office-home/image_list/Real_World.txt
output_dir_src:../checkpoints/DINE/2021/source/uda/

2024-03-22 22:59:30:INFO:Task: Real_World, Iter:330/3300; Accuracy = 78.46%
2024-03-22 23:02:00:INFO:Task: Real_World, Iter:660/3300; Accuracy = 81.03%
2024-03-22 23:04:29:INFO:Task: Real_World, Iter:990/3300; Accuracy = 85.13%
2024-03-22 23:06:54:INFO:Task: Real_World, Iter:1320/3300; Accuracy = 84.10%
2024-03-22 23:09:24:INFO:Task: Real_World, Iter:1650/3300; Accuracy = 82.56%
2024-03-22 23:11:53:INFO:Task: Real_World, Iter:1980/3300; Accuracy = 82.56%
2024-03-22 23:14:14:INFO:Task: Real_World, Iter:2310/3300; Accuracy = 84.10%
2024-03-22 23:16:55:INFO:Task: Real_World, Iter:2640/3300; Accuracy = 83.59%
2024-03-22 23:19:17:INFO:Task: Real_World, Iter:2970/3300; Accuracy = 83.59%
2024-03-22 23:21:44:INFO:Task: Real_World, Iter:3300/3300; Accuracy = 82.56%
2024-03-22 23:21:53:INFO:
Task: Real_World->Art, Accuracy = 66.13%
2024-03-22 23:22:01:INFO:
Task: Real_World->Clipart, Accuracy = 47.47%
2024-03-22 23:22:10:INFO:
Task: Real_World->Product, Accuracy = 78.06%
2024-03-24 10:54:50:INFO:visdom:334513
2024-03-24 10:54:50:INFO:==========================================
gpu_id:0
s:Real_World
t:None
max_epoch:50
batch_size:64
worker:4
dset:office-home
lr:0.01
net:resnet50
output:san
lr_src:0.01
net_src:resnet50
output_src:san
seed:2022
bottleneck:256
layer:wn
classifier:bn
da:uda
topk:1
distill:False
ema:0.6
mix:1.0
timestamp:2024-03-20_19.00.31
use_file_logger:True
names:['Art', 'Clipart', 'Product', 'Real_World']
method:dine
class_num:65
s_dset_path:/data3/Shivangi/KUDA/data/office-home/image_list/Real_World.txt
t_dset_path:/data3/Shivangi/KUDA/data/office-home/image_list/Real_World.txt
test_dset_path:/data3/Shivangi/KUDA/data/office-home/image_list/Real_World.txt
output_dir_src:../checkpoints/DINE/2022/source/uda/

2024-03-24 10:57:22:INFO:Task: Real_World, Iter:330/3300; Accuracy = 80.51%
2024-03-24 10:59:56:INFO:Task: Real_World, Iter:660/3300; Accuracy = 82.56%
2024-03-24 11:02:26:INFO:Task: Real_World, Iter:990/3300; Accuracy = 84.62%
2024-03-24 11:04:59:INFO:Task: Real_World, Iter:1320/3300; Accuracy = 84.10%
2024-03-24 11:07:31:INFO:Task: Real_World, Iter:1650/3300; Accuracy = 85.13%
2024-03-24 11:10:00:INFO:Task: Real_World, Iter:1980/3300; Accuracy = 84.10%
2024-03-24 11:12:31:INFO:Task: Real_World, Iter:2310/3300; Accuracy = 83.59%
2024-03-24 11:15:02:INFO:Task: Real_World, Iter:2640/3300; Accuracy = 83.59%
2024-03-24 11:17:36:INFO:Task: Real_World, Iter:2970/3300; Accuracy = 85.13%
2024-03-24 11:20:03:INFO:Task: Real_World, Iter:3300/3300; Accuracy = 85.13%
2024-03-24 11:20:12:INFO:
Task: Real_World->Art, Accuracy = 65.93%
2024-03-24 11:20:20:INFO:
Task: Real_World->Clipart, Accuracy = 46.30%
2024-03-24 11:20:27:INFO:
Task: Real_World->Product, Accuracy = 77.97%
