2024-04-14 12:41:58:INFO:visdom:2034013
2024-04-14 12:41:58:INFO:==========================================
gpu_id:0
s:Product
t:Art
max_epoch:15
interval:15
batch_size:64
worker:4
dset:office-home
lr:0.01
net:resnet50
seed:2020
gent:True
ent:True
threshold:0
cls_par:0.3
ent_par:1.0
lr_decay1:0.1
lr_decay2:1.0
bottleneck:256
epsilon:1e-05
layer:wn
classifier:bn
distance:cosine
output:san
output_src:san
da:uda
issave:True
timestamp:2024-04-14_12.41.55
use_file_logger:True
names:['Art', 'Clipart', 'Product', 'Real_World']
use_train_transform:False
use_balanced_sampler:False
class_num:65
s_dset_path:../data/office-home/image_list/Product.txt
t_dset_path:../data/office-home/image_list/Art.txt
test_dset_path:../data/office-home/image_list/Art.txt
output_dir_src:../checkpoints/SHOT/source/uda/
output_dir:../checkpoints/SHOT/target/uda/
savename:par_0.3

2024-04-14 12:42:13:INFO:Accuracy = 52.66% -> 60.24%    Per_class_accuracy = 50.72% -> 57.64%
2024-04-14 12:42:27:INFO:Task: Product->Art, Iter:38/570; Accuracy = 64.65%    Per_class_accuracy=60.53
2024-04-14 12:42:35:INFO:Accuracy = 64.65% -> 66.63%    Per_class_accuracy = 60.53% -> 63.24%
2024-04-14 12:42:48:INFO:Task: Product->Art, Iter:76/570; Accuracy = 66.13%    Per_class_accuracy=62.07
2024-04-14 12:42:57:INFO:Accuracy = 66.13% -> 67.45%    Per_class_accuracy = 62.07% -> 63.89%
2024-04-14 12:43:09:INFO:Task: Product->Art, Iter:114/570; Accuracy = 67.28%    Per_class_accuracy=63.45
2024-04-14 12:43:18:INFO:Accuracy = 67.28% -> 67.33%    Per_class_accuracy = 63.45% -> 63.78%
2024-04-14 12:43:31:INFO:Task: Product->Art, Iter:152/570; Accuracy = 67.57%    Per_class_accuracy=63.76
2024-04-14 12:43:39:INFO:Accuracy = 67.57% -> 67.53%    Per_class_accuracy = 63.76% -> 63.94%
2024-04-14 12:43:52:INFO:Task: Product->Art, Iter:190/570; Accuracy = 67.70%    Per_class_accuracy=64.12
2024-04-14 12:44:01:INFO:Accuracy = 67.70% -> 67.61%    Per_class_accuracy = 64.12% -> 64.05%
2024-04-14 12:44:14:INFO:Task: Product->Art, Iter:228/570; Accuracy = 67.66%    Per_class_accuracy=64.13
2024-04-14 12:44:22:INFO:Accuracy = 67.66% -> 67.53%    Per_class_accuracy = 64.13% -> 64.03%
2024-04-14 12:44:35:INFO:Task: Product->Art, Iter:266/570; Accuracy = 67.66%    Per_class_accuracy=64.21
2024-04-14 12:44:44:INFO:Accuracy = 67.66% -> 67.57%    Per_class_accuracy = 64.21% -> 64.05%
2024-04-14 12:44:56:INFO:Task: Product->Art, Iter:304/570; Accuracy = 67.74%    Per_class_accuracy=64.26
2024-04-14 12:45:05:INFO:Accuracy = 67.74% -> 67.57%    Per_class_accuracy = 64.26% -> 64.05%
2024-04-14 12:45:19:INFO:Task: Product->Art, Iter:342/570; Accuracy = 67.74%    Per_class_accuracy=64.29
2024-04-14 12:45:27:INFO:Accuracy = 67.74% -> 67.53%    Per_class_accuracy = 64.29% -> 64.03%
2024-04-14 12:45:40:INFO:Task: Product->Art, Iter:380/570; Accuracy = 67.66%    Per_class_accuracy=64.20
2024-04-14 12:45:49:INFO:Accuracy = 67.66% -> 67.57%    Per_class_accuracy = 64.20% -> 64.05%
2024-04-14 12:46:01:INFO:Task: Product->Art, Iter:418/570; Accuracy = 67.66%    Per_class_accuracy=64.14
2024-04-14 12:46:09:INFO:Accuracy = 67.66% -> 67.49%    Per_class_accuracy = 64.14% -> 64.00%
2024-04-14 12:46:22:INFO:Task: Product->Art, Iter:456/570; Accuracy = 67.70%    Per_class_accuracy=64.17
2024-04-14 12:46:30:INFO:Accuracy = 67.70% -> 67.53%    Per_class_accuracy = 64.17% -> 64.01%
2024-04-14 12:46:44:INFO:Task: Product->Art, Iter:494/570; Accuracy = 67.78%    Per_class_accuracy=64.28
2024-04-14 12:46:52:INFO:Accuracy = 67.78% -> 67.49%    Per_class_accuracy = 64.28% -> 64.00%
2024-04-14 12:47:05:INFO:Task: Product->Art, Iter:532/570; Accuracy = 67.66%    Per_class_accuracy=64.10
2024-04-14 12:47:13:INFO:Accuracy = 67.66% -> 67.45%    Per_class_accuracy = 64.10% -> 63.97%
2024-04-14 12:47:27:INFO:Task: Product->Art, Iter:570/570; Accuracy = 67.61%    Per_class_accuracy=64.08
2024-04-14 12:47:27:INFO:==========================================
gpu_id:0
s:Product
t:Clipart
max_epoch:15
interval:15
batch_size:64
worker:4
dset:office-home
lr:0.01
net:resnet50
seed:2020
gent:True
ent:True
threshold:0
cls_par:0.3
ent_par:1.0
lr_decay1:0.1
lr_decay2:1.0
bottleneck:256
epsilon:1e-05
layer:wn
classifier:bn
distance:cosine
output:san
output_src:san
da:uda
issave:True
timestamp:2024-04-14_12.41.55
use_file_logger:True
names:['Art', 'Clipart', 'Product', 'Real_World']
use_train_transform:False
use_balanced_sampler:False
class_num:65
s_dset_path:../data/office-home/image_list/Product.txt
t_dset_path:../data/office-home/image_list/Clipart.txt
test_dset_path:../data/office-home/image_list/Clipart.txt
output_dir_src:../checkpoints/SHOT/source/uda/
output_dir:../checkpoints/SHOT/target/uda/
savename:par_0.3

2024-04-14 12:47:36:INFO:Accuracy = 40.53% -> 45.93%    Per_class_accuracy = 39.61% -> 45.67%
2024-04-14 12:47:55:INFO:Task: Product->Clipart, Iter:69/1035; Accuracy = 50.88%    Per_class_accuracy=49.83
2024-04-14 12:48:02:INFO:Accuracy = 50.88% -> 51.94%    Per_class_accuracy = 49.83% -> 51.17%
2024-04-14 12:48:18:INFO:Task: Product->Clipart, Iter:138/1035; Accuracy = 52.92%    Per_class_accuracy=51.75
2024-04-14 12:48:26:INFO:Accuracy = 52.92% -> 53.24%    Per_class_accuracy = 51.75% -> 52.35%
2024-04-14 12:48:42:INFO:Task: Product->Clipart, Iter:207/1035; Accuracy = 53.49%    Per_class_accuracy=52.23
2024-04-14 12:48:50:INFO:Accuracy = 53.49% -> 53.93%    Per_class_accuracy = 52.23% -> 52.94%
2024-04-14 12:49:09:INFO:Task: Product->Clipart, Iter:276/1035; Accuracy = 54.11%    Per_class_accuracy=52.97
2024-04-14 12:49:16:INFO:Accuracy = 54.11% -> 54.07%    Per_class_accuracy = 52.97% -> 53.13%
2024-04-14 12:49:30:INFO:Task: Product->Clipart, Iter:345/1035; Accuracy = 54.36%    Per_class_accuracy=53.30
2024-04-14 12:49:38:INFO:Accuracy = 54.36% -> 54.36%    Per_class_accuracy = 53.30% -> 53.45%
2024-04-14 12:49:53:INFO:Task: Product->Clipart, Iter:414/1035; Accuracy = 54.64%    Per_class_accuracy=53.72
2024-04-14 12:50:01:INFO:Accuracy = 54.64% -> 54.46%    Per_class_accuracy = 53.72% -> 53.56%
2024-04-14 12:50:17:INFO:Task: Product->Clipart, Iter:483/1035; Accuracy = 54.89%    Per_class_accuracy=53.88
2024-04-14 12:50:24:INFO:Accuracy = 54.89% -> 54.41%    Per_class_accuracy = 53.88% -> 53.54%
2024-04-14 12:50:39:INFO:Task: Product->Clipart, Iter:552/1035; Accuracy = 54.78%    Per_class_accuracy=53.76
2024-04-14 12:50:46:INFO:Accuracy = 54.78% -> 54.59%    Per_class_accuracy = 53.76% -> 53.70%
2024-04-14 12:51:01:INFO:Task: Product->Clipart, Iter:621/1035; Accuracy = 54.96%    Per_class_accuracy=53.96
2024-04-14 12:51:09:INFO:Accuracy = 54.96% -> 54.73%    Per_class_accuracy = 53.96% -> 53.88%
2024-04-14 12:51:24:INFO:Task: Product->Clipart, Iter:690/1035; Accuracy = 54.75%    Per_class_accuracy=53.84
2024-04-14 12:51:32:INFO:Accuracy = 54.75% -> 54.64%    Per_class_accuracy = 53.84% -> 53.77%
2024-04-14 12:51:48:INFO:Task: Product->Clipart, Iter:759/1035; Accuracy = 54.80%    Per_class_accuracy=53.94
2024-04-14 12:51:56:INFO:Accuracy = 54.80% -> 54.78%    Per_class_accuracy = 53.94% -> 54.00%
2024-04-14 12:52:12:INFO:Task: Product->Clipart, Iter:828/1035; Accuracy = 54.82%    Per_class_accuracy=53.97
2024-04-14 12:52:20:INFO:Accuracy = 54.82% -> 54.73%    Per_class_accuracy = 53.97% -> 53.92%
2024-04-14 12:52:37:INFO:Task: Product->Clipart, Iter:897/1035; Accuracy = 54.82%    Per_class_accuracy=53.98
2024-04-14 12:52:45:INFO:Accuracy = 54.82% -> 54.78%    Per_class_accuracy = 53.98% -> 53.95%
2024-04-14 12:53:03:INFO:Task: Product->Clipart, Iter:966/1035; Accuracy = 54.80%    Per_class_accuracy=53.90
2024-04-14 12:53:11:INFO:Accuracy = 54.80% -> 54.73%    Per_class_accuracy = 53.90% -> 53.89%
2024-04-14 12:53:30:INFO:Task: Product->Clipart, Iter:1035/1035; Accuracy = 54.75%    Per_class_accuracy=53.89
2024-04-14 12:53:30:INFO:==========================================
gpu_id:0
s:Product
t:Real_World
max_epoch:15
interval:15
batch_size:64
worker:4
dset:office-home
lr:0.01
net:resnet50
seed:2020
gent:True
ent:True
threshold:0
cls_par:0.3
ent_par:1.0
lr_decay1:0.1
lr_decay2:1.0
bottleneck:256
epsilon:1e-05
layer:wn
classifier:bn
distance:cosine
output:san
output_src:san
da:uda
issave:True
timestamp:2024-04-14_12.41.55
use_file_logger:True
names:['Art', 'Clipart', 'Product', 'Real_World']
use_train_transform:False
use_balanced_sampler:False
class_num:65
s_dset_path:../data/office-home/image_list/Product.txt
t_dset_path:../data/office-home/image_list/Real_World.txt
test_dset_path:../data/office-home/image_list/Real_World.txt
output_dir_src:../checkpoints/SHOT/source/uda/
output_dir:../checkpoints/SHOT/target/uda/
savename:par_0.3

2024-04-14 12:54:20:INFO:Accuracy = 72.09% -> 78.70%    Per_class_accuracy = 70.99% -> 77.71%
2024-04-14 12:55:25:INFO:Task: Product->Real_World, Iter:69/1035; Accuracy = 80.10%    Per_class_accuracy=78.99
2024-04-14 12:56:00:INFO:Accuracy = 80.10% -> 80.97%    Per_class_accuracy = 78.99% -> 80.01%
2024-04-14 12:57:02:INFO:Task: Product->Real_World, Iter:138/1035; Accuracy = 81.36%    Per_class_accuracy=80.25
2024-04-14 12:57:38:INFO:Accuracy = 81.36% -> 81.64%    Per_class_accuracy = 80.25% -> 80.58%
2024-04-14 12:58:41:INFO:Task: Product->Real_World, Iter:207/1035; Accuracy = 81.64%    Per_class_accuracy=80.59
2024-04-14 12:59:16:INFO:Accuracy = 81.64% -> 81.41%    Per_class_accuracy = 80.59% -> 80.36%
2024-04-14 13:00:17:INFO:Task: Product->Real_World, Iter:276/1035; Accuracy = 81.57%    Per_class_accuracy=80.56
2024-04-14 13:00:51:INFO:Accuracy = 81.57% -> 81.43%    Per_class_accuracy = 80.56% -> 80.39%
2024-04-14 13:01:50:INFO:Task: Product->Real_World, Iter:345/1035; Accuracy = 81.78%    Per_class_accuracy=80.76
2024-04-14 13:02:24:INFO:Accuracy = 81.78% -> 81.66%    Per_class_accuracy = 80.76% -> 80.62%
2024-04-14 13:03:22:INFO:Task: Product->Real_World, Iter:414/1035; Accuracy = 81.64%    Per_class_accuracy=80.61
2024-04-14 13:03:59:INFO:Accuracy = 81.64% -> 81.64%    Per_class_accuracy = 80.61% -> 80.59%
2024-04-14 13:05:01:INFO:Task: Product->Real_World, Iter:483/1035; Accuracy = 81.57%    Per_class_accuracy=80.51
2024-04-14 13:05:40:INFO:Accuracy = 81.57% -> 81.62%    Per_class_accuracy = 80.51% -> 80.57%
2024-04-14 13:06:39:INFO:Task: Product->Real_World, Iter:552/1035; Accuracy = 81.55%    Per_class_accuracy=80.53
2024-04-14 13:07:14:INFO:Accuracy = 81.55% -> 81.64%    Per_class_accuracy = 80.53% -> 80.63%
2024-04-14 13:08:15:INFO:Task: Product->Real_World, Iter:621/1035; Accuracy = 81.75%    Per_class_accuracy=80.77
2024-04-14 13:08:49:INFO:Accuracy = 81.75% -> 81.66%    Per_class_accuracy = 80.77% -> 80.66%
2024-04-14 13:09:50:INFO:Task: Product->Real_World, Iter:690/1035; Accuracy = 81.68%    Per_class_accuracy=80.70
2024-04-14 13:10:24:INFO:Accuracy = 81.68% -> 81.68%    Per_class_accuracy = 80.70% -> 80.68%
2024-04-14 13:11:27:INFO:Task: Product->Real_World, Iter:759/1035; Accuracy = 81.64%    Per_class_accuracy=80.61
2024-04-14 13:11:59:INFO:Accuracy = 81.64% -> 81.59%    Per_class_accuracy = 80.61% -> 80.58%
2024-04-14 13:13:02:INFO:Task: Product->Real_World, Iter:828/1035; Accuracy = 81.68%    Per_class_accuracy=80.64
2024-04-14 13:13:36:INFO:Accuracy = 81.68% -> 81.62%    Per_class_accuracy = 80.64% -> 80.60%
2024-04-14 13:14:36:INFO:Task: Product->Real_World, Iter:897/1035; Accuracy = 81.64%    Per_class_accuracy=80.64
2024-04-14 13:15:11:INFO:Accuracy = 81.64% -> 81.59%    Per_class_accuracy = 80.64% -> 80.58%
2024-04-14 13:16:12:INFO:Task: Product->Real_World, Iter:966/1035; Accuracy = 81.73%    Per_class_accuracy=80.67
2024-04-14 13:16:46:INFO:Accuracy = 81.73% -> 81.66%    Per_class_accuracy = 80.67% -> 80.65%
2024-04-14 13:17:47:INFO:Task: Product->Real_World, Iter:1035/1035; Accuracy = 81.71%    Per_class_accuracy=80.70
2024-04-14 14:47:49:INFO:visdom:2577205
2024-04-14 14:47:49:INFO:==========================================
gpu_id:0
s:Product
t:Art
max_epoch:15
interval:15
batch_size:64
worker:4
dset:office-home
lr:0.01
net:resnet50
seed:2021
gent:True
ent:True
threshold:0
cls_par:0.3
ent_par:1.0
lr_decay1:0.1
lr_decay2:1.0
bottleneck:256
epsilon:1e-05
layer:wn
classifier:bn
distance:cosine
output:san
output_src:san
da:uda
issave:True
timestamp:2024-04-14_12.41.55
use_file_logger:True
names:['Art', 'Clipart', 'Product', 'Real_World']
use_train_transform:False
use_balanced_sampler:False
class_num:65
s_dset_path:../data/office-home/image_list/Product.txt
t_dset_path:../data/office-home/image_list/Art.txt
test_dset_path:../data/office-home/image_list/Art.txt
output_dir_src:../checkpoints/SHOT/source/uda/
output_dir:../checkpoints/SHOT/target/uda/
savename:par_0.3

2024-04-14 14:48:02:INFO:Accuracy = 52.66% -> 60.24%    Per_class_accuracy = 50.72% -> 57.64%
2024-04-14 14:48:17:INFO:Task: Product->Art, Iter:38/570; Accuracy = 64.40%    Per_class_accuracy=60.38
2024-04-14 14:48:25:INFO:Accuracy = 64.40% -> 66.96%    Per_class_accuracy = 60.38% -> 63.75%
2024-04-14 14:48:38:INFO:Task: Product->Art, Iter:76/570; Accuracy = 66.42%    Per_class_accuracy=62.12
2024-04-14 14:48:46:INFO:Accuracy = 66.42% -> 67.41%    Per_class_accuracy = 62.12% -> 63.74%
2024-04-14 14:48:59:INFO:Task: Product->Art, Iter:114/570; Accuracy = 67.00%    Per_class_accuracy=63.03
2024-04-14 14:49:07:INFO:Accuracy = 67.00% -> 67.66%    Per_class_accuracy = 63.03% -> 64.00%
2024-04-14 14:49:19:INFO:Task: Product->Art, Iter:152/570; Accuracy = 67.57%    Per_class_accuracy=63.72
2024-04-14 14:49:27:INFO:Accuracy = 67.57% -> 67.66%    Per_class_accuracy = 63.72% -> 63.97%
2024-04-14 14:49:40:INFO:Task: Product->Art, Iter:190/570; Accuracy = 67.33%    Per_class_accuracy=63.63
2024-04-14 14:49:47:INFO:Accuracy = 67.33% -> 67.70%    Per_class_accuracy = 63.63% -> 64.00%
2024-04-14 14:50:00:INFO:Task: Product->Art, Iter:228/570; Accuracy = 67.61%    Per_class_accuracy=64.07
2024-04-14 14:50:07:INFO:Accuracy = 67.61% -> 67.53%    Per_class_accuracy = 64.07% -> 63.91%
2024-04-14 14:50:20:INFO:Task: Product->Art, Iter:266/570; Accuracy = 67.90%    Per_class_accuracy=64.32
2024-04-14 14:50:28:INFO:Accuracy = 67.90% -> 67.90%    Per_class_accuracy = 64.32% -> 64.26%
2024-04-14 14:50:41:INFO:Task: Product->Art, Iter:304/570; Accuracy = 67.82%    Per_class_accuracy=64.18
2024-04-14 14:50:49:INFO:Accuracy = 67.82% -> 67.99%    Per_class_accuracy = 64.18% -> 64.37%
2024-04-14 14:51:02:INFO:Task: Product->Art, Iter:342/570; Accuracy = 68.03%    Per_class_accuracy=64.52
2024-04-14 14:51:09:INFO:Accuracy = 68.03% -> 68.03%    Per_class_accuracy = 64.52% -> 64.45%
2024-04-14 14:51:22:INFO:Task: Product->Art, Iter:380/570; Accuracy = 68.03%    Per_class_accuracy=64.54
2024-04-14 14:51:29:INFO:Accuracy = 68.03% -> 67.99%    Per_class_accuracy = 64.54% -> 64.41%
2024-04-14 14:51:41:INFO:Task: Product->Art, Iter:418/570; Accuracy = 68.07%    Per_class_accuracy=64.61
2024-04-14 14:51:49:INFO:Accuracy = 68.07% -> 68.07%    Per_class_accuracy = 64.61% -> 64.48%
2024-04-14 14:52:02:INFO:Task: Product->Art, Iter:456/570; Accuracy = 67.99%    Per_class_accuracy=64.49
2024-04-14 14:52:10:INFO:Accuracy = 67.99% -> 68.07%    Per_class_accuracy = 64.49% -> 64.48%
2024-04-14 14:52:23:INFO:Task: Product->Art, Iter:494/570; Accuracy = 68.07%    Per_class_accuracy=64.58
2024-04-14 14:52:32:INFO:Accuracy = 68.07% -> 68.07%    Per_class_accuracy = 64.58% -> 64.48%
2024-04-14 14:52:44:INFO:Task: Product->Art, Iter:532/570; Accuracy = 68.15%    Per_class_accuracy=64.65
2024-04-14 14:52:52:INFO:Accuracy = 68.15% -> 68.15%    Per_class_accuracy = 64.65% -> 64.55%
2024-04-14 14:53:06:INFO:Task: Product->Art, Iter:570/570; Accuracy = 68.19%    Per_class_accuracy=64.68
2024-04-14 14:53:06:INFO:==========================================
gpu_id:0
s:Product
t:Clipart
max_epoch:15
interval:15
batch_size:64
worker:4
dset:office-home
lr:0.01
net:resnet50
seed:2021
gent:True
ent:True
threshold:0
cls_par:0.3
ent_par:1.0
lr_decay1:0.1
lr_decay2:1.0
bottleneck:256
epsilon:1e-05
layer:wn
classifier:bn
distance:cosine
output:san
output_src:san
da:uda
issave:True
timestamp:2024-04-14_12.41.55
use_file_logger:True
names:['Art', 'Clipart', 'Product', 'Real_World']
use_train_transform:False
use_balanced_sampler:False
class_num:65
s_dset_path:../data/office-home/image_list/Product.txt
t_dset_path:../data/office-home/image_list/Clipart.txt
test_dset_path:../data/office-home/image_list/Clipart.txt
output_dir_src:../checkpoints/SHOT/source/uda/
output_dir:../checkpoints/SHOT/target/uda/
savename:par_0.3

2024-04-14 14:53:14:INFO:Accuracy = 40.53% -> 45.93%    Per_class_accuracy = 39.61% -> 45.67%
2024-04-14 14:53:31:INFO:Task: Product->Clipart, Iter:69/1035; Accuracy = 50.88%    Per_class_accuracy=49.44
2024-04-14 14:53:38:INFO:Accuracy = 50.88% -> 51.59%    Per_class_accuracy = 49.44% -> 50.82%
2024-04-14 14:53:53:INFO:Task: Product->Clipart, Iter:138/1035; Accuracy = 53.20%    Per_class_accuracy=51.92
2024-04-14 14:53:59:INFO:Accuracy = 53.20% -> 52.97%    Per_class_accuracy = 51.92% -> 52.07%
2024-04-14 14:54:14:INFO:Task: Product->Clipart, Iter:207/1035; Accuracy = 53.61%    Per_class_accuracy=52.38
2024-04-14 14:54:21:INFO:Accuracy = 53.61% -> 53.45%    Per_class_accuracy = 52.38% -> 52.64%
2024-04-14 14:54:38:INFO:Task: Product->Clipart, Iter:276/1035; Accuracy = 54.11%    Per_class_accuracy=53.07
2024-04-14 14:54:45:INFO:Accuracy = 54.11% -> 54.11%    Per_class_accuracy = 53.07% -> 53.25%
2024-04-14 14:54:59:INFO:Task: Product->Clipart, Iter:345/1035; Accuracy = 54.25%    Per_class_accuracy=53.34
2024-04-14 14:55:06:INFO:Accuracy = 54.25% -> 54.04%    Per_class_accuracy = 53.34% -> 53.27%
2024-04-14 14:55:22:INFO:Task: Product->Clipart, Iter:414/1035; Accuracy = 54.57%    Per_class_accuracy=53.71
2024-04-14 14:55:28:INFO:Accuracy = 54.57% -> 54.34%    Per_class_accuracy = 53.71% -> 53.56%
2024-04-14 14:55:45:INFO:Task: Product->Clipart, Iter:483/1035; Accuracy = 54.52%    Per_class_accuracy=53.63
2024-04-14 14:55:53:INFO:Accuracy = 54.52% -> 54.27%    Per_class_accuracy = 53.63% -> 53.49%
2024-04-14 14:56:07:INFO:Task: Product->Clipart, Iter:552/1035; Accuracy = 54.41%    Per_class_accuracy=53.52
2024-04-14 14:56:14:INFO:Accuracy = 54.41% -> 54.30%    Per_class_accuracy = 53.52% -> 53.52%
2024-04-14 14:56:29:INFO:Task: Product->Clipart, Iter:621/1035; Accuracy = 54.48%    Per_class_accuracy=53.65
2024-04-14 14:56:37:INFO:Accuracy = 54.48% -> 54.36%    Per_class_accuracy = 53.65% -> 53.59%
2024-04-14 14:56:54:INFO:Task: Product->Clipart, Iter:690/1035; Accuracy = 54.46%    Per_class_accuracy=53.62
2024-04-14 14:57:02:INFO:Accuracy = 54.46% -> 54.41%    Per_class_accuracy = 53.62% -> 53.62%
2024-04-14 14:57:16:INFO:Task: Product->Clipart, Iter:759/1035; Accuracy = 54.59%    Per_class_accuracy=53.77
2024-04-14 14:57:23:INFO:Accuracy = 54.59% -> 54.48%    Per_class_accuracy = 53.77% -> 53.69%
2024-04-14 14:57:37:INFO:Task: Product->Clipart, Iter:828/1035; Accuracy = 54.52%    Per_class_accuracy=53.72
2024-04-14 14:57:45:INFO:Accuracy = 54.52% -> 54.46%    Per_class_accuracy = 53.72% -> 53.66%
2024-04-14 14:58:02:INFO:Task: Product->Clipart, Iter:897/1035; Accuracy = 54.57%    Per_class_accuracy=53.74
2024-04-14 14:58:09:INFO:Accuracy = 54.57% -> 54.50%    Per_class_accuracy = 53.74% -> 53.69%
2024-04-14 14:58:23:INFO:Task: Product->Clipart, Iter:966/1035; Accuracy = 54.55%    Per_class_accuracy=53.73
2024-04-14 14:58:31:INFO:Accuracy = 54.55% -> 54.48%    Per_class_accuracy = 53.73% -> 53.67%
2024-04-14 14:58:44:INFO:Task: Product->Clipart, Iter:1035/1035; Accuracy = 54.64%    Per_class_accuracy=53.82
2024-04-14 14:58:45:INFO:==========================================
gpu_id:0
s:Product
t:Real_World
max_epoch:15
interval:15
batch_size:64
worker:4
dset:office-home
lr:0.01
net:resnet50
seed:2021
gent:True
ent:True
threshold:0
cls_par:0.3
ent_par:1.0
lr_decay1:0.1
lr_decay2:1.0
bottleneck:256
epsilon:1e-05
layer:wn
classifier:bn
distance:cosine
output:san
output_src:san
da:uda
issave:True
timestamp:2024-04-14_12.41.55
use_file_logger:True
names:['Art', 'Clipart', 'Product', 'Real_World']
use_train_transform:False
use_balanced_sampler:False
class_num:65
s_dset_path:../data/office-home/image_list/Product.txt
t_dset_path:../data/office-home/image_list/Real_World.txt
test_dset_path:../data/office-home/image_list/Real_World.txt
output_dir_src:../checkpoints/SHOT/source/uda/
output_dir:../checkpoints/SHOT/target/uda/
savename:par_0.3

2024-04-14 14:59:18:INFO:Accuracy = 72.09% -> 78.70%    Per_class_accuracy = 70.99% -> 77.71%
2024-04-14 15:00:26:INFO:Task: Product->Real_World, Iter:69/1035; Accuracy = 80.06%    Per_class_accuracy=79.00
2024-04-14 15:01:02:INFO:Accuracy = 80.06% -> 81.09%    Per_class_accuracy = 79.00% -> 80.07%
2024-04-14 15:02:01:INFO:Task: Product->Real_World, Iter:138/1035; Accuracy = 81.23%    Per_class_accuracy=80.21
2024-04-14 15:02:35:INFO:Accuracy = 81.23% -> 81.59%    Per_class_accuracy = 80.21% -> 80.55%
2024-04-14 15:03:37:INFO:Task: Product->Real_World, Iter:207/1035; Accuracy = 81.52%    Per_class_accuracy=80.55
2024-04-14 15:04:15:INFO:Accuracy = 81.52% -> 81.94%    Per_class_accuracy = 80.55% -> 80.90%
2024-04-14 15:05:14:INFO:Task: Product->Real_World, Iter:276/1035; Accuracy = 81.71%    Per_class_accuracy=80.70
2024-04-14 15:05:52:INFO:Accuracy = 81.71% -> 81.87%    Per_class_accuracy = 80.70% -> 80.83%
2024-04-14 15:06:54:INFO:Task: Product->Real_World, Iter:345/1035; Accuracy = 81.80%    Per_class_accuracy=80.80
2024-04-14 15:07:29:INFO:Accuracy = 81.80% -> 81.87%    Per_class_accuracy = 80.80% -> 80.81%
2024-04-14 15:08:29:INFO:Task: Product->Real_World, Iter:414/1035; Accuracy = 82.03%    Per_class_accuracy=81.05
2024-04-14 15:09:03:INFO:Accuracy = 82.03% -> 81.96%    Per_class_accuracy = 81.05% -> 80.89%
2024-04-14 15:10:06:INFO:Task: Product->Real_World, Iter:483/1035; Accuracy = 81.89%    Per_class_accuracy=80.84
2024-04-14 15:10:41:INFO:Accuracy = 81.89% -> 81.94%    Per_class_accuracy = 80.84% -> 80.87%
2024-04-14 15:11:40:INFO:Task: Product->Real_World, Iter:552/1035; Accuracy = 81.89%    Per_class_accuracy=80.85
2024-04-14 15:12:15:INFO:Accuracy = 81.89% -> 81.89%    Per_class_accuracy = 80.85% -> 80.82%
2024-04-14 15:13:19:INFO:Task: Product->Real_World, Iter:621/1035; Accuracy = 82.07%    Per_class_accuracy=81.03
2024-04-14 15:13:52:INFO:Accuracy = 82.07% -> 81.96%    Per_class_accuracy = 81.03% -> 80.88%
2024-04-14 15:14:52:INFO:Task: Product->Real_World, Iter:690/1035; Accuracy = 82.07%    Per_class_accuracy=81.06
2024-04-14 15:15:26:INFO:Accuracy = 82.07% -> 81.98%    Per_class_accuracy = 81.06% -> 80.92%
2024-04-14 15:16:24:INFO:Task: Product->Real_World, Iter:759/1035; Accuracy = 81.94%    Per_class_accuracy=80.89
2024-04-14 15:16:58:INFO:Accuracy = 81.94% -> 81.94%    Per_class_accuracy = 80.89% -> 80.88%
2024-04-14 15:18:04:INFO:Task: Product->Real_World, Iter:828/1035; Accuracy = 81.91%    Per_class_accuracy=80.87
2024-04-14 15:18:35:INFO:Accuracy = 81.91% -> 82.01%    Per_class_accuracy = 80.87% -> 80.94%
2024-04-14 15:19:38:INFO:Task: Product->Real_World, Iter:897/1035; Accuracy = 81.98%    Per_class_accuracy=80.92
2024-04-14 15:20:18:INFO:Accuracy = 81.98% -> 81.98%    Per_class_accuracy = 80.92% -> 80.93%
2024-04-14 15:21:21:INFO:Task: Product->Real_World, Iter:966/1035; Accuracy = 81.98%    Per_class_accuracy=80.94
2024-04-14 15:21:59:INFO:Accuracy = 81.98% -> 82.01%    Per_class_accuracy = 80.94% -> 80.94%
2024-04-14 15:23:00:INFO:Task: Product->Real_World, Iter:1035/1035; Accuracy = 81.96%    Per_class_accuracy=80.92
2024-04-14 16:51:24:INFO:visdom:3069877
2024-04-14 16:51:24:INFO:==========================================
gpu_id:0
s:Product
t:Art
max_epoch:15
interval:15
batch_size:64
worker:4
dset:office-home
lr:0.01
net:resnet50
seed:2022
gent:True
ent:True
threshold:0
cls_par:0.3
ent_par:1.0
lr_decay1:0.1
lr_decay2:1.0
bottleneck:256
epsilon:1e-05
layer:wn
classifier:bn
distance:cosine
output:san
output_src:san
da:uda
issave:True
timestamp:2024-04-14_12.41.55
use_file_logger:True
names:['Art', 'Clipart', 'Product', 'Real_World']
use_train_transform:False
use_balanced_sampler:False
class_num:65
s_dset_path:../data/office-home/image_list/Product.txt
t_dset_path:../data/office-home/image_list/Art.txt
test_dset_path:../data/office-home/image_list/Art.txt
output_dir_src:../checkpoints/SHOT/source/uda/
output_dir:../checkpoints/SHOT/target/uda/
savename:par_0.3

2024-04-14 16:51:33:INFO:Accuracy = 52.66% -> 60.24%    Per_class_accuracy = 50.72% -> 57.64%
2024-04-14 16:51:47:INFO:Task: Product->Art, Iter:38/570; Accuracy = 63.91%    Per_class_accuracy=59.51
2024-04-14 16:51:55:INFO:Accuracy = 63.91% -> 66.79%    Per_class_accuracy = 59.51% -> 63.21%
2024-04-14 16:52:07:INFO:Task: Product->Art, Iter:76/570; Accuracy = 65.72%    Per_class_accuracy=61.10
2024-04-14 16:52:15:INFO:Accuracy = 65.72% -> 67.20%    Per_class_accuracy = 61.10% -> 63.34%
2024-04-14 16:52:27:INFO:Task: Product->Art, Iter:114/570; Accuracy = 66.91%    Per_class_accuracy=62.63
2024-04-14 16:52:35:INFO:Accuracy = 66.91% -> 67.53%    Per_class_accuracy = 62.63% -> 63.85%
2024-04-14 16:52:47:INFO:Task: Product->Art, Iter:152/570; Accuracy = 67.66%    Per_class_accuracy=63.85
2024-04-14 16:52:55:INFO:Accuracy = 67.66% -> 67.57%    Per_class_accuracy = 63.85% -> 63.90%
2024-04-14 16:53:08:INFO:Task: Product->Art, Iter:190/570; Accuracy = 67.33%    Per_class_accuracy=63.74
2024-04-14 16:53:16:INFO:Accuracy = 67.33% -> 67.49%    Per_class_accuracy = 63.74% -> 63.92%
2024-04-14 16:53:27:INFO:Task: Product->Art, Iter:228/570; Accuracy = 67.33%    Per_class_accuracy=63.77
2024-04-14 16:53:35:INFO:Accuracy = 67.33% -> 67.49%    Per_class_accuracy = 63.77% -> 64.01%
2024-04-14 16:53:47:INFO:Task: Product->Art, Iter:266/570; Accuracy = 67.49%    Per_class_accuracy=63.97
2024-04-14 16:53:54:INFO:Accuracy = 67.49% -> 67.53%    Per_class_accuracy = 63.97% -> 64.09%
2024-04-14 16:54:06:INFO:Task: Product->Art, Iter:304/570; Accuracy = 67.61%    Per_class_accuracy=64.08
2024-04-14 16:54:14:INFO:Accuracy = 67.61% -> 67.49%    Per_class_accuracy = 64.08% -> 64.03%
2024-04-14 16:54:26:INFO:Task: Product->Art, Iter:342/570; Accuracy = 67.53%    Per_class_accuracy=64.04
2024-04-14 16:54:35:INFO:Accuracy = 67.53% -> 67.53%    Per_class_accuracy = 64.04% -> 64.07%
2024-04-14 16:54:46:INFO:Task: Product->Art, Iter:380/570; Accuracy = 67.57%    Per_class_accuracy=64.13
2024-04-14 16:54:54:INFO:Accuracy = 67.57% -> 67.53%    Per_class_accuracy = 64.13% -> 64.05%
2024-04-14 16:55:05:INFO:Task: Product->Art, Iter:418/570; Accuracy = 67.57%    Per_class_accuracy=64.17
2024-04-14 16:55:13:INFO:Accuracy = 67.57% -> 67.57%    Per_class_accuracy = 64.17% -> 64.09%
2024-04-14 16:55:26:INFO:Task: Product->Art, Iter:456/570; Accuracy = 67.53%    Per_class_accuracy=64.08
2024-04-14 16:55:34:INFO:Accuracy = 67.53% -> 67.53%    Per_class_accuracy = 64.08% -> 64.07%
2024-04-14 16:55:46:INFO:Task: Product->Art, Iter:494/570; Accuracy = 67.57%    Per_class_accuracy=64.17
2024-04-14 16:55:53:INFO:Accuracy = 67.57% -> 67.57%    Per_class_accuracy = 64.17% -> 64.11%
2024-04-14 16:56:04:INFO:Task: Product->Art, Iter:532/570; Accuracy = 67.49%    Per_class_accuracy=64.11
2024-04-14 16:56:12:INFO:Accuracy = 67.49% -> 67.49%    Per_class_accuracy = 64.11% -> 64.05%
2024-04-14 16:56:24:INFO:Task: Product->Art, Iter:570/570; Accuracy = 67.57%    Per_class_accuracy=64.16
2024-04-14 16:56:24:INFO:==========================================
gpu_id:0
s:Product
t:Clipart
max_epoch:15
interval:15
batch_size:64
worker:4
dset:office-home
lr:0.01
net:resnet50
seed:2022
gent:True
ent:True
threshold:0
cls_par:0.3
ent_par:1.0
lr_decay1:0.1
lr_decay2:1.0
bottleneck:256
epsilon:1e-05
layer:wn
classifier:bn
distance:cosine
output:san
output_src:san
da:uda
issave:True
timestamp:2024-04-14_12.41.55
use_file_logger:True
names:['Art', 'Clipart', 'Product', 'Real_World']
use_train_transform:False
use_balanced_sampler:False
class_num:65
s_dset_path:../data/office-home/image_list/Product.txt
t_dset_path:../data/office-home/image_list/Clipart.txt
test_dset_path:../data/office-home/image_list/Clipart.txt
output_dir_src:../checkpoints/SHOT/source/uda/
output_dir:../checkpoints/SHOT/target/uda/
savename:par_0.3

2024-04-14 16:56:32:INFO:Accuracy = 40.53% -> 45.93%    Per_class_accuracy = 39.61% -> 45.67%
2024-04-14 16:56:46:INFO:Task: Product->Clipart, Iter:69/1035; Accuracy = 51.20%    Per_class_accuracy=49.94
2024-04-14 16:56:53:INFO:Accuracy = 51.20% -> 51.55%    Per_class_accuracy = 49.94% -> 50.98%
2024-04-14 16:57:06:INFO:Task: Product->Clipart, Iter:138/1035; Accuracy = 52.74%    Per_class_accuracy=51.58
2024-04-14 16:57:14:INFO:Accuracy = 52.74% -> 52.67%    Per_class_accuracy = 51.58% -> 51.87%
2024-04-14 16:57:28:INFO:Task: Product->Clipart, Iter:207/1035; Accuracy = 53.54%    Per_class_accuracy=52.52
2024-04-14 16:57:35:INFO:Accuracy = 53.54% -> 53.10%    Per_class_accuracy = 52.52% -> 52.36%
2024-04-14 16:57:47:INFO:Task: Product->Clipart, Iter:276/1035; Accuracy = 53.77%    Per_class_accuracy=52.70
2024-04-14 16:57:54:INFO:Accuracy = 53.77% -> 53.22%    Per_class_accuracy = 52.70% -> 52.40%
2024-04-14 16:58:07:INFO:Task: Product->Clipart, Iter:345/1035; Accuracy = 54.20%    Per_class_accuracy=53.18
2024-04-14 16:58:14:INFO:Accuracy = 54.20% -> 53.72%    Per_class_accuracy = 53.18% -> 52.95%
2024-04-14 16:58:27:INFO:Task: Product->Clipart, Iter:414/1035; Accuracy = 54.20%    Per_class_accuracy=53.22
2024-04-14 16:58:35:INFO:Accuracy = 54.20% -> 53.72%    Per_class_accuracy = 53.22% -> 52.88%
2024-04-14 16:58:49:INFO:Task: Product->Clipart, Iter:483/1035; Accuracy = 54.18%    Per_class_accuracy=53.20
2024-04-14 16:58:57:INFO:Accuracy = 54.18% -> 54.00%    Per_class_accuracy = 53.20% -> 53.15%
2024-04-14 16:59:09:INFO:Task: Product->Clipart, Iter:552/1035; Accuracy = 54.00%    Per_class_accuracy=53.17
2024-04-14 16:59:17:INFO:Accuracy = 54.00% -> 53.81%    Per_class_accuracy = 53.17% -> 53.00%
2024-04-14 16:59:29:INFO:Task: Product->Clipart, Iter:621/1035; Accuracy = 54.14%    Per_class_accuracy=53.29
2024-04-14 16:59:37:INFO:Accuracy = 54.14% -> 53.91%    Per_class_accuracy = 53.29% -> 53.13%
2024-04-14 16:59:50:INFO:Task: Product->Clipart, Iter:690/1035; Accuracy = 54.14%    Per_class_accuracy=53.32
2024-04-14 16:59:56:INFO:Accuracy = 54.14% -> 53.91%    Per_class_accuracy = 53.32% -> 53.19%
2024-04-14 17:00:10:INFO:Task: Product->Clipart, Iter:759/1035; Accuracy = 54.00%    Per_class_accuracy=53.24
2024-04-14 17:00:17:INFO:Accuracy = 54.00% -> 53.86%    Per_class_accuracy = 53.24% -> 53.16%
2024-04-14 17:00:30:INFO:Task: Product->Clipart, Iter:828/1035; Accuracy = 54.04%    Per_class_accuracy=53.33
2024-04-14 17:00:37:INFO:Accuracy = 54.04% -> 53.91%    Per_class_accuracy = 53.33% -> 53.22%
2024-04-14 17:00:50:INFO:Task: Product->Clipart, Iter:897/1035; Accuracy = 54.02%    Per_class_accuracy=53.29
2024-04-14 17:00:57:INFO:Accuracy = 54.02% -> 53.84%    Per_class_accuracy = 53.29% -> 53.15%
2024-04-14 17:01:10:INFO:Task: Product->Clipart, Iter:966/1035; Accuracy = 54.11%    Per_class_accuracy=53.41
2024-04-14 17:01:17:INFO:Accuracy = 54.11% -> 53.93%    Per_class_accuracy = 53.41% -> 53.23%
2024-04-14 17:01:30:INFO:Task: Product->Clipart, Iter:1035/1035; Accuracy = 53.95%    Per_class_accuracy=53.27
2024-04-14 17:01:31:INFO:==========================================
gpu_id:0
s:Product
t:Real_World
max_epoch:15
interval:15
batch_size:64
worker:4
dset:office-home
lr:0.01
net:resnet50
seed:2022
gent:True
ent:True
threshold:0
cls_par:0.3
ent_par:1.0
lr_decay1:0.1
lr_decay2:1.0
bottleneck:256
epsilon:1e-05
layer:wn
classifier:bn
distance:cosine
output:san
output_src:san
da:uda
issave:True
timestamp:2024-04-14_12.41.55
use_file_logger:True
names:['Art', 'Clipart', 'Product', 'Real_World']
use_train_transform:False
use_balanced_sampler:False
class_num:65
s_dset_path:../data/office-home/image_list/Product.txt
t_dset_path:../data/office-home/image_list/Real_World.txt
test_dset_path:../data/office-home/image_list/Real_World.txt
output_dir_src:../checkpoints/SHOT/source/uda/
output_dir:../checkpoints/SHOT/target/uda/
savename:par_0.3

2024-04-14 17:02:04:INFO:Accuracy = 72.09% -> 78.70%    Per_class_accuracy = 70.99% -> 77.71%
2024-04-14 17:03:06:INFO:Task: Product->Real_World, Iter:69/1035; Accuracy = 80.70%    Per_class_accuracy=79.68
2024-04-14 17:03:37:INFO:Accuracy = 80.70% -> 81.04%    Per_class_accuracy = 79.68% -> 80.13%
2024-04-14 17:04:33:INFO:Task: Product->Real_World, Iter:138/1035; Accuracy = 81.55%    Per_class_accuracy=80.47
2024-04-14 17:05:08:INFO:Accuracy = 81.55% -> 81.78%    Per_class_accuracy = 80.47% -> 80.74%
2024-04-14 17:06:05:INFO:Task: Product->Real_World, Iter:207/1035; Accuracy = 82.03%    Per_class_accuracy=80.97
2024-04-14 17:06:40:INFO:Accuracy = 82.03% -> 82.37%    Per_class_accuracy = 80.97% -> 81.34%
2024-04-14 17:07:38:INFO:Task: Product->Real_World, Iter:276/1035; Accuracy = 82.17%    Per_class_accuracy=81.11
2024-04-14 17:08:13:INFO:Accuracy = 82.17% -> 82.19%    Per_class_accuracy = 81.11% -> 81.14%
2024-04-14 17:09:11:INFO:Task: Product->Real_World, Iter:345/1035; Accuracy = 82.24%    Per_class_accuracy=81.15
2024-04-14 17:09:41:INFO:Accuracy = 82.24% -> 82.26%    Per_class_accuracy = 81.15% -> 81.18%
2024-04-14 17:10:34:INFO:Task: Product->Real_World, Iter:414/1035; Accuracy = 82.17%    Per_class_accuracy=81.07
2024-04-14 17:11:03:INFO:Accuracy = 82.17% -> 82.24%    Per_class_accuracy = 81.07% -> 81.19%
2024-04-14 17:12:03:INFO:Task: Product->Real_World, Iter:483/1035; Accuracy = 82.44%    Per_class_accuracy=81.38
2024-04-14 17:12:37:INFO:Accuracy = 82.44% -> 82.37%    Per_class_accuracy = 81.38% -> 81.33%
2024-04-14 17:13:35:INFO:Task: Product->Real_World, Iter:552/1035; Accuracy = 82.35%    Per_class_accuracy=81.31
2024-04-14 17:14:08:INFO:Accuracy = 82.35% -> 82.37%    Per_class_accuracy = 81.31% -> 81.34%
2024-04-14 17:15:04:INFO:Task: Product->Real_World, Iter:621/1035; Accuracy = 82.42%    Per_class_accuracy=81.39
2024-04-14 17:15:35:INFO:Accuracy = 82.42% -> 82.42%    Per_class_accuracy = 81.39% -> 81.38%
2024-04-14 17:16:30:INFO:Task: Product->Real_World, Iter:690/1035; Accuracy = 82.46%    Per_class_accuracy=81.41
2024-04-14 17:17:01:INFO:Accuracy = 82.46% -> 82.40%    Per_class_accuracy = 81.41% -> 81.37%
2024-04-14 17:17:53:INFO:Task: Product->Real_World, Iter:759/1035; Accuracy = 82.30%    Per_class_accuracy=81.28
2024-04-14 17:18:23:INFO:Accuracy = 82.30% -> 82.26%    Per_class_accuracy = 81.28% -> 81.23%
2024-04-14 17:19:19:INFO:Task: Product->Real_World, Iter:828/1035; Accuracy = 82.40%    Per_class_accuracy=81.35
2024-04-14 17:19:50:INFO:Accuracy = 82.40% -> 82.37%    Per_class_accuracy = 81.35% -> 81.33%
2024-04-14 17:20:46:INFO:Task: Product->Real_World, Iter:897/1035; Accuracy = 82.37%    Per_class_accuracy=81.34
2024-04-14 17:21:21:INFO:Accuracy = 82.37% -> 82.40%    Per_class_accuracy = 81.34% -> 81.36%
2024-04-14 17:22:19:INFO:Task: Product->Real_World, Iter:966/1035; Accuracy = 82.37%    Per_class_accuracy=81.34
2024-04-14 17:22:51:INFO:Accuracy = 82.37% -> 82.40%    Per_class_accuracy = 81.34% -> 81.36%
2024-04-14 17:23:45:INFO:Task: Product->Real_World, Iter:1035/1035; Accuracy = 82.33%    Per_class_accuracy=81.30
