2024-04-14 11:36:01:INFO:visdom:1778282
2024-04-14 11:36:01:INFO:==========================================
gpu_id:0
s:sketch
t:clipart
max_epoch:15
interval:15
batch_size:64
worker:4
dset:domainnet40
lr:0.01
net:resnet50
seed:2020
gent:True
ent:True
threshold:0
cls_par:0.3
ent_par:1.0
lr_decay1:0.1
lr_decay2:1.0
bottleneck:256
epsilon:1e-05
layer:wn
classifier:bn
distance:cosine
output:san
output_src:san
da:uda
issave:True
timestamp:2024-04-14_11.35.59
use_file_logger:True
names:['sketch', 'clipart', 'painting', 'real']
use_train_transform:False
use_balanced_sampler:False
class_num:40
s_dset_path:../data/domainnet40/image_list/sketch_train_mini.txt
t_dset_path:../data/domainnet40/image_list/clipart_train_mini.txt
test_dset_path:../data/domainnet40/image_list/clipart_test_mini.txt
output_dir_src:../checkpoints/SHOT/source/uda/
output_dir:../checkpoints/SHOT/target/uda/
savename:par_0.3

2024-04-14 11:36:14:INFO:Accuracy = 59.37% -> 68.49%    Per_class_accuracy = 57.61% -> 68.96%
2024-04-14 11:36:26:INFO:Task: sketch->clipart, Iter:58/870; Accuracy = 77.91%    Per_class_accuracy=78.33
2024-04-14 11:36:33:INFO:Accuracy = 77.53% -> 77.37%    Per_class_accuracy = 77.81% -> 78.41%
2024-04-14 11:36:43:INFO:Task: sketch->clipart, Iter:116/870; Accuracy = 79.02%    Per_class_accuracy=79.66
2024-04-14 11:36:50:INFO:Accuracy = 78.15% -> 77.34%    Per_class_accuracy = 78.95% -> 78.49%
2024-04-14 11:37:03:INFO:Task: sketch->clipart, Iter:174/870; Accuracy = 77.78%    Per_class_accuracy=79.10
2024-04-14 11:37:10:INFO:Accuracy = 77.61% -> 77.29%    Per_class_accuracy = 78.94% -> 78.75%
2024-04-14 11:37:19:INFO:Task: sketch->clipart, Iter:232/870; Accuracy = 78.09%    Per_class_accuracy=79.09
2024-04-14 11:37:26:INFO:Accuracy = 77.69% -> 77.07%    Per_class_accuracy = 79.22% -> 78.69%
2024-04-14 11:37:38:INFO:Task: sketch->clipart, Iter:290/870; Accuracy = 77.78%    Per_class_accuracy=79.13
2024-04-14 11:37:45:INFO:Accuracy = 77.39% -> 77.12%    Per_class_accuracy = 78.99% -> 78.75%
2024-04-14 11:37:54:INFO:Task: sketch->clipart, Iter:348/870; Accuracy = 78.16%    Per_class_accuracy=79.48
2024-04-14 11:38:01:INFO:Accuracy = 77.39% -> 77.15%    Per_class_accuracy = 78.96% -> 78.80%
2024-04-14 11:38:13:INFO:Task: sketch->clipart, Iter:406/870; Accuracy = 77.78%    Per_class_accuracy=79.22
2024-04-14 11:38:20:INFO:Accuracy = 77.31% -> 77.21%    Per_class_accuracy = 78.92% -> 78.91%
2024-04-14 11:38:29:INFO:Task: sketch->clipart, Iter:464/870; Accuracy = 78.47%    Per_class_accuracy=79.49
2024-04-14 11:38:36:INFO:Accuracy = 77.31% -> 77.10%    Per_class_accuracy = 79.00% -> 78.84%
2024-04-14 11:38:48:INFO:Task: sketch->clipart, Iter:522/870; Accuracy = 78.03%    Per_class_accuracy=79.15
2024-04-14 11:38:55:INFO:Accuracy = 77.12% -> 77.12%    Per_class_accuracy = 78.83% -> 78.89%
2024-04-14 11:39:04:INFO:Task: sketch->clipart, Iter:580/870; Accuracy = 77.85%    Per_class_accuracy=79.14
2024-04-14 11:39:11:INFO:Accuracy = 77.26% -> 77.07%    Per_class_accuracy = 79.01% -> 78.85%
2024-04-14 11:39:23:INFO:Task: sketch->clipart, Iter:638/870; Accuracy = 78.03%    Per_class_accuracy=79.45
2024-04-14 11:39:29:INFO:Accuracy = 77.12% -> 77.12%    Per_class_accuracy = 78.88% -> 78.90%
2024-04-14 11:39:39:INFO:Task: sketch->clipart, Iter:696/870; Accuracy = 77.66%    Per_class_accuracy=78.89
2024-04-14 11:39:46:INFO:Accuracy = 77.12% -> 77.10%    Per_class_accuracy = 78.89% -> 78.88%
2024-04-14 11:39:57:INFO:Task: sketch->clipart, Iter:754/870; Accuracy = 77.66%    Per_class_accuracy=78.90
2024-04-14 11:40:04:INFO:Accuracy = 77.12% -> 77.07%    Per_class_accuracy = 78.90% -> 78.85%
2024-04-14 11:40:13:INFO:Task: sketch->clipart, Iter:812/870; Accuracy = 77.72%    Per_class_accuracy=79.14
2024-04-14 11:40:20:INFO:Accuracy = 77.12% -> 77.10%    Per_class_accuracy = 78.90% -> 78.88%
2024-04-14 11:40:31:INFO:Task: sketch->clipart, Iter:870/870; Accuracy = 78.03%    Per_class_accuracy=79.36
2024-04-14 11:40:31:INFO:==========================================
gpu_id:0
s:sketch
t:painting
max_epoch:15
interval:15
batch_size:64
worker:4
dset:domainnet40
lr:0.01
net:resnet50
seed:2020
gent:True
ent:True
threshold:0
cls_par:0.3
ent_par:1.0
lr_decay1:0.1
lr_decay2:1.0
bottleneck:256
epsilon:1e-05
layer:wn
classifier:bn
distance:cosine
output:san
output_src:san
da:uda
issave:True
timestamp:2024-04-14_11.35.59
use_file_logger:True
names:['sketch', 'clipart', 'painting', 'real']
use_train_transform:False
use_balanced_sampler:False
class_num:40
s_dset_path:../data/domainnet40/image_list/sketch_train_mini.txt
t_dset_path:../data/domainnet40/image_list/painting_train_mini.txt
test_dset_path:../data/domainnet40/image_list/painting_test_mini.txt
output_dir_src:../checkpoints/SHOT/source/uda/
output_dir:../checkpoints/SHOT/target/uda/
savename:par_0.3

2024-04-14 11:40:44:INFO:Accuracy = 61.99% -> 69.91%    Per_class_accuracy = 55.45% -> 63.43%
2024-04-14 11:41:06:INFO:Task: sketch->painting, Iter:106/1590; Accuracy = 78.10%    Per_class_accuracy=72.73
2024-04-14 11:41:18:INFO:Accuracy = 77.67% -> 77.95%    Per_class_accuracy = 70.64% -> 71.43%
2024-04-14 11:41:39:INFO:Task: sketch->painting, Iter:212/1590; Accuracy = 78.00%    Per_class_accuracy=72.29
2024-04-14 11:41:52:INFO:Accuracy = 77.94% -> 77.58%    Per_class_accuracy = 70.74% -> 71.03%
2024-04-14 11:42:13:INFO:Task: sketch->painting, Iter:318/1590; Accuracy = 77.52%    Per_class_accuracy=72.01
2024-04-14 11:42:25:INFO:Accuracy = 77.72% -> 77.73%    Per_class_accuracy = 70.92% -> 71.18%
2024-04-14 11:42:45:INFO:Task: sketch->painting, Iter:424/1590; Accuracy = 77.31%    Per_class_accuracy=71.39
2024-04-14 11:42:58:INFO:Accuracy = 77.61% -> 77.42%    Per_class_accuracy = 71.09% -> 70.80%
2024-04-14 11:43:20:INFO:Task: sketch->painting, Iter:530/1590; Accuracy = 76.59%    Per_class_accuracy=71.19
2024-04-14 11:43:32:INFO:Accuracy = 77.49% -> 77.45%    Per_class_accuracy = 71.10% -> 71.06%
2024-04-14 11:43:49:INFO:Task: sketch->painting, Iter:636/1590; Accuracy = 76.62%    Per_class_accuracy=71.28
2024-04-14 11:44:01:INFO:Accuracy = 77.52% -> 77.27%    Per_class_accuracy = 71.16% -> 70.78%
2024-04-14 11:44:23:INFO:Task: sketch->painting, Iter:742/1590; Accuracy = 76.49%    Per_class_accuracy=71.04
2024-04-14 11:44:36:INFO:Accuracy = 77.49% -> 77.32%    Per_class_accuracy = 71.08% -> 70.78%
2024-04-14 11:44:52:INFO:Task: sketch->painting, Iter:848/1590; Accuracy = 76.45%    Per_class_accuracy=71.14
2024-04-14 11:45:05:INFO:Accuracy = 77.27% -> 77.21%    Per_class_accuracy = 70.94% -> 70.74%
2024-04-14 11:45:24:INFO:Task: sketch->painting, Iter:954/1590; Accuracy = 76.73%    Per_class_accuracy=71.13
2024-04-14 11:45:35:INFO:Accuracy = 77.36% -> 77.29%    Per_class_accuracy = 70.94% -> 70.78%
2024-04-14 11:45:57:INFO:Task: sketch->painting, Iter:1060/1590; Accuracy = 76.86%    Per_class_accuracy=71.14
2024-04-14 11:46:08:INFO:Accuracy = 77.39% -> 77.29%    Per_class_accuracy = 70.85% -> 70.76%
2024-04-14 11:46:26:INFO:Task: sketch->painting, Iter:1166/1590; Accuracy = 77.00%    Per_class_accuracy=71.44
2024-04-14 11:46:38:INFO:Accuracy = 77.35% -> 77.30%    Per_class_accuracy = 70.92% -> 70.85%
2024-04-14 11:47:01:INFO:Task: sketch->painting, Iter:1272/1590; Accuracy = 76.11%    Per_class_accuracy=70.26
2024-04-14 11:47:14:INFO:Accuracy = 77.20% -> 77.20%    Per_class_accuracy = 70.82% -> 70.75%
2024-04-14 11:47:31:INFO:Task: sketch->painting, Iter:1378/1590; Accuracy = 76.25%    Per_class_accuracy=70.41
2024-04-14 11:47:43:INFO:Accuracy = 77.21% -> 77.14%    Per_class_accuracy = 70.83% -> 70.72%
2024-04-14 11:48:06:INFO:Task: sketch->painting, Iter:1484/1590; Accuracy = 76.31%    Per_class_accuracy=71.04
2024-04-14 11:48:18:INFO:Accuracy = 77.05% -> 77.06%    Per_class_accuracy = 70.71% -> 70.64%
2024-04-14 11:48:36:INFO:Task: sketch->painting, Iter:1590/1590; Accuracy = 75.70%    Per_class_accuracy=69.81
2024-04-14 11:48:36:INFO:==========================================
gpu_id:0
s:sketch
t:real
max_epoch:15
interval:15
batch_size:64
worker:4
dset:domainnet40
lr:0.01
net:resnet50
seed:2020
gent:True
ent:True
threshold:0
cls_par:0.3
ent_par:1.0
lr_decay1:0.1
lr_decay2:1.0
bottleneck:256
epsilon:1e-05
layer:wn
classifier:bn
distance:cosine
output:san
output_src:san
da:uda
issave:True
timestamp:2024-04-14_11.35.59
use_file_logger:True
names:['sketch', 'clipart', 'painting', 'real']
use_train_transform:False
use_balanced_sampler:False
class_num:40
s_dset_path:../data/domainnet40/image_list/sketch_train_mini.txt
t_dset_path:../data/domainnet40/image_list/real_train_mini.txt
test_dset_path:../data/domainnet40/image_list/real_test_mini.txt
output_dir_src:../checkpoints/SHOT/source/uda/
output_dir:../checkpoints/SHOT/target/uda/
savename:par_0.3

2024-04-14 11:48:59:INFO:Accuracy = 72.30% -> 82.84%    Per_class_accuracy = 72.28% -> 82.48%
2024-04-14 11:49:45:INFO:Task: sketch->real, Iter:253/3795; Accuracy = 87.66%    Per_class_accuracy=88.16
2024-04-14 11:50:08:INFO:Accuracy = 87.19% -> 87.30%    Per_class_accuracy = 87.34% -> 87.67%
2024-04-14 11:50:55:INFO:Task: sketch->real, Iter:506/3795; Accuracy = 87.96%    Per_class_accuracy=88.57
2024-04-14 11:51:17:INFO:Accuracy = 87.60% -> 87.53%    Per_class_accuracy = 87.99% -> 88.00%
2024-04-14 11:52:06:INFO:Task: sketch->real, Iter:759/3795; Accuracy = 88.00%    Per_class_accuracy=88.70
2024-04-14 11:52:30:INFO:Accuracy = 87.58% -> 87.51%    Per_class_accuracy = 88.13% -> 88.04%
2024-04-14 11:53:21:INFO:Task: sketch->real, Iter:1012/3795; Accuracy = 87.97%    Per_class_accuracy=88.69
2024-04-14 11:53:43:INFO:Accuracy = 87.44% -> 87.44%    Per_class_accuracy = 88.00% -> 87.99%
2024-04-14 11:54:32:INFO:Task: sketch->real, Iter:1265/3795; Accuracy = 87.80%    Per_class_accuracy=88.52
2024-04-14 11:54:55:INFO:Accuracy = 87.44% -> 87.41%    Per_class_accuracy = 88.00% -> 87.99%
2024-04-14 11:55:42:INFO:Task: sketch->real, Iter:1518/3795; Accuracy = 87.76%    Per_class_accuracy=88.47
2024-04-14 11:56:05:INFO:Accuracy = 87.37% -> 87.29%    Per_class_accuracy = 87.94% -> 87.85%
2024-04-14 11:56:49:INFO:Task: sketch->real, Iter:1771/3795; Accuracy = 87.69%    Per_class_accuracy=88.45
2024-04-14 11:57:12:INFO:Accuracy = 87.40% -> 87.29%    Per_class_accuracy = 87.95% -> 87.86%
2024-04-14 11:57:55:INFO:Task: sketch->real, Iter:2024/3795; Accuracy = 87.43%    Per_class_accuracy=88.21
2024-04-14 11:58:17:INFO:Accuracy = 87.30% -> 87.20%    Per_class_accuracy = 87.87% -> 87.77%
2024-04-14 11:59:01:INFO:Task: sketch->real, Iter:2277/3795; Accuracy = 87.54%    Per_class_accuracy=88.29
2024-04-14 11:59:22:INFO:Accuracy = 87.19% -> 87.19%    Per_class_accuracy = 87.76% -> 87.76%
2024-04-14 12:00:01:INFO:Task: sketch->real, Iter:2530/3795; Accuracy = 87.44%    Per_class_accuracy=88.15
2024-04-14 12:00:24:INFO:Accuracy = 87.17% -> 87.13%    Per_class_accuracy = 87.74% -> 87.70%
2024-04-14 12:01:02:INFO:Task: sketch->real, Iter:2783/3795; Accuracy = 87.20%    Per_class_accuracy=87.96
2024-04-14 12:01:26:INFO:Accuracy = 87.10% -> 87.04%    Per_class_accuracy = 87.69% -> 87.63%
2024-04-14 12:02:05:INFO:Task: sketch->real, Iter:3036/3795; Accuracy = 87.24%    Per_class_accuracy=88.01
2024-04-14 12:02:28:INFO:Accuracy = 87.06% -> 87.02%    Per_class_accuracy = 87.64% -> 87.60%
2024-04-14 12:03:09:INFO:Task: sketch->real, Iter:3289/3795; Accuracy = 87.21%    Per_class_accuracy=87.94
2024-04-14 12:03:33:INFO:Accuracy = 87.06% -> 86.99%    Per_class_accuracy = 87.64% -> 87.57%
2024-04-14 12:04:17:INFO:Task: sketch->real, Iter:3542/3795; Accuracy = 87.15%    Per_class_accuracy=87.89
2024-04-14 12:04:41:INFO:Accuracy = 87.00% -> 86.98%    Per_class_accuracy = 87.59% -> 87.57%
2024-04-14 12:05:23:INFO:Task: sketch->real, Iter:3795/3795; Accuracy = 87.11%    Per_class_accuracy=87.98
