2024-04-14 11:29:25:INFO:visdom:1753265
2024-04-14 11:29:25:INFO:==========================================
gpu_id:0
s:painting
t:sketch
max_epoch:15
interval:15
batch_size:64
worker:4
dset:domainnet40
lr:0.01
net:resnet50
seed:2020
gent:True
ent:True
threshold:0
cls_par:0.3
ent_par:1.0
lr_decay1:0.1
lr_decay2:1.0
bottleneck:256
epsilon:1e-05
layer:wn
classifier:bn
distance:cosine
output:san
output_src:san
da:uda
issave:True
timestamp:2024-04-14_11.29.12
use_file_logger:True
names:['sketch', 'clipart', 'painting', 'real']
use_train_transform:False
use_balanced_sampler:False
class_num:40
s_dset_path:../data/domainnet40/image_list/painting_train_mini.txt
t_dset_path:../data/domainnet40/image_list/sketch_train_mini.txt
test_dset_path:../data/domainnet40/image_list/sketch_test_mini.txt
output_dir_src:../checkpoints/SHOT/source/uda/
output_dir:../checkpoints/SHOT/target/uda/
savename:par_0.3

