2024-04-14 13:53:30:INFO:visdom:2336159
2024-04-14 13:53:30:INFO:==========================================
gpu_id:0
s:Art
t:Clipart
max_epoch:15
interval:15
batch_size:64
worker:4
dset:office-home
lr:0.01
net:resnet50
seed:2020
gent:True
ent:True
threshold:0
cls_par:0.3
ent_par:1.0
lr_decay1:0.1
lr_decay2:1.0
bottleneck:256
epsilon:1e-05
layer:wn
classifier:bn
distance:cosine
output:san
output_src:san
da:uda
issave:True
timestamp:2024-04-14_12.41.55
use_file_logger:True
names:['Art', 'Clipart', 'Product', 'Real_World']
use_train_transform:False
use_balanced_sampler:False
class_num:65
s_dset_path:../data/office-home/image_list/Art.txt
t_dset_path:../data/office-home/image_list/Clipart.txt
test_dset_path:../data/office-home/image_list/Clipart.txt
output_dir_src:../checkpoints/SHOT/source/uda/
output_dir:../checkpoints/SHOT/target/uda/
savename:par_0.3

2024-04-14 13:53:45:INFO:Accuracy = 44.54% -> 51.18%    Per_class_accuracy = 45.36% -> 52.20%
2024-04-14 13:54:02:INFO:Task: Art->Clipart, Iter:69/1035; Accuracy = 55.10%    Per_class_accuracy=55.88
2024-04-14 13:54:09:INFO:Accuracy = 55.10% -> 55.67%    Per_class_accuracy = 55.88% -> 56.56%
2024-04-14 13:54:24:INFO:Task: Art->Clipart, Iter:138/1035; Accuracy = 56.54%    Per_class_accuracy=57.29
2024-04-14 13:54:31:INFO:Accuracy = 56.54% -> 56.38%    Per_class_accuracy = 57.29% -> 57.39%
2024-04-14 13:54:48:INFO:Task: Art->Clipart, Iter:207/1035; Accuracy = 56.82%    Per_class_accuracy=57.73
2024-04-14 13:54:55:INFO:Accuracy = 56.82% -> 56.49%    Per_class_accuracy = 57.73% -> 57.48%
2024-04-14 13:55:10:INFO:Task: Art->Clipart, Iter:276/1035; Accuracy = 56.84%    Per_class_accuracy=57.87
2024-04-14 13:55:18:INFO:Accuracy = 56.84% -> 56.68%    Per_class_accuracy = 57.87% -> 57.68%
2024-04-14 13:55:33:INFO:Task: Art->Clipart, Iter:345/1035; Accuracy = 56.86%    Per_class_accuracy=57.77
2024-04-14 13:55:39:INFO:Accuracy = 56.86% -> 56.75%    Per_class_accuracy = 57.77% -> 57.74%
2024-04-14 13:55:57:INFO:Task: Art->Clipart, Iter:414/1035; Accuracy = 57.16%    Per_class_accuracy=58.08
2024-04-14 13:56:04:INFO:Accuracy = 57.16% -> 56.91%    Per_class_accuracy = 58.08% -> 57.86%
2024-04-14 13:56:18:INFO:Task: Art->Clipart, Iter:483/1035; Accuracy = 57.09%    Per_class_accuracy=58.05
2024-04-14 13:56:26:INFO:Accuracy = 57.09% -> 56.93%    Per_class_accuracy = 58.05% -> 58.00%
2024-04-14 13:56:41:INFO:Task: Art->Clipart, Iter:552/1035; Accuracy = 57.18%    Per_class_accuracy=58.14
2024-04-14 13:56:48:INFO:Accuracy = 57.18% -> 57.00%    Per_class_accuracy = 58.14% -> 58.06%
2024-04-14 13:57:05:INFO:Task: Art->Clipart, Iter:621/1035; Accuracy = 57.25%    Per_class_accuracy=58.20
2024-04-14 13:57:12:INFO:Accuracy = 57.25% -> 57.14%    Per_class_accuracy = 58.20% -> 58.17%
2024-04-14 13:57:27:INFO:Task: Art->Clipart, Iter:690/1035; Accuracy = 57.16%    Per_class_accuracy=58.14
2024-04-14 13:57:34:INFO:Accuracy = 57.16% -> 57.02%    Per_class_accuracy = 58.14% -> 58.06%
2024-04-14 13:57:49:INFO:Task: Art->Clipart, Iter:759/1035; Accuracy = 57.16%    Per_class_accuracy=58.10
2024-04-14 13:57:56:INFO:Accuracy = 57.16% -> 57.04%    Per_class_accuracy = 58.10% -> 58.08%
2024-04-14 13:58:13:INFO:Task: Art->Clipart, Iter:828/1035; Accuracy = 57.14%    Per_class_accuracy=58.10
2024-04-14 13:58:20:INFO:Accuracy = 57.14% -> 56.98%    Per_class_accuracy = 58.10% -> 58.01%
2024-04-14 13:58:36:INFO:Task: Art->Clipart, Iter:897/1035; Accuracy = 57.16%    Per_class_accuracy=58.11
2024-04-14 13:58:42:INFO:Accuracy = 57.16% -> 57.04%    Per_class_accuracy = 58.11% -> 58.04%
2024-04-14 13:58:57:INFO:Task: Art->Clipart, Iter:966/1035; Accuracy = 57.09%    Per_class_accuracy=58.09
2024-04-14 13:59:04:INFO:Accuracy = 57.09% -> 57.02%    Per_class_accuracy = 58.09% -> 58.05%
2024-04-14 13:59:22:INFO:Task: Art->Clipart, Iter:1035/1035; Accuracy = 57.14%    Per_class_accuracy=58.11
2024-04-14 13:59:22:INFO:==========================================
gpu_id:0
s:Art
t:Product
max_epoch:15
interval:15
batch_size:64
worker:4
dset:office-home
lr:0.01
net:resnet50
seed:2020
gent:True
ent:True
threshold:0
cls_par:0.3
ent_par:1.0
lr_decay1:0.1
lr_decay2:1.0
bottleneck:256
epsilon:1e-05
layer:wn
classifier:bn
distance:cosine
output:san
output_src:san
da:uda
issave:True
timestamp:2024-04-14_12.41.55
use_file_logger:True
names:['Art', 'Clipart', 'Product', 'Real_World']
use_train_transform:False
use_balanced_sampler:False
class_num:65
s_dset_path:../data/office-home/image_list/Art.txt
t_dset_path:../data/office-home/image_list/Product.txt
test_dset_path:../data/office-home/image_list/Product.txt
output_dir_src:../checkpoints/SHOT/source/uda/
output_dir:../checkpoints/SHOT/target/uda/
savename:par_0.3

2024-04-14 13:59:30:INFO:Accuracy = 67.52% -> 76.68%    Per_class_accuracy = 66.35% -> 75.35%
2024-04-14 13:59:46:INFO:Task: Art->Product, Iter:70/1050; Accuracy = 76.73%    Per_class_accuracy=75.71
2024-04-14 13:59:53:INFO:Accuracy = 76.73% -> 77.81%    Per_class_accuracy = 75.71% -> 76.88%
2024-04-14 14:00:08:INFO:Task: Art->Product, Iter:140/1050; Accuracy = 77.99%    Per_class_accuracy=77.00
2024-04-14 14:00:15:INFO:Accuracy = 77.99% -> 78.40%    Per_class_accuracy = 77.00% -> 77.47%
2024-04-14 14:00:33:INFO:Task: Art->Product, Iter:210/1050; Accuracy = 78.46%    Per_class_accuracy=77.71
2024-04-14 14:00:40:INFO:Accuracy = 78.46% -> 78.64%    Per_class_accuracy = 77.71% -> 77.83%
2024-04-14 14:00:58:INFO:Task: Art->Product, Iter:280/1050; Accuracy = 78.58%    Per_class_accuracy=77.82
2024-04-14 14:01:06:INFO:Accuracy = 78.58% -> 78.67%    Per_class_accuracy = 77.82% -> 77.84%
2024-04-14 14:01:22:INFO:Task: Art->Product, Iter:350/1050; Accuracy = 78.73%    Per_class_accuracy=77.96
2024-04-14 14:01:29:INFO:Accuracy = 78.73% -> 78.71%    Per_class_accuracy = 77.96% -> 77.89%
2024-04-14 14:01:47:INFO:Task: Art->Product, Iter:420/1050; Accuracy = 78.96%    Per_class_accuracy=78.17
2024-04-14 14:01:55:INFO:Accuracy = 78.96% -> 78.76%    Per_class_accuracy = 78.17% -> 77.95%
2024-04-14 14:02:11:INFO:Task: Art->Product, Iter:490/1050; Accuracy = 78.87%    Per_class_accuracy=78.08
2024-04-14 14:02:19:INFO:Accuracy = 78.87% -> 78.80%    Per_class_accuracy = 78.08% -> 78.02%
2024-04-14 14:02:34:INFO:Task: Art->Product, Iter:560/1050; Accuracy = 78.91%    Per_class_accuracy=78.12
2024-04-14 14:02:42:INFO:Accuracy = 78.91% -> 78.73%    Per_class_accuracy = 78.12% -> 77.94%
2024-04-14 14:02:59:INFO:Task: Art->Product, Iter:630/1050; Accuracy = 78.96%    Per_class_accuracy=78.15
2024-04-14 14:03:06:INFO:Accuracy = 78.96% -> 78.87%    Per_class_accuracy = 78.15% -> 78.04%
2024-04-14 14:03:22:INFO:Task: Art->Product, Iter:700/1050; Accuracy = 78.98%    Per_class_accuracy=78.17
2024-04-14 14:03:30:INFO:Accuracy = 78.98% -> 78.85%    Per_class_accuracy = 78.17% -> 78.04%
2024-04-14 14:03:45:INFO:Task: Art->Product, Iter:770/1050; Accuracy = 78.91%    Per_class_accuracy=78.10
2024-04-14 14:03:53:INFO:Accuracy = 78.91% -> 78.85%    Per_class_accuracy = 78.10% -> 78.01%
2024-04-14 14:04:11:INFO:Task: Art->Product, Iter:840/1050; Accuracy = 79.03%    Per_class_accuracy=78.20
2024-04-14 14:04:19:INFO:Accuracy = 79.03% -> 78.91%    Per_class_accuracy = 78.20% -> 78.06%
2024-04-14 14:04:33:INFO:Task: Art->Product, Iter:910/1050; Accuracy = 78.94%    Per_class_accuracy=78.06
2024-04-14 14:04:40:INFO:Accuracy = 78.94% -> 78.94%    Per_class_accuracy = 78.06% -> 78.08%
2024-04-14 14:04:55:INFO:Task: Art->Product, Iter:980/1050; Accuracy = 78.96%    Per_class_accuracy=78.10
2024-04-14 14:05:02:INFO:Accuracy = 78.96% -> 78.96%    Per_class_accuracy = 78.10% -> 78.09%
2024-04-14 14:05:17:INFO:Task: Art->Product, Iter:1050/1050; Accuracy = 79.03%    Per_class_accuracy=78.16
2024-04-14 14:05:18:INFO:==========================================
gpu_id:0
s:Art
t:Real_World
max_epoch:15
interval:15
batch_size:64
worker:4
dset:office-home
lr:0.01
net:resnet50
seed:2020
gent:True
ent:True
threshold:0
cls_par:0.3
ent_par:1.0
lr_decay1:0.1
lr_decay2:1.0
bottleneck:256
epsilon:1e-05
layer:wn
classifier:bn
distance:cosine
output:san
output_src:san
da:uda
issave:True
timestamp:2024-04-14_12.41.55
use_file_logger:True
names:['Art', 'Clipart', 'Product', 'Real_World']
use_train_transform:False
use_balanced_sampler:False
class_num:65
s_dset_path:../data/office-home/image_list/Art.txt
t_dset_path:../data/office-home/image_list/Real_World.txt
test_dset_path:../data/office-home/image_list/Real_World.txt
output_dir_src:../checkpoints/SHOT/source/uda/
output_dir:../checkpoints/SHOT/target/uda/
savename:par_0.3

2024-04-14 14:05:53:INFO:Accuracy = 74.48% -> 78.95%    Per_class_accuracy = 72.89% -> 77.87%
2024-04-14 14:06:59:INFO:Task: Art->Real_World, Iter:69/1035; Accuracy = 80.61%    Per_class_accuracy=78.97
2024-04-14 14:07:34:INFO:Accuracy = 80.61% -> 80.81%    Per_class_accuracy = 78.97% -> 79.59%
2024-04-14 14:08:38:INFO:Task: Art->Real_World, Iter:138/1035; Accuracy = 81.48%    Per_class_accuracy=80.03
2024-04-14 14:09:14:INFO:Accuracy = 81.48% -> 81.16%    Per_class_accuracy = 80.03% -> 79.86%
2024-04-14 14:10:17:INFO:Task: Art->Real_World, Iter:207/1035; Accuracy = 81.62%    Per_class_accuracy=80.24
2024-04-14 14:10:57:INFO:Accuracy = 81.62% -> 81.41%    Per_class_accuracy = 80.24% -> 80.12%
2024-04-14 14:12:00:INFO:Task: Art->Real_World, Iter:276/1035; Accuracy = 81.82%    Per_class_accuracy=80.46
2024-04-14 14:12:39:INFO:Accuracy = 81.82% -> 81.57%    Per_class_accuracy = 80.46% -> 80.29%
2024-04-14 14:13:43:INFO:Task: Art->Real_World, Iter:345/1035; Accuracy = 81.66%    Per_class_accuracy=80.32
2024-04-14 14:14:21:INFO:Accuracy = 81.66% -> 81.57%    Per_class_accuracy = 80.32% -> 80.25%
2024-04-14 14:15:20:INFO:Task: Art->Real_World, Iter:414/1035; Accuracy = 81.73%    Per_class_accuracy=80.44
2024-04-14 14:15:57:INFO:Accuracy = 81.73% -> 81.59%    Per_class_accuracy = 80.44% -> 80.32%
2024-04-14 14:17:02:INFO:Task: Art->Real_World, Iter:483/1035; Accuracy = 81.82%    Per_class_accuracy=80.55
2024-04-14 14:17:36:INFO:Accuracy = 81.82% -> 81.68%    Per_class_accuracy = 80.55% -> 80.40%
2024-04-14 14:18:40:INFO:Task: Art->Real_World, Iter:552/1035; Accuracy = 81.89%    Per_class_accuracy=80.62
2024-04-14 14:19:14:INFO:Accuracy = 81.89% -> 81.66%    Per_class_accuracy = 80.62% -> 80.37%
2024-04-14 14:20:19:INFO:Task: Art->Real_World, Iter:621/1035; Accuracy = 81.87%    Per_class_accuracy=80.58
2024-04-14 14:20:58:INFO:Accuracy = 81.87% -> 81.71%    Per_class_accuracy = 80.58% -> 80.41%
2024-04-14 14:22:03:INFO:Task: Art->Real_World, Iter:690/1035; Accuracy = 81.78%    Per_class_accuracy=80.48
2024-04-14 14:22:41:INFO:Accuracy = 81.78% -> 81.71%    Per_class_accuracy = 80.48% -> 80.41%
2024-04-14 14:23:44:INFO:Task: Art->Real_World, Iter:759/1035; Accuracy = 81.71%    Per_class_accuracy=80.42
2024-04-14 14:24:18:INFO:Accuracy = 81.71% -> 81.66%    Per_class_accuracy = 80.42% -> 80.37%
2024-04-14 14:25:20:INFO:Task: Art->Real_World, Iter:828/1035; Accuracy = 81.82%    Per_class_accuracy=80.54
2024-04-14 14:25:59:INFO:Accuracy = 81.82% -> 81.73%    Per_class_accuracy = 80.54% -> 80.44%
2024-04-14 14:26:58:INFO:Task: Art->Real_World, Iter:897/1035; Accuracy = 81.68%    Per_class_accuracy=80.39
2024-04-14 14:27:36:INFO:Accuracy = 81.68% -> 81.68%    Per_class_accuracy = 80.39% -> 80.39%
2024-04-14 14:28:40:INFO:Task: Art->Real_World, Iter:966/1035; Accuracy = 81.78%    Per_class_accuracy=80.49
2024-04-14 14:29:15:INFO:Accuracy = 81.78% -> 81.66%    Per_class_accuracy = 80.49% -> 80.36%
2024-04-14 14:30:13:INFO:Task: Art->Real_World, Iter:1035/1035; Accuracy = 81.73%    Per_class_accuracy=80.45
2024-04-14 15:59:24:INFO:visdom:2869025
2024-04-14 15:59:24:INFO:==========================================
gpu_id:0
s:Art
t:Clipart
max_epoch:15
interval:15
batch_size:64
worker:4
dset:office-home
lr:0.01
net:resnet50
seed:2021
gent:True
ent:True
threshold:0
cls_par:0.3
ent_par:1.0
lr_decay1:0.1
lr_decay2:1.0
bottleneck:256
epsilon:1e-05
layer:wn
classifier:bn
distance:cosine
output:san
output_src:san
da:uda
issave:True
timestamp:2024-04-14_12.41.55
use_file_logger:True
names:['Art', 'Clipart', 'Product', 'Real_World']
use_train_transform:False
use_balanced_sampler:False
class_num:65
s_dset_path:../data/office-home/image_list/Art.txt
t_dset_path:../data/office-home/image_list/Clipart.txt
test_dset_path:../data/office-home/image_list/Clipart.txt
output_dir_src:../checkpoints/SHOT/source/uda/
output_dir:../checkpoints/SHOT/target/uda/
savename:par_0.3

2024-04-14 15:59:40:INFO:Accuracy = 44.54% -> 51.18%    Per_class_accuracy = 45.36% -> 52.20%
2024-04-14 16:00:00:INFO:Task: Art->Clipart, Iter:69/1035; Accuracy = 54.30%    Per_class_accuracy=55.47
2024-04-14 16:00:08:INFO:Accuracy = 54.30% -> 53.26%    Per_class_accuracy = 55.47% -> 54.40%
2024-04-14 16:00:24:INFO:Task: Art->Clipart, Iter:138/1035; Accuracy = 55.37%    Per_class_accuracy=56.46
2024-04-14 16:00:32:INFO:Accuracy = 55.37% -> 55.26%    Per_class_accuracy = 56.46% -> 56.48%
2024-04-14 16:00:50:INFO:Task: Art->Clipart, Iter:207/1035; Accuracy = 55.95%    Per_class_accuracy=56.93
2024-04-14 16:00:58:INFO:Accuracy = 55.95% -> 55.97%    Per_class_accuracy = 56.93% -> 57.12%
2024-04-14 16:01:15:INFO:Task: Art->Clipart, Iter:276/1035; Accuracy = 56.52%    Per_class_accuracy=57.55
2024-04-14 16:01:21:INFO:Accuracy = 56.52% -> 56.29%    Per_class_accuracy = 57.55% -> 57.44%
2024-04-14 16:01:36:INFO:Task: Art->Clipart, Iter:345/1035; Accuracy = 56.66%    Per_class_accuracy=57.79
2024-04-14 16:01:44:INFO:Accuracy = 56.66% -> 56.36%    Per_class_accuracy = 57.79% -> 57.56%
2024-04-14 16:02:01:INFO:Task: Art->Clipart, Iter:414/1035; Accuracy = 56.59%    Per_class_accuracy=57.75
2024-04-14 16:02:09:INFO:Accuracy = 56.59% -> 56.36%    Per_class_accuracy = 57.75% -> 57.54%
2024-04-14 16:02:26:INFO:Task: Art->Clipart, Iter:483/1035; Accuracy = 56.33%    Per_class_accuracy=57.57
2024-04-14 16:02:33:INFO:Accuracy = 56.33% -> 56.15%    Per_class_accuracy = 57.57% -> 57.38%
2024-04-14 16:02:48:INFO:Task: Art->Clipart, Iter:552/1035; Accuracy = 56.38%    Per_class_accuracy=57.60
2024-04-14 16:02:55:INFO:Accuracy = 56.38% -> 56.29%    Per_class_accuracy = 57.60% -> 57.50%
2024-04-14 16:03:13:INFO:Task: Art->Clipart, Iter:621/1035; Accuracy = 56.45%    Per_class_accuracy=57.69
2024-04-14 16:03:20:INFO:Accuracy = 56.45% -> 56.24%    Per_class_accuracy = 57.69% -> 57.49%
2024-04-14 16:03:37:INFO:Task: Art->Clipart, Iter:690/1035; Accuracy = 56.36%    Per_class_accuracy=57.56
2024-04-14 16:03:44:INFO:Accuracy = 56.36% -> 56.33%    Per_class_accuracy = 57.56% -> 57.54%
2024-04-14 16:03:57:INFO:Task: Art->Clipart, Iter:759/1035; Accuracy = 56.33%    Per_class_accuracy=57.53
2024-04-14 16:04:04:INFO:Accuracy = 56.33% -> 56.20%    Per_class_accuracy = 57.53% -> 57.39%
2024-04-14 16:04:19:INFO:Task: Art->Clipart, Iter:828/1035; Accuracy = 56.36%    Per_class_accuracy=57.58
2024-04-14 16:04:26:INFO:Accuracy = 56.36% -> 56.20%    Per_class_accuracy = 57.58% -> 57.40%
2024-04-14 16:04:43:INFO:Task: Art->Clipart, Iter:897/1035; Accuracy = 56.38%    Per_class_accuracy=57.55
2024-04-14 16:04:51:INFO:Accuracy = 56.38% -> 56.11%    Per_class_accuracy = 57.55% -> 57.29%
2024-04-14 16:05:06:INFO:Task: Art->Clipart, Iter:966/1035; Accuracy = 56.31%    Per_class_accuracy=57.49
2024-04-14 16:05:12:INFO:Accuracy = 56.31% -> 56.13%    Per_class_accuracy = 57.49% -> 57.32%
2024-04-14 16:05:29:INFO:Task: Art->Clipart, Iter:1035/1035; Accuracy = 56.24%    Per_class_accuracy=57.46
2024-04-14 16:05:29:INFO:==========================================
gpu_id:0
s:Art
t:Product
max_epoch:15
interval:15
batch_size:64
worker:4
dset:office-home
lr:0.01
net:resnet50
seed:2021
gent:True
ent:True
threshold:0
cls_par:0.3
ent_par:1.0
lr_decay1:0.1
lr_decay2:1.0
bottleneck:256
epsilon:1e-05
layer:wn
classifier:bn
distance:cosine
output:san
output_src:san
da:uda
issave:True
timestamp:2024-04-14_12.41.55
use_file_logger:True
names:['Art', 'Clipart', 'Product', 'Real_World']
use_train_transform:False
use_balanced_sampler:False
class_num:65
s_dset_path:../data/office-home/image_list/Art.txt
t_dset_path:../data/office-home/image_list/Product.txt
test_dset_path:../data/office-home/image_list/Product.txt
output_dir_src:../checkpoints/SHOT/source/uda/
output_dir:../checkpoints/SHOT/target/uda/
savename:par_0.3

2024-04-14 16:05:38:INFO:Accuracy = 67.52% -> 76.68%    Per_class_accuracy = 66.35% -> 75.35%
2024-04-14 16:05:58:INFO:Task: Art->Product, Iter:70/1050; Accuracy = 77.31%    Per_class_accuracy=76.21
2024-04-14 16:06:06:INFO:Accuracy = 77.31% -> 77.99%    Per_class_accuracy = 76.21% -> 76.95%
2024-04-14 16:06:21:INFO:Task: Art->Product, Iter:140/1050; Accuracy = 78.04%    Per_class_accuracy=76.91
2024-04-14 16:06:29:INFO:Accuracy = 78.04% -> 78.33%    Per_class_accuracy = 76.91% -> 77.28%
2024-04-14 16:06:48:INFO:Task: Art->Product, Iter:210/1050; Accuracy = 78.58%    Per_class_accuracy=77.59
2024-04-14 16:06:56:INFO:Accuracy = 78.58% -> 78.62%    Per_class_accuracy = 77.59% -> 77.59%
2024-04-14 16:07:11:INFO:Task: Art->Product, Iter:280/1050; Accuracy = 78.49%    Per_class_accuracy=77.49
2024-04-14 16:07:19:INFO:Accuracy = 78.49% -> 78.55%    Per_class_accuracy = 77.49% -> 77.57%
2024-04-14 16:07:35:INFO:Task: Art->Product, Iter:350/1050; Accuracy = 78.51%    Per_class_accuracy=77.53
2024-04-14 16:07:43:INFO:Accuracy = 78.51% -> 78.78%    Per_class_accuracy = 77.53% -> 77.79%
2024-04-14 16:08:02:INFO:Task: Art->Product, Iter:420/1050; Accuracy = 78.89%    Per_class_accuracy=77.90
2024-04-14 16:08:10:INFO:Accuracy = 78.89% -> 78.89%    Per_class_accuracy = 77.90% -> 77.93%
2024-04-14 16:08:25:INFO:Task: Art->Product, Iter:490/1050; Accuracy = 78.94%    Per_class_accuracy=77.92
2024-04-14 16:08:32:INFO:Accuracy = 78.94% -> 78.82%    Per_class_accuracy = 77.92% -> 77.83%
2024-04-14 16:08:51:INFO:Task: Art->Product, Iter:560/1050; Accuracy = 78.91%    Per_class_accuracy=77.97
2024-04-14 16:08:58:INFO:Accuracy = 78.91% -> 78.87%    Per_class_accuracy = 77.97% -> 77.90%
2024-04-14 16:09:17:INFO:Task: Art->Product, Iter:630/1050; Accuracy = 78.87%    Per_class_accuracy=77.94
2024-04-14 16:09:24:INFO:Accuracy = 78.87% -> 78.91%    Per_class_accuracy = 77.94% -> 77.95%
2024-04-14 16:09:40:INFO:Task: Art->Product, Iter:700/1050; Accuracy = 79.03%    Per_class_accuracy=78.06
2024-04-14 16:09:47:INFO:Accuracy = 79.03% -> 78.94%    Per_class_accuracy = 78.06% -> 77.95%
2024-04-14 16:10:06:INFO:Task: Art->Product, Iter:770/1050; Accuracy = 79.00%    Per_class_accuracy=78.03
2024-04-14 16:10:14:INFO:Accuracy = 79.00% -> 78.94%    Per_class_accuracy = 78.03% -> 77.96%
2024-04-14 16:10:29:INFO:Task: Art->Product, Iter:840/1050; Accuracy = 78.96%    Per_class_accuracy=77.98
2024-04-14 16:10:37:INFO:Accuracy = 78.96% -> 78.98%    Per_class_accuracy = 77.98% -> 78.02%
2024-04-14 16:10:52:INFO:Task: Art->Product, Iter:910/1050; Accuracy = 79.00%    Per_class_accuracy=78.01
2024-04-14 16:10:59:INFO:Accuracy = 79.00% -> 78.96%    Per_class_accuracy = 78.01% -> 77.99%
2024-04-14 16:11:16:INFO:Task: Art->Product, Iter:980/1050; Accuracy = 78.91%    Per_class_accuracy=77.94
2024-04-14 16:11:23:INFO:Accuracy = 78.91% -> 79.00%    Per_class_accuracy = 77.94% -> 78.04%
2024-04-14 16:11:38:INFO:Task: Art->Product, Iter:1050/1050; Accuracy = 78.96%    Per_class_accuracy=78.00
2024-04-14 16:11:39:INFO:==========================================
gpu_id:0
s:Art
t:Real_World
max_epoch:15
interval:15
batch_size:64
worker:4
dset:office-home
lr:0.01
net:resnet50
seed:2021
gent:True
ent:True
threshold:0
cls_par:0.3
ent_par:1.0
lr_decay1:0.1
lr_decay2:1.0
bottleneck:256
epsilon:1e-05
layer:wn
classifier:bn
distance:cosine
output:san
output_src:san
da:uda
issave:True
timestamp:2024-04-14_12.41.55
use_file_logger:True
names:['Art', 'Clipart', 'Product', 'Real_World']
use_train_transform:False
use_balanced_sampler:False
class_num:65
s_dset_path:../data/office-home/image_list/Art.txt
t_dset_path:../data/office-home/image_list/Real_World.txt
test_dset_path:../data/office-home/image_list/Real_World.txt
output_dir_src:../checkpoints/SHOT/source/uda/
output_dir:../checkpoints/SHOT/target/uda/
savename:par_0.3

2024-04-14 16:12:13:INFO:Accuracy = 74.48% -> 78.95%    Per_class_accuracy = 72.89% -> 77.87%
2024-04-14 16:13:14:INFO:Task: Art->Real_World, Iter:69/1035; Accuracy = 80.06%    Per_class_accuracy=78.35
2024-04-14 16:13:53:INFO:Accuracy = 80.06% -> 80.54%    Per_class_accuracy = 78.35% -> 79.33%
2024-04-14 16:14:53:INFO:Task: Art->Real_World, Iter:138/1035; Accuracy = 81.46%    Per_class_accuracy=79.96
2024-04-14 16:15:33:INFO:Accuracy = 81.46% -> 81.32%    Per_class_accuracy = 79.96% -> 80.12%
2024-04-14 16:16:34:INFO:Task: Art->Real_World, Iter:207/1035; Accuracy = 81.50%    Per_class_accuracy=80.01
2024-04-14 16:17:09:INFO:Accuracy = 81.50% -> 81.46%    Per_class_accuracy = 80.01% -> 80.20%
2024-04-14 16:18:15:INFO:Task: Art->Real_World, Iter:276/1035; Accuracy = 81.75%    Per_class_accuracy=80.37
2024-04-14 16:18:55:INFO:Accuracy = 81.75% -> 81.55%    Per_class_accuracy = 80.37% -> 80.34%
2024-04-14 16:20:00:INFO:Task: Art->Real_World, Iter:345/1035; Accuracy = 81.91%    Per_class_accuracy=80.61
2024-04-14 16:20:42:INFO:Accuracy = 81.91% -> 81.62%    Per_class_accuracy = 80.61% -> 80.36%
2024-04-14 16:21:44:INFO:Task: Art->Real_World, Iter:414/1035; Accuracy = 81.87%    Per_class_accuracy=80.64
2024-04-14 16:22:23:INFO:Accuracy = 81.87% -> 81.57%    Per_class_accuracy = 80.64% -> 80.36%
2024-04-14 16:23:27:INFO:Task: Art->Real_World, Iter:483/1035; Accuracy = 81.91%    Per_class_accuracy=80.70
2024-04-14 16:24:08:INFO:Accuracy = 81.91% -> 81.66%    Per_class_accuracy = 80.70% -> 80.46%
2024-04-14 16:25:12:INFO:Task: Art->Real_World, Iter:552/1035; Accuracy = 81.82%    Per_class_accuracy=80.58
2024-04-14 16:25:46:INFO:Accuracy = 81.82% -> 81.66%    Per_class_accuracy = 80.58% -> 80.43%
2024-04-14 16:26:50:INFO:Task: Art->Real_World, Iter:621/1035; Accuracy = 81.85%    Per_class_accuracy=80.62
2024-04-14 16:27:26:INFO:Accuracy = 81.85% -> 81.59%    Per_class_accuracy = 80.62% -> 80.34%
2024-04-14 16:28:21:INFO:Task: Art->Real_World, Iter:690/1035; Accuracy = 81.89%    Per_class_accuracy=80.66
2024-04-14 16:28:52:INFO:Accuracy = 81.89% -> 81.78%    Per_class_accuracy = 80.66% -> 80.55%
2024-04-14 16:29:47:INFO:Task: Art->Real_World, Iter:759/1035; Accuracy = 81.78%    Per_class_accuracy=80.55
2024-04-14 16:30:20:INFO:Accuracy = 81.78% -> 81.73%    Per_class_accuracy = 80.55% -> 80.51%
2024-04-14 16:31:21:INFO:Task: Art->Real_World, Iter:828/1035; Accuracy = 81.82%    Per_class_accuracy=80.60
2024-04-14 16:31:51:INFO:Accuracy = 81.82% -> 81.68%    Per_class_accuracy = 80.60% -> 80.48%
2024-04-14 16:32:48:INFO:Task: Art->Real_World, Iter:897/1035; Accuracy = 81.73%    Per_class_accuracy=80.51
2024-04-14 16:33:19:INFO:Accuracy = 81.73% -> 81.68%    Per_class_accuracy = 80.51% -> 80.48%
2024-04-14 16:34:20:INFO:Task: Art->Real_World, Iter:966/1035; Accuracy = 81.66%    Per_class_accuracy=80.46
2024-04-14 16:34:57:INFO:Accuracy = 81.66% -> 81.68%    Per_class_accuracy = 80.46% -> 80.49%
2024-04-14 16:35:59:INFO:Task: Art->Real_World, Iter:1035/1035; Accuracy = 81.75%    Per_class_accuracy=80.54
2024-04-14 17:55:27:INFO:visdom:3243805
2024-04-14 17:55:27:INFO:==========================================
gpu_id:0
s:Art
t:Clipart
max_epoch:15
interval:15
batch_size:64
worker:4
dset:office-home
lr:0.01
net:resnet50
seed:2022
gent:True
ent:True
threshold:0
cls_par:0.3
ent_par:1.0
lr_decay1:0.1
lr_decay2:1.0
bottleneck:256
epsilon:1e-05
layer:wn
classifier:bn
distance:cosine
output:san
output_src:san
da:uda
issave:True
timestamp:2024-04-14_12.41.55
use_file_logger:True
names:['Art', 'Clipart', 'Product', 'Real_World']
use_train_transform:False
use_balanced_sampler:False
class_num:65
s_dset_path:../data/office-home/image_list/Art.txt
t_dset_path:../data/office-home/image_list/Clipart.txt
test_dset_path:../data/office-home/image_list/Clipart.txt
output_dir_src:../checkpoints/SHOT/source/uda/
output_dir:../checkpoints/SHOT/target/uda/
savename:par_0.3

2024-04-14 17:55:35:INFO:Accuracy = 44.54% -> 51.18%    Per_class_accuracy = 45.36% -> 52.20%
2024-04-14 17:55:48:INFO:Task: Art->Clipart, Iter:69/1035; Accuracy = 55.26%    Per_class_accuracy=56.51
2024-04-14 17:55:54:INFO:Accuracy = 55.26% -> 55.01%    Per_class_accuracy = 56.51% -> 55.96%
2024-04-14 17:56:07:INFO:Task: Art->Clipart, Iter:138/1035; Accuracy = 55.88%    Per_class_accuracy=56.72
2024-04-14 17:56:14:INFO:Accuracy = 55.88% -> 55.85%    Per_class_accuracy = 56.72% -> 56.87%
2024-04-14 17:56:26:INFO:Task: Art->Clipart, Iter:207/1035; Accuracy = 56.08%    Per_class_accuracy=57.18
2024-04-14 17:56:33:INFO:Accuracy = 56.08% -> 56.04%    Per_class_accuracy = 57.18% -> 57.08%
2024-04-14 17:56:46:INFO:Task: Art->Clipart, Iter:276/1035; Accuracy = 56.54%    Per_class_accuracy=57.61
2024-04-14 17:56:53:INFO:Accuracy = 56.54% -> 56.38%    Per_class_accuracy = 57.61% -> 57.49%
2024-04-14 17:57:07:INFO:Task: Art->Clipart, Iter:345/1035; Accuracy = 56.82%    Per_class_accuracy=57.94
2024-04-14 17:57:14:INFO:Accuracy = 56.82% -> 56.70%    Per_class_accuracy = 57.94% -> 57.93%
2024-04-14 17:57:26:INFO:Task: Art->Clipart, Iter:414/1035; Accuracy = 56.86%    Per_class_accuracy=57.98
2024-04-14 17:57:33:INFO:Accuracy = 56.86% -> 56.68%    Per_class_accuracy = 57.98% -> 57.86%
2024-04-14 17:57:45:INFO:Task: Art->Clipart, Iter:483/1035; Accuracy = 56.93%    Per_class_accuracy=58.07
2024-04-14 17:57:53:INFO:Accuracy = 56.93% -> 56.77%    Per_class_accuracy = 58.07% -> 57.98%
2024-04-14 17:58:06:INFO:Task: Art->Clipart, Iter:552/1035; Accuracy = 56.88%    Per_class_accuracy=58.04
2024-04-14 17:58:13:INFO:Accuracy = 56.88% -> 56.72%    Per_class_accuracy = 58.04% -> 57.97%
2024-04-14 17:58:25:INFO:Task: Art->Clipart, Iter:621/1035; Accuracy = 56.86%    Per_class_accuracy=58.06
2024-04-14 17:58:32:INFO:Accuracy = 56.86% -> 56.86%    Per_class_accuracy = 58.06% -> 58.06%
2024-04-14 17:58:45:INFO:Task: Art->Clipart, Iter:690/1035; Accuracy = 56.86%    Per_class_accuracy=58.07
2024-04-14 17:58:52:INFO:Accuracy = 56.86% -> 56.84%    Per_class_accuracy = 58.07% -> 58.04%
2024-04-14 17:59:05:INFO:Task: Art->Clipart, Iter:759/1035; Accuracy = 56.86%    Per_class_accuracy=58.04
2024-04-14 17:59:11:INFO:Accuracy = 56.86% -> 56.77%    Per_class_accuracy = 58.04% -> 57.97%
2024-04-14 17:59:24:INFO:Task: Art->Clipart, Iter:828/1035; Accuracy = 56.91%    Per_class_accuracy=58.07
2024-04-14 17:59:31:INFO:Accuracy = 56.91% -> 56.84%    Per_class_accuracy = 58.07% -> 58.04%
2024-04-14 17:59:43:INFO:Task: Art->Clipart, Iter:897/1035; Accuracy = 56.88%    Per_class_accuracy=58.05
2024-04-14 17:59:50:INFO:Accuracy = 56.88% -> 56.79%    Per_class_accuracy = 58.05% -> 58.00%
2024-04-14 18:00:02:INFO:Task: Art->Clipart, Iter:966/1035; Accuracy = 56.88%    Per_class_accuracy=58.05
2024-04-14 18:00:09:INFO:Accuracy = 56.88% -> 56.82%    Per_class_accuracy = 58.05% -> 58.00%
2024-04-14 18:00:21:INFO:Task: Art->Clipart, Iter:1035/1035; Accuracy = 56.88%    Per_class_accuracy=58.06
2024-04-14 18:00:22:INFO:==========================================
gpu_id:0
s:Art
t:Product
max_epoch:15
interval:15
batch_size:64
worker:4
dset:office-home
lr:0.01
net:resnet50
seed:2022
gent:True
ent:True
threshold:0
cls_par:0.3
ent_par:1.0
lr_decay1:0.1
lr_decay2:1.0
bottleneck:256
epsilon:1e-05
layer:wn
classifier:bn
distance:cosine
output:san
output_src:san
da:uda
issave:True
timestamp:2024-04-14_12.41.55
use_file_logger:True
names:['Art', 'Clipart', 'Product', 'Real_World']
use_train_transform:False
use_balanced_sampler:False
class_num:65
s_dset_path:../data/office-home/image_list/Art.txt
t_dset_path:../data/office-home/image_list/Product.txt
test_dset_path:../data/office-home/image_list/Product.txt
output_dir_src:../checkpoints/SHOT/source/uda/
output_dir:../checkpoints/SHOT/target/uda/
savename:par_0.3

2024-04-14 18:00:29:INFO:Accuracy = 67.52% -> 76.68%    Per_class_accuracy = 66.35% -> 75.35%
2024-04-14 18:00:42:INFO:Task: Art->Product, Iter:70/1050; Accuracy = 76.57%    Per_class_accuracy=75.32
2024-04-14 18:00:49:INFO:Accuracy = 76.57% -> 77.40%    Per_class_accuracy = 75.32% -> 76.29%
2024-04-14 18:01:02:INFO:Task: Art->Product, Iter:140/1050; Accuracy = 77.36%    Per_class_accuracy=76.14
2024-04-14 18:01:10:INFO:Accuracy = 77.36% -> 77.54%    Per_class_accuracy = 76.14% -> 76.42%
2024-04-14 18:01:23:INFO:Task: Art->Product, Iter:210/1050; Accuracy = 77.90%    Per_class_accuracy=76.70
2024-04-14 18:01:30:INFO:Accuracy = 77.90% -> 78.08%    Per_class_accuracy = 76.70% -> 76.98%
2024-04-14 18:01:42:INFO:Task: Art->Product, Iter:280/1050; Accuracy = 78.04%    Per_class_accuracy=76.82
2024-04-14 18:01:50:INFO:Accuracy = 78.04% -> 78.22%    Per_class_accuracy = 76.82% -> 77.10%
2024-04-14 18:02:02:INFO:Task: Art->Product, Iter:350/1050; Accuracy = 78.24%    Per_class_accuracy=77.09
2024-04-14 18:02:09:INFO:Accuracy = 78.24% -> 78.40%    Per_class_accuracy = 77.09% -> 77.32%
2024-04-14 18:02:23:INFO:Task: Art->Product, Iter:420/1050; Accuracy = 78.49%    Per_class_accuracy=77.40
2024-04-14 18:02:31:INFO:Accuracy = 78.49% -> 78.44%    Per_class_accuracy = 77.40% -> 77.37%
2024-04-14 18:02:44:INFO:Task: Art->Product, Iter:490/1050; Accuracy = 78.49%    Per_class_accuracy=77.41
2024-04-14 18:02:51:INFO:Accuracy = 78.49% -> 78.40%    Per_class_accuracy = 77.41% -> 77.35%
2024-04-14 18:03:04:INFO:Task: Art->Product, Iter:560/1050; Accuracy = 78.53%    Per_class_accuracy=77.48
2024-04-14 18:03:11:INFO:Accuracy = 78.53% -> 78.55%    Per_class_accuracy = 77.48% -> 77.51%
2024-04-14 18:03:25:INFO:Task: Art->Product, Iter:630/1050; Accuracy = 78.44%    Per_class_accuracy=77.45
2024-04-14 18:03:31:INFO:Accuracy = 78.44% -> 78.40%    Per_class_accuracy = 77.45% -> 77.38%
2024-04-14 18:03:45:INFO:Task: Art->Product, Iter:700/1050; Accuracy = 78.40%    Per_class_accuracy=77.35
2024-04-14 18:03:52:INFO:Accuracy = 78.40% -> 78.42%    Per_class_accuracy = 77.35% -> 77.40%
2024-04-14 18:04:04:INFO:Task: Art->Product, Iter:770/1050; Accuracy = 78.51%    Per_class_accuracy=77.43
2024-04-14 18:04:11:INFO:Accuracy = 78.51% -> 78.46%    Per_class_accuracy = 77.43% -> 77.42%
2024-04-14 18:04:24:INFO:Task: Art->Product, Iter:840/1050; Accuracy = 78.53%    Per_class_accuracy=77.50
2024-04-14 18:04:31:INFO:Accuracy = 78.53% -> 78.46%    Per_class_accuracy = 77.50% -> 77.45%
2024-04-14 18:04:44:INFO:Task: Art->Product, Iter:910/1050; Accuracy = 78.46%    Per_class_accuracy=77.44
2024-04-14 18:04:50:INFO:Accuracy = 78.46% -> 78.53%    Per_class_accuracy = 77.44% -> 77.49%
2024-04-14 18:05:03:INFO:Task: Art->Product, Iter:980/1050; Accuracy = 78.60%    Per_class_accuracy=77.57
2024-04-14 18:05:11:INFO:Accuracy = 78.60% -> 78.53%    Per_class_accuracy = 77.57% -> 77.50%
2024-04-14 18:05:23:INFO:Task: Art->Product, Iter:1050/1050; Accuracy = 78.51%    Per_class_accuracy=77.48
2024-04-14 18:05:24:INFO:==========================================
gpu_id:0
s:Art
t:Real_World
max_epoch:15
interval:15
batch_size:64
worker:4
dset:office-home
lr:0.01
net:resnet50
seed:2022
gent:True
ent:True
threshold:0
cls_par:0.3
ent_par:1.0
lr_decay1:0.1
lr_decay2:1.0
bottleneck:256
epsilon:1e-05
layer:wn
classifier:bn
distance:cosine
output:san
output_src:san
da:uda
issave:True
timestamp:2024-04-14_12.41.55
use_file_logger:True
names:['Art', 'Clipart', 'Product', 'Real_World']
use_train_transform:False
use_balanced_sampler:False
class_num:65
s_dset_path:../data/office-home/image_list/Art.txt
t_dset_path:../data/office-home/image_list/Real_World.txt
test_dset_path:../data/office-home/image_list/Real_World.txt
output_dir_src:../checkpoints/SHOT/source/uda/
output_dir:../checkpoints/SHOT/target/uda/
savename:par_0.3

2024-04-14 18:05:56:INFO:Accuracy = 74.48% -> 78.95%    Per_class_accuracy = 72.89% -> 77.87%
2024-04-14 18:06:48:INFO:Task: Art->Real_World, Iter:69/1035; Accuracy = 80.40%    Per_class_accuracy=78.75
2024-04-14 18:07:24:INFO:Accuracy = 80.40% -> 80.81%    Per_class_accuracy = 78.75% -> 79.51%
2024-04-14 18:08:21:INFO:Task: Art->Real_World, Iter:138/1035; Accuracy = 81.11%    Per_class_accuracy=79.62
2024-04-14 18:08:54:INFO:Accuracy = 81.11% -> 81.36%    Per_class_accuracy = 79.62% -> 80.15%
2024-04-14 18:09:47:INFO:Task: Art->Real_World, Iter:207/1035; Accuracy = 81.66%    Per_class_accuracy=80.15
2024-04-14 18:10:24:INFO:Accuracy = 81.66% -> 81.50%    Per_class_accuracy = 80.15% -> 80.20%
2024-04-14 18:11:22:INFO:Task: Art->Real_World, Iter:276/1035; Accuracy = 81.78%    Per_class_accuracy=80.25
2024-04-14 18:11:57:INFO:Accuracy = 81.78% -> 81.73%    Per_class_accuracy = 80.25% -> 80.48%
2024-04-14 18:12:54:INFO:Task: Art->Real_World, Iter:345/1035; Accuracy = 82.07%    Per_class_accuracy=80.71
2024-04-14 18:13:29:INFO:Accuracy = 82.07% -> 81.80%    Per_class_accuracy = 80.71% -> 80.61%
2024-04-14 18:14:27:INFO:Task: Art->Real_World, Iter:414/1035; Accuracy = 81.85%    Per_class_accuracy=80.53
2024-04-14 18:15:03:INFO:Accuracy = 81.85% -> 81.78%    Per_class_accuracy = 80.53% -> 80.57%
2024-04-14 18:15:56:INFO:Task: Art->Real_World, Iter:483/1035; Accuracy = 82.24%    Per_class_accuracy=80.98
2024-04-14 18:16:26:INFO:Accuracy = 82.24% -> 81.91%    Per_class_accuracy = 80.98% -> 80.72%
2024-04-14 18:17:23:INFO:Task: Art->Real_World, Iter:552/1035; Accuracy = 82.21%    Per_class_accuracy=80.94
2024-04-14 18:17:55:INFO:Accuracy = 82.21% -> 81.94%    Per_class_accuracy = 80.94% -> 80.77%
2024-04-14 18:18:52:INFO:Task: Art->Real_World, Iter:621/1035; Accuracy = 82.19%    Per_class_accuracy=80.96
2024-04-14 18:19:23:INFO:Accuracy = 82.19% -> 81.85%    Per_class_accuracy = 80.96% -> 80.66%
2024-04-14 18:20:21:INFO:Task: Art->Real_World, Iter:690/1035; Accuracy = 82.19%    Per_class_accuracy=80.95
2024-04-14 18:20:51:INFO:Accuracy = 82.19% -> 81.91%    Per_class_accuracy = 80.95% -> 80.75%
2024-04-14 18:21:49:INFO:Task: Art->Real_World, Iter:759/1035; Accuracy = 82.10%    Per_class_accuracy=80.88
2024-04-14 18:22:18:INFO:Accuracy = 82.10% -> 81.94%    Per_class_accuracy = 80.88% -> 80.82%
2024-04-14 18:23:16:INFO:Task: Art->Real_World, Iter:828/1035; Accuracy = 82.17%    Per_class_accuracy=80.92
2024-04-14 18:23:51:INFO:Accuracy = 82.17% -> 81.85%    Per_class_accuracy = 80.92% -> 80.71%
2024-04-14 18:24:50:INFO:Task: Art->Real_World, Iter:897/1035; Accuracy = 82.05%    Per_class_accuracy=80.83
2024-04-14 18:25:21:INFO:Accuracy = 82.05% -> 81.82%    Per_class_accuracy = 80.83% -> 80.65%
2024-04-14 18:26:18:INFO:Task: Art->Real_World, Iter:966/1035; Accuracy = 82.05%    Per_class_accuracy=80.92
2024-04-14 18:26:49:INFO:Accuracy = 82.05% -> 81.96%    Per_class_accuracy = 80.92% -> 80.83%
2024-04-14 18:27:46:INFO:Task: Art->Real_World, Iter:1035/1035; Accuracy = 82.14%    Per_class_accuracy=81.01
