2024-04-14 12:49:31:INFO:visdom:2074879
2024-04-14 12:49:31:INFO:==========================================
gpu_id:0
s:real
t:sketch
max_epoch:15
interval:15
batch_size:64
worker:4
dset:domainnet40
lr:0.01
net:resnet50
seed:2020
gent:True
ent:True
threshold:0
cls_par:0.3
ent_par:1.0
lr_decay1:0.1
lr_decay2:1.0
bottleneck:256
epsilon:1e-05
layer:wn
classifier:bn
distance:cosine
output:san
output_src:san
da:uda
issave:True
timestamp:2024-04-14_11.31.21
use_file_logger:True
names:['sketch', 'clipart', 'painting', 'real']
use_train_transform:False
use_balanced_sampler:False
class_num:40
s_dset_path:../data/domainnet40/image_list/real_train_mini.txt
t_dset_path:../data/domainnet40/image_list/sketch_train_mini.txt
test_dset_path:../data/domainnet40/image_list/sketch_test_mini.txt
output_dir_src:../checkpoints/SHOT/source/uda/
output_dir:../checkpoints/SHOT/target/uda/
savename:par_0.3

2024-04-14 12:49:45:INFO:Accuracy = 55.48% -> 61.73%    Per_class_accuracy = 54.03% -> 61.87%
2024-04-14 12:50:01:INFO:Task: real->sketch, Iter:87/1305; Accuracy = 70.11%    Per_class_accuracy=69.76
2024-04-14 12:50:11:INFO:Accuracy = 70.22% -> 70.72%    Per_class_accuracy = 69.49% -> 70.27%
2024-04-14 12:50:26:INFO:Task: real->sketch, Iter:174/1305; Accuracy = 70.95%    Per_class_accuracy=70.73
2024-04-14 12:50:36:INFO:Accuracy = 71.30% -> 71.46%    Per_class_accuracy = 70.27% -> 71.08%
2024-04-14 12:50:50:INFO:Task: real->sketch, Iter:261/1305; Accuracy = 72.20%    Per_class_accuracy=72.11
2024-04-14 12:51:00:INFO:Accuracy = 71.92% -> 71.81%    Per_class_accuracy = 71.38% -> 71.35%
2024-04-14 12:51:15:INFO:Task: real->sketch, Iter:348/1305; Accuracy = 72.53%    Per_class_accuracy=72.26
2024-04-14 12:51:24:INFO:Accuracy = 72.15% -> 71.95%    Per_class_accuracy = 71.58% -> 71.43%
2024-04-14 12:51:39:INFO:Task: real->sketch, Iter:435/1305; Accuracy = 72.32%    Per_class_accuracy=72.12
2024-04-14 12:51:49:INFO:Accuracy = 72.02% -> 71.95%    Per_class_accuracy = 71.54% -> 71.41%
2024-04-14 12:52:06:INFO:Task: real->sketch, Iter:522/1305; Accuracy = 72.07%    Per_class_accuracy=71.82
2024-04-14 12:52:16:INFO:Accuracy = 72.01% -> 72.01%    Per_class_accuracy = 71.29% -> 71.53%
2024-04-14 12:52:31:INFO:Task: real->sketch, Iter:609/1305; Accuracy = 71.90%    Per_class_accuracy=71.73
2024-04-14 12:52:41:INFO:Accuracy = 71.93% -> 72.04%    Per_class_accuracy = 71.45% -> 71.58%
2024-04-14 12:52:59:INFO:Task: real->sketch, Iter:696/1305; Accuracy = 72.20%    Per_class_accuracy=72.25
2024-04-14 12:53:09:INFO:Accuracy = 71.90% -> 71.97%    Per_class_accuracy = 71.44% -> 71.56%
2024-04-14 12:53:26:INFO:Task: real->sketch, Iter:783/1305; Accuracy = 71.90%    Per_class_accuracy=71.95
2024-04-14 12:53:35:INFO:Accuracy = 71.86% -> 72.15%    Per_class_accuracy = 71.43% -> 71.76%
2024-04-14 12:53:47:INFO:Task: real->sketch, Iter:870/1305; Accuracy = 71.86%    Per_class_accuracy=71.84
2024-04-14 12:53:56:INFO:Accuracy = 71.95% -> 72.17%    Per_class_accuracy = 71.55% -> 71.79%
2024-04-14 12:54:09:INFO:Task: real->sketch, Iter:957/1305; Accuracy = 72.07%    Per_class_accuracy=72.20
2024-04-14 12:54:18:INFO:Accuracy = 71.99% -> 72.21%    Per_class_accuracy = 71.64% -> 71.91%
2024-04-14 12:54:33:INFO:Task: real->sketch, Iter:1044/1305; Accuracy = 72.11%    Per_class_accuracy=72.26
2024-04-14 12:54:43:INFO:Accuracy = 72.19% -> 72.31%    Per_class_accuracy = 71.84% -> 72.00%
2024-04-14 12:54:57:INFO:Task: real->sketch, Iter:1131/1305; Accuracy = 72.11%    Per_class_accuracy=72.17
2024-04-14 12:55:07:INFO:Accuracy = 72.21% -> 72.31%    Per_class_accuracy = 71.94% -> 72.02%
2024-04-14 12:55:20:INFO:Task: real->sketch, Iter:1218/1305; Accuracy = 71.99%    Per_class_accuracy=71.87
2024-04-14 12:55:30:INFO:Accuracy = 72.31% -> 72.42%    Per_class_accuracy = 72.01% -> 72.12%
2024-04-14 12:55:43:INFO:Task: real->sketch, Iter:1305/1305; Accuracy = 72.11%    Per_class_accuracy=72.56
2024-04-14 12:55:43:INFO:==========================================
gpu_id:0
s:real
t:clipart
max_epoch:15
interval:15
batch_size:64
worker:4
dset:domainnet40
lr:0.01
net:resnet50
seed:2020
gent:True
ent:True
threshold:0
cls_par:0.3
ent_par:1.0
lr_decay1:0.1
lr_decay2:1.0
bottleneck:256
epsilon:1e-05
layer:wn
classifier:bn
distance:cosine
output:san
output_src:san
da:uda
issave:True
timestamp:2024-04-14_11.31.21
use_file_logger:True
names:['sketch', 'clipart', 'painting', 'real']
use_train_transform:False
use_balanced_sampler:False
class_num:40
s_dset_path:../data/domainnet40/image_list/real_train_mini.txt
t_dset_path:../data/domainnet40/image_list/clipart_train_mini.txt
test_dset_path:../data/domainnet40/image_list/clipart_test_mini.txt
output_dir_src:../checkpoints/SHOT/source/uda/
output_dir:../checkpoints/SHOT/target/uda/
savename:par_0.3

2024-04-14 12:55:51:INFO:Accuracy = 64.66% -> 70.68%    Per_class_accuracy = 62.16% -> 70.88%
2024-04-14 12:56:00:INFO:Task: real->clipart, Iter:58/870; Accuracy = 77.60%    Per_class_accuracy=75.74
2024-04-14 12:56:06:INFO:Accuracy = 76.58% -> 77.56%    Per_class_accuracy = 74.51% -> 77.09%
2024-04-14 12:56:16:INFO:Task: real->clipart, Iter:116/870; Accuracy = 78.34%    Per_class_accuracy=76.76
2024-04-14 12:56:23:INFO:Accuracy = 77.64% -> 78.39%    Per_class_accuracy = 75.86% -> 78.11%
2024-04-14 12:56:32:INFO:Task: real->clipart, Iter:174/870; Accuracy = 79.08%    Per_class_accuracy=77.52
2024-04-14 12:56:40:INFO:Accuracy = 77.64% -> 78.50%    Per_class_accuracy = 76.57% -> 78.51%
2024-04-14 12:56:49:INFO:Task: real->clipart, Iter:232/870; Accuracy = 79.46%    Per_class_accuracy=78.14
2024-04-14 12:56:55:INFO:Accuracy = 78.04% -> 78.55%    Per_class_accuracy = 77.10% -> 78.53%
2024-04-14 12:57:04:INFO:Task: real->clipart, Iter:290/870; Accuracy = 79.89%    Per_class_accuracy=78.87
2024-04-14 12:57:11:INFO:Accuracy = 78.04% -> 78.61%    Per_class_accuracy = 77.39% -> 78.57%
2024-04-14 12:57:21:INFO:Task: real->clipart, Iter:348/870; Accuracy = 80.07%    Per_class_accuracy=79.27
2024-04-14 12:57:29:INFO:Accuracy = 78.37% -> 78.58%    Per_class_accuracy = 77.97% -> 78.57%
2024-04-14 12:57:38:INFO:Task: real->clipart, Iter:406/870; Accuracy = 80.51%    Per_class_accuracy=79.79
2024-04-14 12:57:44:INFO:Accuracy = 78.23% -> 78.50%    Per_class_accuracy = 77.92% -> 78.44%
2024-04-14 12:57:54:INFO:Task: real->clipart, Iter:464/870; Accuracy = 80.38%    Per_class_accuracy=79.64
2024-04-14 12:58:01:INFO:Accuracy = 78.42% -> 78.55%    Per_class_accuracy = 78.10% -> 78.59%
2024-04-14 12:58:10:INFO:Task: real->clipart, Iter:522/870; Accuracy = 80.14%    Per_class_accuracy=79.59
2024-04-14 12:58:17:INFO:Accuracy = 78.37% -> 78.45%    Per_class_accuracy = 78.20% -> 78.49%
2024-04-14 12:58:26:INFO:Task: real->clipart, Iter:580/870; Accuracy = 80.26%    Per_class_accuracy=79.91
2024-04-14 12:58:33:INFO:Accuracy = 78.20% -> 78.50%    Per_class_accuracy = 78.08% -> 78.58%
2024-04-14 12:58:42:INFO:Task: real->clipart, Iter:638/870; Accuracy = 80.51%    Per_class_accuracy=80.40
2024-04-14 12:58:49:INFO:Accuracy = 78.39% -> 78.53%    Per_class_accuracy = 78.33% -> 78.62%
2024-04-14 12:58:58:INFO:Task: real->clipart, Iter:696/870; Accuracy = 80.75%    Per_class_accuracy=80.51
2024-04-14 12:59:05:INFO:Accuracy = 78.47% -> 78.53%    Per_class_accuracy = 78.44% -> 78.59%
2024-04-14 12:59:13:INFO:Task: real->clipart, Iter:754/870; Accuracy = 80.07%    Per_class_accuracy=79.74
2024-04-14 12:59:20:INFO:Accuracy = 78.39% -> 78.45%    Per_class_accuracy = 78.38% -> 78.53%
2024-04-14 12:59:30:INFO:Task: real->clipart, Iter:812/870; Accuracy = 79.89%    Per_class_accuracy=80.16
2024-04-14 12:59:37:INFO:Accuracy = 78.34% -> 78.39%    Per_class_accuracy = 78.39% -> 78.57%
2024-04-14 12:59:47:INFO:Task: real->clipart, Iter:870/870; Accuracy = 80.20%    Per_class_accuracy=80.18
2024-04-14 12:59:47:INFO:==========================================
gpu_id:0
s:real
t:painting
max_epoch:15
interval:15
batch_size:64
worker:4
dset:domainnet40
lr:0.01
net:resnet50
seed:2020
gent:True
ent:True
threshold:0
cls_par:0.3
ent_par:1.0
lr_decay1:0.1
lr_decay2:1.0
bottleneck:256
epsilon:1e-05
layer:wn
classifier:bn
distance:cosine
output:san
output_src:san
da:uda
issave:True
timestamp:2024-04-14_11.31.21
use_file_logger:True
names:['sketch', 'clipart', 'painting', 'real']
use_train_transform:False
use_balanced_sampler:False
class_num:40
s_dset_path:../data/domainnet40/image_list/real_train_mini.txt
t_dset_path:../data/domainnet40/image_list/painting_train_mini.txt
test_dset_path:../data/domainnet40/image_list/painting_test_mini.txt
output_dir_src:../checkpoints/SHOT/source/uda/
output_dir:../checkpoints/SHOT/target/uda/
savename:par_0.3

2024-04-14 13:00:00:INFO:Accuracy = 74.89% -> 77.95%    Per_class_accuracy = 69.75% -> 73.76%
2024-04-14 13:00:17:INFO:Task: real->painting, Iter:106/1590; Accuracy = 80.89%    Per_class_accuracy=75.27
2024-04-14 13:00:29:INFO:Accuracy = 81.14% -> 81.60%    Per_class_accuracy = 75.72% -> 76.70%
2024-04-14 13:00:45:INFO:Task: real->painting, Iter:212/1590; Accuracy = 81.02%    Per_class_accuracy=75.85
2024-04-14 13:00:58:INFO:Accuracy = 81.25% -> 81.45%    Per_class_accuracy = 76.28% -> 76.63%
2024-04-14 13:01:16:INFO:Task: real->painting, Iter:318/1590; Accuracy = 80.27%    Per_class_accuracy=75.00
2024-04-14 13:01:28:INFO:Accuracy = 81.00% -> 81.31%    Per_class_accuracy = 76.15% -> 76.60%
2024-04-14 13:01:45:INFO:Task: real->painting, Iter:424/1590; Accuracy = 80.47%    Per_class_accuracy=75.77
2024-04-14 13:01:57:INFO:Accuracy = 81.12% -> 81.33%    Per_class_accuracy = 76.36% -> 76.39%
2024-04-14 13:02:14:INFO:Task: real->painting, Iter:530/1590; Accuracy = 81.13%    Per_class_accuracy=76.27
2024-04-14 13:02:27:INFO:Accuracy = 81.20% -> 81.36%    Per_class_accuracy = 76.37% -> 76.53%
2024-04-14 13:02:45:INFO:Task: real->painting, Iter:636/1590; Accuracy = 80.34%    Per_class_accuracy=75.66
2024-04-14 13:02:57:INFO:Accuracy = 81.02% -> 81.17%    Per_class_accuracy = 76.16% -> 76.23%
2024-04-14 13:03:15:INFO:Task: real->painting, Iter:742/1590; Accuracy = 80.51%    Per_class_accuracy=75.91
2024-04-14 13:03:28:INFO:Accuracy = 80.93% -> 81.11%    Per_class_accuracy = 76.10% -> 76.29%
2024-04-14 13:03:46:INFO:Task: real->painting, Iter:848/1590; Accuracy = 81.02%    Per_class_accuracy=75.89
2024-04-14 13:03:58:INFO:Accuracy = 80.94% -> 81.08%    Per_class_accuracy = 76.16% -> 76.32%
2024-04-14 13:04:17:INFO:Task: real->painting, Iter:954/1590; Accuracy = 80.99%    Per_class_accuracy=76.33
2024-04-14 13:04:30:INFO:Accuracy = 80.93% -> 81.03%    Per_class_accuracy = 76.08% -> 76.24%
2024-04-14 13:04:46:INFO:Task: real->painting, Iter:1060/1590; Accuracy = 80.61%    Per_class_accuracy=75.72
2024-04-14 13:04:58:INFO:Accuracy = 80.90% -> 81.06%    Per_class_accuracy = 76.09% -> 76.27%
2024-04-14 13:05:15:INFO:Task: real->painting, Iter:1166/1590; Accuracy = 80.96%    Per_class_accuracy=76.62
2024-04-14 13:05:27:INFO:Accuracy = 80.97% -> 81.06%    Per_class_accuracy = 76.21% -> 76.28%
2024-04-14 13:05:44:INFO:Task: real->painting, Iter:1272/1590; Accuracy = 80.85%    Per_class_accuracy=76.40
2024-04-14 13:05:56:INFO:Accuracy = 80.84% -> 80.99%    Per_class_accuracy = 76.16% -> 76.24%
2024-04-14 13:06:14:INFO:Task: real->painting, Iter:1378/1590; Accuracy = 80.85%    Per_class_accuracy=76.16
2024-04-14 13:06:27:INFO:Accuracy = 80.84% -> 80.99%    Per_class_accuracy = 76.16% -> 76.22%
2024-04-14 13:06:44:INFO:Task: real->painting, Iter:1484/1590; Accuracy = 80.65%    Per_class_accuracy=76.08
2024-04-14 13:06:56:INFO:Accuracy = 80.88% -> 80.93%    Per_class_accuracy = 76.16% -> 76.19%
2024-04-14 13:07:14:INFO:Task: real->painting, Iter:1590/1590; Accuracy = 80.06%    Per_class_accuracy=75.54
2024-04-14 14:29:17:INFO:visdom:2472527
2024-04-14 14:29:17:INFO:==========================================
gpu_id:0
s:real
t:sketch
max_epoch:15
interval:15
batch_size:64
worker:4
dset:domainnet40
lr:0.01
net:resnet50
seed:2021
gent:True
ent:True
threshold:0
cls_par:0.3
ent_par:1.0
lr_decay1:0.1
lr_decay2:1.0
bottleneck:256
epsilon:1e-05
layer:wn
classifier:bn
distance:cosine
output:san
output_src:san
da:uda
issave:True
timestamp:2024-04-14_11.31.21
use_file_logger:True
names:['sketch', 'clipart', 'painting', 'real']
use_train_transform:False
use_balanced_sampler:False
class_num:40
s_dset_path:../data/domainnet40/image_list/real_train_mini.txt
t_dset_path:../data/domainnet40/image_list/sketch_train_mini.txt
test_dset_path:../data/domainnet40/image_list/sketch_test_mini.txt
output_dir_src:../checkpoints/SHOT/source/uda/
output_dir:../checkpoints/SHOT/target/uda/
savename:par_0.3

2024-04-14 14:29:29:INFO:Accuracy = 55.48% -> 61.73%    Per_class_accuracy = 54.03% -> 61.87%
2024-04-14 14:29:45:INFO:Task: real->sketch, Iter:87/1305; Accuracy = 70.28%    Per_class_accuracy=70.01
2024-04-14 14:29:55:INFO:Accuracy = 69.79% -> 70.11%    Per_class_accuracy = 69.40% -> 70.35%
2024-04-14 14:30:08:INFO:Task: real->sketch, Iter:174/1305; Accuracy = 71.78%    Per_class_accuracy=71.66
2024-04-14 14:30:19:INFO:Accuracy = 71.21% -> 71.59%    Per_class_accuracy = 70.64% -> 71.37%
2024-04-14 14:30:33:INFO:Task: real->sketch, Iter:261/1305; Accuracy = 71.90%    Per_class_accuracy=71.93
2024-04-14 14:30:43:INFO:Accuracy = 71.30% -> 71.52%    Per_class_accuracy = 71.06% -> 71.42%
2024-04-14 14:30:58:INFO:Task: real->sketch, Iter:348/1305; Accuracy = 71.78%    Per_class_accuracy=72.11
2024-04-14 14:31:08:INFO:Accuracy = 71.32% -> 71.48%    Per_class_accuracy = 71.30% -> 71.56%
2024-04-14 14:31:24:INFO:Task: real->sketch, Iter:435/1305; Accuracy = 71.95%    Per_class_accuracy=72.54
2024-04-14 14:31:34:INFO:Accuracy = 71.46% -> 71.70%    Per_class_accuracy = 71.42% -> 71.80%
2024-04-14 14:31:50:INFO:Task: real->sketch, Iter:522/1305; Accuracy = 71.65%    Per_class_accuracy=72.37
2024-04-14 14:32:01:INFO:Accuracy = 71.32% -> 71.52%    Per_class_accuracy = 71.38% -> 71.67%
2024-04-14 14:32:14:INFO:Task: real->sketch, Iter:609/1305; Accuracy = 71.49%    Per_class_accuracy=72.30
2024-04-14 14:32:23:INFO:Accuracy = 71.37% -> 71.61%    Per_class_accuracy = 71.55% -> 71.81%
2024-04-14 14:32:35:INFO:Task: real->sketch, Iter:696/1305; Accuracy = 71.11%    Per_class_accuracy=72.04
2024-04-14 14:32:44:INFO:Accuracy = 71.46% -> 71.61%    Per_class_accuracy = 71.71% -> 71.85%
2024-04-14 14:32:57:INFO:Task: real->sketch, Iter:783/1305; Accuracy = 72.03%    Per_class_accuracy=72.45
2024-04-14 14:33:07:INFO:Accuracy = 71.46% -> 71.70%    Per_class_accuracy = 71.71% -> 71.94%
2024-04-14 14:33:20:INFO:Task: real->sketch, Iter:870/1305; Accuracy = 71.82%    Per_class_accuracy=72.61
2024-04-14 14:33:29:INFO:Accuracy = 71.45% -> 71.61%    Per_class_accuracy = 71.68% -> 71.88%
2024-04-14 14:33:42:INFO:Task: real->sketch, Iter:957/1305; Accuracy = 71.61%    Per_class_accuracy=72.00
2024-04-14 14:33:51:INFO:Accuracy = 71.48% -> 71.63%    Per_class_accuracy = 71.72% -> 71.88%
2024-04-14 14:34:04:INFO:Task: real->sketch, Iter:1044/1305; Accuracy = 71.45%    Per_class_accuracy=72.27
2024-04-14 14:34:14:INFO:Accuracy = 71.43% -> 71.63%    Per_class_accuracy = 71.71% -> 71.91%
2024-04-14 14:34:27:INFO:Task: real->sketch, Iter:1131/1305; Accuracy = 72.03%    Per_class_accuracy=72.84
2024-04-14 14:34:38:INFO:Accuracy = 71.48% -> 71.55%    Per_class_accuracy = 71.76% -> 71.85%
2024-04-14 14:34:51:INFO:Task: real->sketch, Iter:1218/1305; Accuracy = 71.90%    Per_class_accuracy=72.46
2024-04-14 14:35:01:INFO:Accuracy = 71.48% -> 71.65%    Per_class_accuracy = 71.78% -> 71.95%
2024-04-14 14:35:16:INFO:Task: real->sketch, Iter:1305/1305; Accuracy = 71.90%    Per_class_accuracy=72.04
2024-04-14 14:35:16:INFO:==========================================
gpu_id:0
s:real
t:clipart
max_epoch:15
interval:15
batch_size:64
worker:4
dset:domainnet40
lr:0.01
net:resnet50
seed:2021
gent:True
ent:True
threshold:0
cls_par:0.3
ent_par:1.0
lr_decay1:0.1
lr_decay2:1.0
bottleneck:256
epsilon:1e-05
layer:wn
classifier:bn
distance:cosine
output:san
output_src:san
da:uda
issave:True
timestamp:2024-04-14_11.31.21
use_file_logger:True
names:['sketch', 'clipart', 'painting', 'real']
use_train_transform:False
use_balanced_sampler:False
class_num:40
s_dset_path:../data/domainnet40/image_list/real_train_mini.txt
t_dset_path:../data/domainnet40/image_list/clipart_train_mini.txt
test_dset_path:../data/domainnet40/image_list/clipart_test_mini.txt
output_dir_src:../checkpoints/SHOT/source/uda/
output_dir:../checkpoints/SHOT/target/uda/
savename:par_0.3

2024-04-14 14:35:24:INFO:Accuracy = 64.66% -> 70.68%    Per_class_accuracy = 62.16% -> 70.88%
2024-04-14 14:35:34:INFO:Task: real->clipart, Iter:58/870; Accuracy = 77.48%    Per_class_accuracy=76.19
2024-04-14 14:35:40:INFO:Accuracy = 75.96% -> 77.04%    Per_class_accuracy = 74.78% -> 77.21%
2024-04-14 14:35:49:INFO:Task: real->clipart, Iter:116/870; Accuracy = 78.47%    Per_class_accuracy=76.90
2024-04-14 14:35:56:INFO:Accuracy = 76.83% -> 77.77%    Per_class_accuracy = 75.75% -> 77.92%
2024-04-14 14:36:06:INFO:Task: real->clipart, Iter:174/870; Accuracy = 78.09%    Per_class_accuracy=76.78
2024-04-14 14:36:13:INFO:Accuracy = 76.96% -> 77.56%    Per_class_accuracy = 76.12% -> 77.65%
2024-04-14 14:36:24:INFO:Task: real->clipart, Iter:232/870; Accuracy = 78.22%    Per_class_accuracy=77.16
2024-04-14 14:36:31:INFO:Accuracy = 77.31% -> 77.74%    Per_class_accuracy = 76.89% -> 77.92%
2024-04-14 14:36:40:INFO:Task: real->clipart, Iter:290/870; Accuracy = 79.58%    Per_class_accuracy=78.53
2024-04-14 14:36:47:INFO:Accuracy = 77.66% -> 77.91%    Per_class_accuracy = 77.48% -> 78.05%
2024-04-14 14:36:57:INFO:Task: real->clipart, Iter:348/870; Accuracy = 79.39%    Per_class_accuracy=78.93
2024-04-14 14:37:05:INFO:Accuracy = 77.66% -> 77.83%    Per_class_accuracy = 77.43% -> 78.04%
2024-04-14 14:37:17:INFO:Task: real->clipart, Iter:406/870; Accuracy = 80.01%    Per_class_accuracy=79.59
2024-04-14 14:37:24:INFO:Accuracy = 77.64% -> 77.85%    Per_class_accuracy = 77.58% -> 78.12%
2024-04-14 14:37:33:INFO:Task: real->clipart, Iter:464/870; Accuracy = 79.39%    Per_class_accuracy=78.78
2024-04-14 14:37:40:INFO:Accuracy = 77.72% -> 77.83%    Per_class_accuracy = 77.75% -> 77.98%
2024-04-14 14:37:49:INFO:Task: real->clipart, Iter:522/870; Accuracy = 80.20%    Per_class_accuracy=80.12
2024-04-14 14:37:56:INFO:Accuracy = 77.72% -> 77.80%    Per_class_accuracy = 77.77% -> 78.11%
2024-04-14 14:38:08:INFO:Task: real->clipart, Iter:580/870; Accuracy = 80.20%    Per_class_accuracy=79.79
2024-04-14 14:38:14:INFO:Accuracy = 77.77% -> 77.80%    Per_class_accuracy = 77.85% -> 78.08%
2024-04-14 14:38:25:INFO:Task: real->clipart, Iter:638/870; Accuracy = 79.89%    Per_class_accuracy=79.76
2024-04-14 14:38:32:INFO:Accuracy = 77.77% -> 77.74%    Per_class_accuracy = 77.82% -> 78.02%
2024-04-14 14:38:41:INFO:Task: real->clipart, Iter:696/870; Accuracy = 79.70%    Per_class_accuracy=79.64
2024-04-14 14:38:48:INFO:Accuracy = 77.69% -> 77.80%    Per_class_accuracy = 77.74% -> 78.11%
2024-04-14 14:38:57:INFO:Task: real->clipart, Iter:754/870; Accuracy = 80.20%    Per_class_accuracy=80.07
2024-04-14 14:39:04:INFO:Accuracy = 77.83% -> 77.85%    Per_class_accuracy = 77.89% -> 78.13%
2024-04-14 14:39:16:INFO:Task: real->clipart, Iter:812/870; Accuracy = 79.89%    Per_class_accuracy=79.82
2024-04-14 14:39:24:INFO:Accuracy = 77.74% -> 77.80%    Per_class_accuracy = 77.92% -> 78.11%
2024-04-14 14:39:34:INFO:Task: real->clipart, Iter:870/870; Accuracy = 80.14%    Per_class_accuracy=80.18
2024-04-14 14:39:35:INFO:==========================================
gpu_id:0
s:real
t:painting
max_epoch:15
interval:15
batch_size:64
worker:4
dset:domainnet40
lr:0.01
net:resnet50
seed:2021
gent:True
ent:True
threshold:0
cls_par:0.3
ent_par:1.0
lr_decay1:0.1
lr_decay2:1.0
bottleneck:256
epsilon:1e-05
layer:wn
classifier:bn
distance:cosine
output:san
output_src:san
da:uda
issave:True
timestamp:2024-04-14_11.31.21
use_file_logger:True
names:['sketch', 'clipart', 'painting', 'real']
use_train_transform:False
use_balanced_sampler:False
class_num:40
s_dset_path:../data/domainnet40/image_list/real_train_mini.txt
t_dset_path:../data/domainnet40/image_list/painting_train_mini.txt
test_dset_path:../data/domainnet40/image_list/painting_test_mini.txt
output_dir_src:../checkpoints/SHOT/source/uda/
output_dir:../checkpoints/SHOT/target/uda/
savename:par_0.3

2024-04-14 14:39:48:INFO:Accuracy = 74.89% -> 77.95%    Per_class_accuracy = 69.75% -> 73.76%
2024-04-14 14:40:09:INFO:Task: real->painting, Iter:106/1590; Accuracy = 79.96%    Per_class_accuracy=74.01
2024-04-14 14:40:21:INFO:Accuracy = 80.65% -> 81.21%    Per_class_accuracy = 75.10% -> 76.12%
2024-04-14 14:40:40:INFO:Task: real->painting, Iter:212/1590; Accuracy = 80.34%    Per_class_accuracy=75.09
2024-04-14 14:40:52:INFO:Accuracy = 80.87% -> 80.94%    Per_class_accuracy = 75.55% -> 75.91%
2024-04-14 14:41:11:INFO:Task: real->painting, Iter:318/1590; Accuracy = 79.96%    Per_class_accuracy=75.37
2024-04-14 14:41:23:INFO:Accuracy = 80.78% -> 80.94%    Per_class_accuracy = 75.64% -> 76.15%
2024-04-14 14:41:45:INFO:Task: real->painting, Iter:424/1590; Accuracy = 80.61%    Per_class_accuracy=75.28
2024-04-14 14:41:57:INFO:Accuracy = 80.84% -> 80.99%    Per_class_accuracy = 76.10% -> 76.15%
2024-04-14 14:42:16:INFO:Task: real->painting, Iter:530/1590; Accuracy = 80.20%    Per_class_accuracy=74.69
2024-04-14 14:42:28:INFO:Accuracy = 80.75% -> 80.69%    Per_class_accuracy = 76.10% -> 76.02%
2024-04-14 14:42:46:INFO:Task: real->painting, Iter:636/1590; Accuracy = 80.44%    Per_class_accuracy=75.57
2024-04-14 14:42:58:INFO:Accuracy = 80.50% -> 80.67%    Per_class_accuracy = 75.92% -> 76.05%
2024-04-14 14:43:19:INFO:Task: real->painting, Iter:742/1590; Accuracy = 80.20%    Per_class_accuracy=74.93
2024-04-14 14:43:31:INFO:Accuracy = 80.60% -> 80.63%    Per_class_accuracy = 75.89% -> 75.92%
2024-04-14 14:43:51:INFO:Task: real->painting, Iter:848/1590; Accuracy = 80.47%    Per_class_accuracy=75.38
2024-04-14 14:44:03:INFO:Accuracy = 80.56% -> 80.60%    Per_class_accuracy = 75.91% -> 75.94%
2024-04-14 14:44:21:INFO:Task: real->painting, Iter:954/1590; Accuracy = 80.44%    Per_class_accuracy=75.13
2024-04-14 14:44:34:INFO:Accuracy = 80.57% -> 80.60%    Per_class_accuracy = 75.93% -> 75.93%
2024-04-14 14:44:54:INFO:Task: real->painting, Iter:1060/1590; Accuracy = 80.61%    Per_class_accuracy=75.22
2024-04-14 14:45:07:INFO:Accuracy = 80.62% -> 80.57%    Per_class_accuracy = 75.99% -> 75.91%
2024-04-14 14:45:28:INFO:Task: real->painting, Iter:1166/1590; Accuracy = 79.92%    Per_class_accuracy=75.22
2024-04-14 14:45:39:INFO:Accuracy = 80.50% -> 80.54%    Per_class_accuracy = 75.89% -> 75.92%
2024-04-14 14:45:57:INFO:Task: real->painting, Iter:1272/1590; Accuracy = 80.10%    Per_class_accuracy=75.77
2024-04-14 14:46:09:INFO:Accuracy = 80.48% -> 80.48%    Per_class_accuracy = 75.91% -> 75.90%
2024-04-14 14:46:28:INFO:Task: real->painting, Iter:1378/1590; Accuracy = 80.17%    Per_class_accuracy=75.29
2024-04-14 14:46:41:INFO:Accuracy = 80.44% -> 80.47%    Per_class_accuracy = 75.91% -> 75.89%
2024-04-14 14:47:01:INFO:Task: real->painting, Iter:1484/1590; Accuracy = 80.47%    Per_class_accuracy=75.58
2024-04-14 14:47:13:INFO:Accuracy = 80.45% -> 80.44%    Per_class_accuracy = 75.82% -> 75.86%
2024-04-14 14:47:32:INFO:Task: real->painting, Iter:1590/1590; Accuracy = 79.68%    Per_class_accuracy=74.35
2024-04-14 16:10:29:INFO:visdom:2915956
2024-04-14 16:10:29:INFO:==========================================
gpu_id:0
s:real
t:sketch
max_epoch:15
interval:15
batch_size:64
worker:4
dset:domainnet40
lr:0.01
net:resnet50
seed:2022
gent:True
ent:True
threshold:0
cls_par:0.3
ent_par:1.0
lr_decay1:0.1
lr_decay2:1.0
bottleneck:256
epsilon:1e-05
layer:wn
classifier:bn
distance:cosine
output:san
output_src:san
da:uda
issave:True
timestamp:2024-04-14_11.31.21
use_file_logger:True
names:['sketch', 'clipart', 'painting', 'real']
use_train_transform:False
use_balanced_sampler:False
class_num:40
s_dset_path:../data/domainnet40/image_list/real_train_mini.txt
t_dset_path:../data/domainnet40/image_list/sketch_train_mini.txt
test_dset_path:../data/domainnet40/image_list/sketch_test_mini.txt
output_dir_src:../checkpoints/SHOT/source/uda/
output_dir:../checkpoints/SHOT/target/uda/
savename:par_0.3

2024-04-14 16:10:40:INFO:Accuracy = 55.48% -> 61.73%    Per_class_accuracy = 54.03% -> 61.87%
2024-04-14 16:10:57:INFO:Task: real->sketch, Iter:87/1305; Accuracy = 69.74%    Per_class_accuracy=69.83
2024-04-14 16:11:07:INFO:Accuracy = 69.26% -> 70.33%    Per_class_accuracy = 68.86% -> 70.38%
2024-04-14 16:11:22:INFO:Task: real->sketch, Iter:174/1305; Accuracy = 72.28%    Per_class_accuracy=72.54
2024-04-14 16:11:31:INFO:Accuracy = 71.18% -> 71.75%    Per_class_accuracy = 71.03% -> 71.95%
2024-04-14 16:11:46:INFO:Task: real->sketch, Iter:261/1305; Accuracy = 72.16%    Per_class_accuracy=73.14
2024-04-14 16:11:55:INFO:Accuracy = 71.75% -> 71.95%    Per_class_accuracy = 71.77% -> 72.11%
2024-04-14 16:12:09:INFO:Task: real->sketch, Iter:348/1305; Accuracy = 72.74%    Per_class_accuracy=73.88
2024-04-14 16:12:19:INFO:Accuracy = 72.01% -> 72.30%    Per_class_accuracy = 72.20% -> 72.53%
2024-04-14 16:12:32:INFO:Task: real->sketch, Iter:435/1305; Accuracy = 72.32%    Per_class_accuracy=73.10
2024-04-14 16:12:42:INFO:Accuracy = 72.22% -> 72.35%    Per_class_accuracy = 72.32% -> 72.55%
2024-04-14 16:12:55:INFO:Task: real->sketch, Iter:522/1305; Accuracy = 72.53%    Per_class_accuracy=73.21
2024-04-14 16:13:05:INFO:Accuracy = 72.31% -> 72.51%    Per_class_accuracy = 72.44% -> 72.76%
2024-04-14 16:13:18:INFO:Task: real->sketch, Iter:609/1305; Accuracy = 72.53%    Per_class_accuracy=73.66
2024-04-14 16:13:27:INFO:Accuracy = 72.33% -> 72.44%    Per_class_accuracy = 72.57% -> 72.72%
2024-04-14 16:13:40:INFO:Task: real->sketch, Iter:696/1305; Accuracy = 72.11%    Per_class_accuracy=72.93
2024-04-14 16:13:50:INFO:Accuracy = 72.31% -> 72.51%    Per_class_accuracy = 72.54% -> 72.76%
2024-04-14 16:14:03:INFO:Task: real->sketch, Iter:783/1305; Accuracy = 72.53%    Per_class_accuracy=73.43
2024-04-14 16:14:13:INFO:Accuracy = 72.30% -> 72.44%    Per_class_accuracy = 72.54% -> 72.74%
2024-04-14 16:14:27:INFO:Task: real->sketch, Iter:870/1305; Accuracy = 72.99%    Per_class_accuracy=73.58
2024-04-14 16:14:37:INFO:Accuracy = 72.46% -> 72.60%    Per_class_accuracy = 72.76% -> 72.95%
2024-04-14 16:14:50:INFO:Task: real->sketch, Iter:957/1305; Accuracy = 72.74%    Per_class_accuracy=73.21
2024-04-14 16:14:58:INFO:Accuracy = 72.49% -> 72.67%    Per_class_accuracy = 72.80% -> 73.02%
2024-04-14 16:15:11:INFO:Task: real->sketch, Iter:1044/1305; Accuracy = 72.57%    Per_class_accuracy=73.52
2024-04-14 16:15:20:INFO:Accuracy = 72.60% -> 72.67%    Per_class_accuracy = 72.94% -> 73.03%
2024-04-14 16:15:33:INFO:Task: real->sketch, Iter:1131/1305; Accuracy = 72.07%    Per_class_accuracy=73.10
2024-04-14 16:15:42:INFO:Accuracy = 72.60% -> 72.82%    Per_class_accuracy = 72.96% -> 73.19%
2024-04-14 16:15:55:INFO:Task: real->sketch, Iter:1218/1305; Accuracy = 72.57%    Per_class_accuracy=72.90
2024-04-14 16:16:06:INFO:Accuracy = 72.67% -> 72.91%    Per_class_accuracy = 73.01% -> 73.28%
2024-04-14 16:16:19:INFO:Task: real->sketch, Iter:1305/1305; Accuracy = 72.86%    Per_class_accuracy=72.89
2024-04-14 16:16:19:INFO:==========================================
gpu_id:0
s:real
t:clipart
max_epoch:15
interval:15
batch_size:64
worker:4
dset:domainnet40
lr:0.01
net:resnet50
seed:2022
gent:True
ent:True
threshold:0
cls_par:0.3
ent_par:1.0
lr_decay1:0.1
lr_decay2:1.0
bottleneck:256
epsilon:1e-05
layer:wn
classifier:bn
distance:cosine
output:san
output_src:san
da:uda
issave:True
timestamp:2024-04-14_11.31.21
use_file_logger:True
names:['sketch', 'clipart', 'painting', 'real']
use_train_transform:False
use_balanced_sampler:False
class_num:40
s_dset_path:../data/domainnet40/image_list/real_train_mini.txt
t_dset_path:../data/domainnet40/image_list/clipart_train_mini.txt
test_dset_path:../data/domainnet40/image_list/clipart_test_mini.txt
output_dir_src:../checkpoints/SHOT/source/uda/
output_dir:../checkpoints/SHOT/target/uda/
savename:par_0.3

2024-04-14 16:16:27:INFO:Accuracy = 64.66% -> 70.68%    Per_class_accuracy = 62.16% -> 70.88%
2024-04-14 16:16:35:INFO:Task: real->clipart, Iter:58/870; Accuracy = 76.98%    Per_class_accuracy=75.21
2024-04-14 16:16:41:INFO:Accuracy = 76.15% -> 77.45%    Per_class_accuracy = 74.59% -> 77.17%
2024-04-14 16:16:50:INFO:Task: real->clipart, Iter:116/870; Accuracy = 78.40%    Per_class_accuracy=76.36
2024-04-14 16:16:56:INFO:Accuracy = 77.02% -> 77.77%    Per_class_accuracy = 75.65% -> 77.62%
2024-04-14 16:17:05:INFO:Task: real->clipart, Iter:174/870; Accuracy = 78.77%    Per_class_accuracy=77.42
2024-04-14 16:17:12:INFO:Accuracy = 76.96% -> 77.64%    Per_class_accuracy = 75.77% -> 77.65%
2024-04-14 16:17:22:INFO:Task: real->clipart, Iter:232/870; Accuracy = 78.77%    Per_class_accuracy=77.84
2024-04-14 16:17:29:INFO:Accuracy = 77.26% -> 77.66%    Per_class_accuracy = 76.38% -> 77.52%
2024-04-14 16:17:38:INFO:Task: real->clipart, Iter:290/870; Accuracy = 78.96%    Per_class_accuracy=77.97
2024-04-14 16:17:44:INFO:Accuracy = 77.31% -> 77.77%    Per_class_accuracy = 76.63% -> 77.71%
2024-04-14 16:17:52:INFO:Task: real->clipart, Iter:348/870; Accuracy = 79.02%    Per_class_accuracy=78.30
2024-04-14 16:17:59:INFO:Accuracy = 77.37% -> 77.74%    Per_class_accuracy = 76.89% -> 77.87%
2024-04-14 16:18:08:INFO:Task: real->clipart, Iter:406/870; Accuracy = 78.77%    Per_class_accuracy=78.38
2024-04-14 16:18:15:INFO:Accuracy = 77.58% -> 77.85%    Per_class_accuracy = 77.22% -> 77.95%
2024-04-14 16:18:24:INFO:Task: real->clipart, Iter:464/870; Accuracy = 79.15%    Per_class_accuracy=79.06
2024-04-14 16:18:31:INFO:Accuracy = 77.74% -> 77.88%    Per_class_accuracy = 77.42% -> 77.98%
2024-04-14 16:18:40:INFO:Task: real->clipart, Iter:522/870; Accuracy = 79.46%    Per_class_accuracy=79.13
2024-04-14 16:18:46:INFO:Accuracy = 77.80% -> 77.80%    Per_class_accuracy = 77.61% -> 77.81%
2024-04-14 16:18:55:INFO:Task: real->clipart, Iter:580/870; Accuracy = 79.21%    Per_class_accuracy=78.90
2024-04-14 16:19:02:INFO:Accuracy = 77.83% -> 77.77%    Per_class_accuracy = 77.68% -> 77.84%
2024-04-14 16:19:11:INFO:Task: real->clipart, Iter:638/870; Accuracy = 79.39%    Per_class_accuracy=78.98
2024-04-14 16:19:17:INFO:Accuracy = 77.85% -> 77.83%    Per_class_accuracy = 77.73% -> 77.87%
2024-04-14 16:19:27:INFO:Task: real->clipart, Iter:696/870; Accuracy = 79.21%    Per_class_accuracy=78.95
2024-04-14 16:19:34:INFO:Accuracy = 77.74% -> 77.77%    Per_class_accuracy = 77.50% -> 77.85%
2024-04-14 16:19:43:INFO:Task: real->clipart, Iter:754/870; Accuracy = 79.70%    Per_class_accuracy=79.55
2024-04-14 16:19:50:INFO:Accuracy = 77.77% -> 77.80%    Per_class_accuracy = 77.57% -> 77.88%
2024-04-14 16:19:58:INFO:Task: real->clipart, Iter:812/870; Accuracy = 79.46%    Per_class_accuracy=79.31
2024-04-14 16:20:05:INFO:Accuracy = 77.72% -> 77.77%    Per_class_accuracy = 77.60% -> 77.85%
2024-04-14 16:20:13:INFO:Task: real->clipart, Iter:870/870; Accuracy = 79.64%    Per_class_accuracy=79.39
2024-04-14 16:20:14:INFO:==========================================
gpu_id:0
s:real
t:painting
max_epoch:15
interval:15
batch_size:64
worker:4
dset:domainnet40
lr:0.01
net:resnet50
seed:2022
gent:True
ent:True
threshold:0
cls_par:0.3
ent_par:1.0
lr_decay1:0.1
lr_decay2:1.0
bottleneck:256
epsilon:1e-05
layer:wn
classifier:bn
distance:cosine
output:san
output_src:san
da:uda
issave:True
timestamp:2024-04-14_11.31.21
use_file_logger:True
names:['sketch', 'clipart', 'painting', 'real']
use_train_transform:False
use_balanced_sampler:False
class_num:40
s_dset_path:../data/domainnet40/image_list/real_train_mini.txt
t_dset_path:../data/domainnet40/image_list/painting_train_mini.txt
test_dset_path:../data/domainnet40/image_list/painting_test_mini.txt
output_dir_src:../checkpoints/SHOT/source/uda/
output_dir:../checkpoints/SHOT/target/uda/
savename:par_0.3

2024-04-14 16:20:26:INFO:Accuracy = 74.89% -> 77.95%    Per_class_accuracy = 69.75% -> 73.76%
2024-04-14 16:20:43:INFO:Task: real->painting, Iter:106/1590; Accuracy = 79.86%    Per_class_accuracy=74.13
2024-04-14 16:20:55:INFO:Accuracy = 80.51% -> 80.99%    Per_class_accuracy = 75.20% -> 75.93%
2024-04-14 16:21:13:INFO:Task: real->painting, Iter:212/1590; Accuracy = 80.51%    Per_class_accuracy=74.79
2024-04-14 16:21:26:INFO:Accuracy = 80.78% -> 80.97%    Per_class_accuracy = 75.67% -> 75.86%
2024-04-14 16:21:42:INFO:Task: real->painting, Iter:318/1590; Accuracy = 80.65%    Per_class_accuracy=75.17
2024-04-14 16:21:55:INFO:Accuracy = 80.81% -> 80.87%    Per_class_accuracy = 75.79% -> 75.75%
2024-04-14 16:22:11:INFO:Task: real->painting, Iter:424/1590; Accuracy = 80.37%    Per_class_accuracy=74.93
2024-04-14 16:22:23:INFO:Accuracy = 80.65% -> 80.81%    Per_class_accuracy = 75.61% -> 75.71%
2024-04-14 16:22:40:INFO:Task: real->painting, Iter:530/1590; Accuracy = 80.72%    Per_class_accuracy=75.50
2024-04-14 16:22:54:INFO:Accuracy = 80.63% -> 80.73%    Per_class_accuracy = 75.64% -> 75.71%
2024-04-14 16:23:10:INFO:Task: real->painting, Iter:636/1590; Accuracy = 80.75%    Per_class_accuracy=75.79
2024-04-14 16:23:22:INFO:Accuracy = 80.56% -> 80.63%    Per_class_accuracy = 75.60% -> 75.61%
2024-04-14 16:23:38:INFO:Task: real->painting, Iter:742/1590; Accuracy = 80.58%    Per_class_accuracy=75.48
2024-04-14 16:23:50:INFO:Accuracy = 80.42% -> 80.60%    Per_class_accuracy = 75.54% -> 75.74%
2024-04-14 16:24:07:INFO:Task: real->painting, Iter:848/1590; Accuracy = 79.86%    Per_class_accuracy=75.13
2024-04-14 16:24:20:INFO:Accuracy = 80.23% -> 80.44%    Per_class_accuracy = 75.40% -> 75.46%
2024-04-14 16:24:38:INFO:Task: real->painting, Iter:954/1590; Accuracy = 79.65%    Per_class_accuracy=74.60
2024-04-14 16:24:50:INFO:Accuracy = 80.23% -> 80.35%    Per_class_accuracy = 75.36% -> 75.37%
2024-04-14 16:25:06:INFO:Task: real->painting, Iter:1060/1590; Accuracy = 80.34%    Per_class_accuracy=75.44
2024-04-14 16:25:19:INFO:Accuracy = 80.41% -> 80.48%    Per_class_accuracy = 75.51% -> 75.40%
2024-04-14 16:25:36:INFO:Task: real->painting, Iter:1166/1590; Accuracy = 80.34%    Per_class_accuracy=75.80
2024-04-14 16:25:49:INFO:Accuracy = 80.29% -> 80.45%    Per_class_accuracy = 75.48% -> 75.58%
2024-04-14 16:26:07:INFO:Task: real->painting, Iter:1272/1590; Accuracy = 80.27%    Per_class_accuracy=75.87
2024-04-14 16:26:20:INFO:Accuracy = 80.47% -> 80.48%    Per_class_accuracy = 75.51% -> 75.49%
2024-04-14 16:26:37:INFO:Task: real->painting, Iter:1378/1590; Accuracy = 80.89%    Per_class_accuracy=75.86
2024-04-14 16:26:50:INFO:Accuracy = 80.51% -> 80.53%    Per_class_accuracy = 75.64% -> 75.65%
2024-04-14 16:27:07:INFO:Task: real->painting, Iter:1484/1590; Accuracy = 80.47%    Per_class_accuracy=75.86
2024-04-14 16:27:20:INFO:Accuracy = 80.45% -> 80.44%    Per_class_accuracy = 75.66% -> 75.58%
2024-04-14 16:27:38:INFO:Task: real->painting, Iter:1590/1590; Accuracy = 80.89%    Per_class_accuracy=75.98
