2024-04-14 11:31:24:INFO:visdom:1756733
2024-04-14 11:31:24:INFO:==========================================
gpu_id:0
s:sketch
t:clipart
max_epoch:15
interval:15
batch_size:64
worker:4
dset:domainnet40
lr:0.01
net:resnet50
seed:2020
gent:True
ent:True
threshold:0
cls_par:0.3
ent_par:1.0
lr_decay1:0.1
lr_decay2:1.0
bottleneck:256
epsilon:1e-05
layer:wn
classifier:bn
distance:cosine
output:san
output_src:san
da:uda
issave:True
timestamp:2024-04-14_11.31.21
use_file_logger:True
names:['sketch', 'clipart', 'painting', 'real']
use_train_transform:False
use_balanced_sampler:False
class_num:40
s_dset_path:../data/domainnet40/image_list/sketch_train_mini.txt
t_dset_path:../data/domainnet40/image_list/clipart_train_mini.txt
test_dset_path:../data/domainnet40/image_list/clipart_test_mini.txt
output_dir_src:../checkpoints/SHOT/source/uda/
output_dir:../checkpoints/SHOT/target/uda/
savename:par_0.3

2024-04-14 11:31:35:INFO:Accuracy = 59.37% -> 68.49%    Per_class_accuracy = 57.61% -> 68.96%
2024-04-14 11:31:45:INFO:Task: sketch->clipart, Iter:58/870; Accuracy = 77.91%    Per_class_accuracy=78.33
2024-04-14 11:31:51:INFO:Accuracy = 77.53% -> 77.37%    Per_class_accuracy = 77.81% -> 78.41%
2024-04-14 11:31:59:INFO:Task: sketch->clipart, Iter:116/870; Accuracy = 79.02%    Per_class_accuracy=79.66
2024-04-14 11:32:05:INFO:Accuracy = 78.15% -> 77.34%    Per_class_accuracy = 78.95% -> 78.49%
2024-04-14 11:32:13:INFO:Task: sketch->clipart, Iter:174/870; Accuracy = 77.78%    Per_class_accuracy=79.10
2024-04-14 11:32:19:INFO:Accuracy = 77.61% -> 77.29%    Per_class_accuracy = 78.94% -> 78.75%
2024-04-14 11:32:28:INFO:Task: sketch->clipart, Iter:232/870; Accuracy = 78.09%    Per_class_accuracy=79.09
2024-04-14 11:32:34:INFO:Accuracy = 77.69% -> 77.07%    Per_class_accuracy = 79.22% -> 78.69%
2024-04-14 11:32:43:INFO:Task: sketch->clipart, Iter:290/870; Accuracy = 77.78%    Per_class_accuracy=79.13
2024-04-14 11:32:49:INFO:Accuracy = 77.39% -> 77.12%    Per_class_accuracy = 78.99% -> 78.75%
2024-04-14 11:32:58:INFO:Task: sketch->clipart, Iter:348/870; Accuracy = 78.16%    Per_class_accuracy=79.48
2024-04-14 11:33:04:INFO:Accuracy = 77.39% -> 77.15%    Per_class_accuracy = 78.96% -> 78.80%
2024-04-14 11:33:12:INFO:Task: sketch->clipart, Iter:406/870; Accuracy = 77.78%    Per_class_accuracy=79.22
2024-04-14 11:33:17:INFO:Accuracy = 77.31% -> 77.21%    Per_class_accuracy = 78.92% -> 78.91%
2024-04-14 11:33:26:INFO:Task: sketch->clipart, Iter:464/870; Accuracy = 78.47%    Per_class_accuracy=79.49
2024-04-14 11:33:32:INFO:Accuracy = 77.31% -> 77.10%    Per_class_accuracy = 79.00% -> 78.84%
2024-04-14 11:33:40:INFO:Task: sketch->clipart, Iter:522/870; Accuracy = 78.03%    Per_class_accuracy=79.15
2024-04-14 11:33:47:INFO:Accuracy = 77.12% -> 77.12%    Per_class_accuracy = 78.83% -> 78.89%
2024-04-14 11:33:56:INFO:Task: sketch->clipart, Iter:580/870; Accuracy = 77.85%    Per_class_accuracy=79.14
2024-04-14 11:34:02:INFO:Accuracy = 77.26% -> 77.07%    Per_class_accuracy = 79.01% -> 78.85%
2024-04-14 11:34:10:INFO:Task: sketch->clipart, Iter:638/870; Accuracy = 78.03%    Per_class_accuracy=79.45
2024-04-14 11:34:16:INFO:Accuracy = 77.12% -> 77.12%    Per_class_accuracy = 78.88% -> 78.90%
2024-04-14 11:34:24:INFO:Task: sketch->clipart, Iter:696/870; Accuracy = 77.66%    Per_class_accuracy=78.89
2024-04-14 11:34:30:INFO:Accuracy = 77.12% -> 77.10%    Per_class_accuracy = 78.89% -> 78.88%
2024-04-14 11:34:38:INFO:Task: sketch->clipart, Iter:754/870; Accuracy = 77.66%    Per_class_accuracy=78.90
2024-04-14 11:34:44:INFO:Accuracy = 77.12% -> 77.07%    Per_class_accuracy = 78.90% -> 78.85%
2024-04-14 11:34:52:INFO:Task: sketch->clipart, Iter:812/870; Accuracy = 77.72%    Per_class_accuracy=79.14
2024-04-14 11:34:58:INFO:Accuracy = 77.12% -> 77.10%    Per_class_accuracy = 78.90% -> 78.88%
2024-04-14 11:35:07:INFO:Task: sketch->clipart, Iter:870/870; Accuracy = 78.03%    Per_class_accuracy=79.36
2024-04-14 11:35:07:INFO:==========================================
gpu_id:0
s:sketch
t:painting
max_epoch:15
interval:15
batch_size:64
worker:4
dset:domainnet40
lr:0.01
net:resnet50
seed:2020
gent:True
ent:True
threshold:0
cls_par:0.3
ent_par:1.0
lr_decay1:0.1
lr_decay2:1.0
bottleneck:256
epsilon:1e-05
layer:wn
classifier:bn
distance:cosine
output:san
output_src:san
da:uda
issave:True
timestamp:2024-04-14_11.31.21
use_file_logger:True
names:['sketch', 'clipart', 'painting', 'real']
use_train_transform:False
use_balanced_sampler:False
class_num:40
s_dset_path:../data/domainnet40/image_list/sketch_train_mini.txt
t_dset_path:../data/domainnet40/image_list/painting_train_mini.txt
test_dset_path:../data/domainnet40/image_list/painting_test_mini.txt
output_dir_src:../checkpoints/SHOT/source/uda/
output_dir:../checkpoints/SHOT/target/uda/
savename:par_0.3

2024-04-14 11:35:26:INFO:Accuracy = 61.99% -> 69.91%    Per_class_accuracy = 55.45% -> 63.43%
2024-04-14 11:35:45:INFO:Task: sketch->painting, Iter:106/1590; Accuracy = 78.10%    Per_class_accuracy=72.73
2024-04-14 11:35:55:INFO:Accuracy = 77.67% -> 77.95%    Per_class_accuracy = 70.64% -> 71.43%
2024-04-14 11:36:10:INFO:Task: sketch->painting, Iter:212/1590; Accuracy = 78.00%    Per_class_accuracy=72.29
2024-04-14 11:36:22:INFO:Accuracy = 77.94% -> 77.58%    Per_class_accuracy = 70.74% -> 71.03%
2024-04-14 11:36:40:INFO:Task: sketch->painting, Iter:318/1590; Accuracy = 77.52%    Per_class_accuracy=72.01
2024-04-14 11:36:52:INFO:Accuracy = 77.72% -> 77.73%    Per_class_accuracy = 70.92% -> 71.18%
2024-04-14 11:37:11:INFO:Task: sketch->painting, Iter:424/1590; Accuracy = 77.31%    Per_class_accuracy=71.39
2024-04-14 11:37:25:INFO:Accuracy = 77.61% -> 77.42%    Per_class_accuracy = 71.09% -> 70.80%
2024-04-14 11:37:46:INFO:Task: sketch->painting, Iter:530/1590; Accuracy = 76.59%    Per_class_accuracy=71.19
2024-04-14 11:37:58:INFO:Accuracy = 77.49% -> 77.45%    Per_class_accuracy = 71.10% -> 71.06%
2024-04-14 11:38:19:INFO:Task: sketch->painting, Iter:636/1590; Accuracy = 76.62%    Per_class_accuracy=71.28
2024-04-14 11:38:31:INFO:Accuracy = 77.52% -> 77.27%    Per_class_accuracy = 71.16% -> 70.78%
2024-04-14 11:38:52:INFO:Task: sketch->painting, Iter:742/1590; Accuracy = 76.49%    Per_class_accuracy=71.04
2024-04-14 11:39:05:INFO:Accuracy = 77.49% -> 77.32%    Per_class_accuracy = 71.08% -> 70.78%
2024-04-14 11:39:27:INFO:Task: sketch->painting, Iter:848/1590; Accuracy = 76.45%    Per_class_accuracy=71.14
2024-04-14 11:39:39:INFO:Accuracy = 77.27% -> 77.21%    Per_class_accuracy = 70.94% -> 70.74%
2024-04-14 11:39:59:INFO:Task: sketch->painting, Iter:954/1590; Accuracy = 76.73%    Per_class_accuracy=71.13
2024-04-14 11:40:11:INFO:Accuracy = 77.36% -> 77.29%    Per_class_accuracy = 70.94% -> 70.78%
2024-04-14 11:40:32:INFO:Task: sketch->painting, Iter:1060/1590; Accuracy = 76.86%    Per_class_accuracy=71.14
2024-04-14 11:40:45:INFO:Accuracy = 77.39% -> 77.29%    Per_class_accuracy = 70.85% -> 70.76%
2024-04-14 11:41:07:INFO:Task: sketch->painting, Iter:1166/1590; Accuracy = 77.00%    Per_class_accuracy=71.44
2024-04-14 11:41:21:INFO:Accuracy = 77.35% -> 77.30%    Per_class_accuracy = 70.92% -> 70.85%
2024-04-14 11:41:42:INFO:Task: sketch->painting, Iter:1272/1590; Accuracy = 76.11%    Per_class_accuracy=70.26
2024-04-14 11:41:55:INFO:Accuracy = 77.20% -> 77.20%    Per_class_accuracy = 70.82% -> 70.75%
2024-04-14 11:42:17:INFO:Task: sketch->painting, Iter:1378/1590; Accuracy = 76.25%    Per_class_accuracy=70.41
2024-04-14 11:42:30:INFO:Accuracy = 77.21% -> 77.14%    Per_class_accuracy = 70.83% -> 70.72%
2024-04-14 11:42:50:INFO:Task: sketch->painting, Iter:1484/1590; Accuracy = 76.31%    Per_class_accuracy=71.04
2024-04-14 11:43:02:INFO:Accuracy = 77.05% -> 77.06%    Per_class_accuracy = 70.71% -> 70.64%
2024-04-14 11:43:24:INFO:Task: sketch->painting, Iter:1590/1590; Accuracy = 75.70%    Per_class_accuracy=69.81
2024-04-14 11:43:24:INFO:==========================================
gpu_id:0
s:sketch
t:real
max_epoch:15
interval:15
batch_size:64
worker:4
dset:domainnet40
lr:0.01
net:resnet50
seed:2020
gent:True
ent:True
threshold:0
cls_par:0.3
ent_par:1.0
lr_decay1:0.1
lr_decay2:1.0
bottleneck:256
epsilon:1e-05
layer:wn
classifier:bn
distance:cosine
output:san
output_src:san
da:uda
issave:True
timestamp:2024-04-14_11.31.21
use_file_logger:True
names:['sketch', 'clipart', 'painting', 'real']
use_train_transform:False
use_balanced_sampler:False
class_num:40
s_dset_path:../data/domainnet40/image_list/sketch_train_mini.txt
t_dset_path:../data/domainnet40/image_list/real_train_mini.txt
test_dset_path:../data/domainnet40/image_list/real_test_mini.txt
output_dir_src:../checkpoints/SHOT/source/uda/
output_dir:../checkpoints/SHOT/target/uda/
savename:par_0.3

2024-04-14 11:44:00:INFO:Accuracy = 72.30% -> 82.84%    Per_class_accuracy = 72.28% -> 82.48%
2024-04-14 11:44:49:INFO:Task: sketch->real, Iter:253/3795; Accuracy = 87.66%    Per_class_accuracy=88.16
2024-04-14 11:45:14:INFO:Accuracy = 87.19% -> 87.30%    Per_class_accuracy = 87.34% -> 87.67%
2024-04-14 11:46:00:INFO:Task: sketch->real, Iter:506/3795; Accuracy = 87.96%    Per_class_accuracy=88.57
2024-04-14 11:46:25:INFO:Accuracy = 87.60% -> 87.53%    Per_class_accuracy = 87.99% -> 88.00%
2024-04-14 11:47:11:INFO:Task: sketch->real, Iter:759/3795; Accuracy = 88.00%    Per_class_accuracy=88.70
2024-04-14 11:47:36:INFO:Accuracy = 87.58% -> 87.51%    Per_class_accuracy = 88.13% -> 88.04%
2024-04-14 11:48:20:INFO:Task: sketch->real, Iter:1012/3795; Accuracy = 87.97%    Per_class_accuracy=88.69
2024-04-14 11:48:45:INFO:Accuracy = 87.44% -> 87.44%    Per_class_accuracy = 88.00% -> 87.99%
2024-04-14 11:49:33:INFO:Task: sketch->real, Iter:1265/3795; Accuracy = 87.80%    Per_class_accuracy=88.52
2024-04-14 11:49:58:INFO:Accuracy = 87.44% -> 87.41%    Per_class_accuracy = 88.00% -> 87.99%
2024-04-14 11:50:48:INFO:Task: sketch->real, Iter:1518/3795; Accuracy = 87.76%    Per_class_accuracy=88.47
2024-04-14 11:51:12:INFO:Accuracy = 87.37% -> 87.29%    Per_class_accuracy = 87.94% -> 87.85%
2024-04-14 11:52:03:INFO:Task: sketch->real, Iter:1771/3795; Accuracy = 87.69%    Per_class_accuracy=88.45
2024-04-14 11:52:30:INFO:Accuracy = 87.40% -> 87.29%    Per_class_accuracy = 87.95% -> 87.86%
2024-04-14 11:53:23:INFO:Task: sketch->real, Iter:2024/3795; Accuracy = 87.43%    Per_class_accuracy=88.21
2024-04-14 11:53:48:INFO:Accuracy = 87.30% -> 87.20%    Per_class_accuracy = 87.87% -> 87.77%
2024-04-14 11:54:40:INFO:Task: sketch->real, Iter:2277/3795; Accuracy = 87.54%    Per_class_accuracy=88.29
2024-04-14 11:55:04:INFO:Accuracy = 87.19% -> 87.19%    Per_class_accuracy = 87.76% -> 87.76%
2024-04-14 11:55:54:INFO:Task: sketch->real, Iter:2530/3795; Accuracy = 87.44%    Per_class_accuracy=88.15
2024-04-14 11:56:20:INFO:Accuracy = 87.17% -> 87.13%    Per_class_accuracy = 87.74% -> 87.70%
2024-04-14 11:57:07:INFO:Task: sketch->real, Iter:2783/3795; Accuracy = 87.20%    Per_class_accuracy=87.96
2024-04-14 11:57:32:INFO:Accuracy = 87.10% -> 87.04%    Per_class_accuracy = 87.69% -> 87.63%
2024-04-14 11:58:18:INFO:Task: sketch->real, Iter:3036/3795; Accuracy = 87.24%    Per_class_accuracy=88.01
2024-04-14 11:58:42:INFO:Accuracy = 87.06% -> 87.02%    Per_class_accuracy = 87.64% -> 87.60%
2024-04-14 11:59:25:INFO:Task: sketch->real, Iter:3289/3795; Accuracy = 87.21%    Per_class_accuracy=87.94
2024-04-14 11:59:50:INFO:Accuracy = 87.06% -> 86.99%    Per_class_accuracy = 87.64% -> 87.57%
2024-04-14 12:00:32:INFO:Task: sketch->real, Iter:3542/3795; Accuracy = 87.15%    Per_class_accuracy=87.89
2024-04-14 12:00:58:INFO:Accuracy = 87.00% -> 86.98%    Per_class_accuracy = 87.59% -> 87.57%
2024-04-14 12:01:42:INFO:Task: sketch->real, Iter:3795/3795; Accuracy = 87.11%    Per_class_accuracy=87.98
2024-04-14 13:07:18:INFO:visdom:2155795
2024-04-14 13:07:18:INFO:==========================================
gpu_id:0
s:sketch
t:clipart
max_epoch:15
interval:15
batch_size:64
worker:4
dset:domainnet40
lr:0.01
net:resnet50
seed:2021
gent:True
ent:True
threshold:0
cls_par:0.3
ent_par:1.0
lr_decay1:0.1
lr_decay2:1.0
bottleneck:256
epsilon:1e-05
layer:wn
classifier:bn
distance:cosine
output:san
output_src:san
da:uda
issave:True
timestamp:2024-04-14_11.31.21
use_file_logger:True
names:['sketch', 'clipart', 'painting', 'real']
use_train_transform:False
use_balanced_sampler:False
class_num:40
s_dset_path:../data/domainnet40/image_list/sketch_train_mini.txt
t_dset_path:../data/domainnet40/image_list/clipart_train_mini.txt
test_dset_path:../data/domainnet40/image_list/clipart_test_mini.txt
output_dir_src:../checkpoints/SHOT/source/uda/
output_dir:../checkpoints/SHOT/target/uda/
savename:par_0.3

2024-04-14 13:07:27:INFO:Accuracy = 59.37% -> 68.49%    Per_class_accuracy = 57.61% -> 68.96%
2024-04-14 13:07:39:INFO:Task: sketch->clipart, Iter:58/870; Accuracy = 77.72%    Per_class_accuracy=77.89
2024-04-14 13:07:45:INFO:Accuracy = 77.42% -> 76.61%    Per_class_accuracy = 78.02% -> 77.85%
2024-04-14 13:07:54:INFO:Task: sketch->clipart, Iter:116/870; Accuracy = 78.84%    Per_class_accuracy=79.09
2024-04-14 13:08:01:INFO:Accuracy = 77.64% -> 76.99%    Per_class_accuracy = 78.52% -> 78.15%
2024-04-14 13:08:10:INFO:Task: sketch->clipart, Iter:174/870; Accuracy = 78.28%    Per_class_accuracy=78.89
2024-04-14 13:08:16:INFO:Accuracy = 77.56% -> 77.29%    Per_class_accuracy = 78.71% -> 78.48%
2024-04-14 13:08:25:INFO:Task: sketch->clipart, Iter:232/870; Accuracy = 78.03%    Per_class_accuracy=79.12
2024-04-14 13:08:31:INFO:Accuracy = 77.50% -> 77.29%    Per_class_accuracy = 78.78% -> 78.66%
2024-04-14 13:08:40:INFO:Task: sketch->clipart, Iter:290/870; Accuracy = 77.48%    Per_class_accuracy=78.36
2024-04-14 13:08:46:INFO:Accuracy = 77.31% -> 77.21%    Per_class_accuracy = 78.73% -> 78.73%
2024-04-14 13:08:56:INFO:Task: sketch->clipart, Iter:348/870; Accuracy = 77.35%    Per_class_accuracy=78.45
2024-04-14 13:09:03:INFO:Accuracy = 77.21% -> 77.02%    Per_class_accuracy = 78.72% -> 78.58%
2024-04-14 13:09:13:INFO:Task: sketch->clipart, Iter:406/870; Accuracy = 77.23%    Per_class_accuracy=78.17
2024-04-14 13:09:19:INFO:Accuracy = 77.12% -> 76.85%    Per_class_accuracy = 78.66% -> 78.38%
2024-04-14 13:09:28:INFO:Task: sketch->clipart, Iter:464/870; Accuracy = 77.60%    Per_class_accuracy=78.52
2024-04-14 13:09:34:INFO:Accuracy = 77.07% -> 76.96%    Per_class_accuracy = 78.60% -> 78.55%
2024-04-14 13:09:43:INFO:Task: sketch->clipart, Iter:522/870; Accuracy = 77.48%    Per_class_accuracy=78.50
2024-04-14 13:09:50:INFO:Accuracy = 76.99% -> 76.99%    Per_class_accuracy = 78.53% -> 78.56%
2024-04-14 13:09:58:INFO:Task: sketch->clipart, Iter:580/870; Accuracy = 77.23%    Per_class_accuracy=78.37
2024-04-14 13:10:06:INFO:Accuracy = 76.94% -> 77.02%    Per_class_accuracy = 78.51% -> 78.69%
2024-04-14 13:10:15:INFO:Task: sketch->clipart, Iter:638/870; Accuracy = 77.29%    Per_class_accuracy=78.34
2024-04-14 13:10:21:INFO:Accuracy = 76.94% -> 76.96%    Per_class_accuracy = 78.52% -> 78.62%
2024-04-14 13:10:31:INFO:Task: sketch->clipart, Iter:696/870; Accuracy = 77.41%    Per_class_accuracy=78.39
2024-04-14 13:10:38:INFO:Accuracy = 77.04% -> 76.99%    Per_class_accuracy = 78.66% -> 78.65%
2024-04-14 13:10:48:INFO:Task: sketch->clipart, Iter:754/870; Accuracy = 77.35%    Per_class_accuracy=78.41
2024-04-14 13:10:55:INFO:Accuracy = 76.99% -> 76.96%    Per_class_accuracy = 78.58% -> 78.65%
2024-04-14 13:11:04:INFO:Task: sketch->clipart, Iter:812/870; Accuracy = 77.54%    Per_class_accuracy=78.67
2024-04-14 13:11:11:INFO:Accuracy = 77.04% -> 76.96%    Per_class_accuracy = 78.70% -> 78.68%
2024-04-14 13:11:19:INFO:Task: sketch->clipart, Iter:870/870; Accuracy = 77.04%    Per_class_accuracy=78.31
2024-04-14 13:11:20:INFO:==========================================
gpu_id:0
s:sketch
t:painting
max_epoch:15
interval:15
batch_size:64
worker:4
dset:domainnet40
lr:0.01
net:resnet50
seed:2021
gent:True
ent:True
threshold:0
cls_par:0.3
ent_par:1.0
lr_decay1:0.1
lr_decay2:1.0
bottleneck:256
epsilon:1e-05
layer:wn
classifier:bn
distance:cosine
output:san
output_src:san
da:uda
issave:True
timestamp:2024-04-14_11.31.21
use_file_logger:True
names:['sketch', 'clipart', 'painting', 'real']
use_train_transform:False
use_balanced_sampler:False
class_num:40
s_dset_path:../data/domainnet40/image_list/sketch_train_mini.txt
t_dset_path:../data/domainnet40/image_list/painting_train_mini.txt
test_dset_path:../data/domainnet40/image_list/painting_test_mini.txt
output_dir_src:../checkpoints/SHOT/source/uda/
output_dir:../checkpoints/SHOT/target/uda/
savename:par_0.3

2024-04-14 13:11:34:INFO:Accuracy = 61.99% -> 69.91%    Per_class_accuracy = 55.45% -> 63.43%
2024-04-14 13:11:51:INFO:Task: sketch->painting, Iter:106/1590; Accuracy = 78.86%    Per_class_accuracy=73.85
2024-04-14 13:12:03:INFO:Accuracy = 78.10% -> 78.07%    Per_class_accuracy = 70.76% -> 71.65%
2024-04-14 13:12:21:INFO:Task: sketch->painting, Iter:212/1590; Accuracy = 78.79%    Per_class_accuracy=73.17
2024-04-14 13:12:33:INFO:Accuracy = 77.90% -> 78.01%    Per_class_accuracy = 70.43% -> 71.43%
2024-04-14 13:12:50:INFO:Task: sketch->painting, Iter:318/1590; Accuracy = 78.07%    Per_class_accuracy=72.04
2024-04-14 13:13:03:INFO:Accuracy = 77.81% -> 77.81%    Per_class_accuracy = 70.57% -> 71.39%
2024-04-14 13:13:20:INFO:Task: sketch->painting, Iter:424/1590; Accuracy = 77.31%    Per_class_accuracy=71.74
2024-04-14 13:13:33:INFO:Accuracy = 77.63% -> 77.64%    Per_class_accuracy = 70.69% -> 71.26%
2024-04-14 13:13:51:INFO:Task: sketch->painting, Iter:530/1590; Accuracy = 77.14%    Per_class_accuracy=71.81
2024-04-14 13:14:02:INFO:Accuracy = 77.52% -> 77.54%    Per_class_accuracy = 71.17% -> 71.06%
2024-04-14 13:14:20:INFO:Task: sketch->painting, Iter:636/1590; Accuracy = 76.86%    Per_class_accuracy=71.42
2024-04-14 13:14:32:INFO:Accuracy = 77.36% -> 77.33%    Per_class_accuracy = 71.11% -> 70.95%
2024-04-14 13:14:48:INFO:Task: sketch->painting, Iter:742/1590; Accuracy = 76.83%    Per_class_accuracy=71.51
2024-04-14 13:14:59:INFO:Accuracy = 77.40% -> 77.36%    Per_class_accuracy = 71.07% -> 71.03%
2024-04-14 13:15:16:INFO:Task: sketch->painting, Iter:848/1590; Accuracy = 77.14%    Per_class_accuracy=71.25
2024-04-14 13:15:29:INFO:Accuracy = 77.29% -> 77.21%    Per_class_accuracy = 71.10% -> 70.94%
2024-04-14 13:15:46:INFO:Task: sketch->painting, Iter:954/1590; Accuracy = 77.24%    Per_class_accuracy=71.18
2024-04-14 13:15:59:INFO:Accuracy = 77.26% -> 77.30%    Per_class_accuracy = 70.99% -> 70.96%
2024-04-14 13:16:16:INFO:Task: sketch->painting, Iter:1060/1590; Accuracy = 76.69%    Per_class_accuracy=70.59
2024-04-14 13:16:28:INFO:Accuracy = 77.27% -> 77.23%    Per_class_accuracy = 71.07% -> 70.93%
2024-04-14 13:16:45:INFO:Task: sketch->painting, Iter:1166/1590; Accuracy = 76.56%    Per_class_accuracy=70.30
2024-04-14 13:16:58:INFO:Accuracy = 77.15% -> 77.20%    Per_class_accuracy = 70.92% -> 70.90%
2024-04-14 13:17:15:INFO:Task: sketch->painting, Iter:1272/1590; Accuracy = 76.66%    Per_class_accuracy=70.67
2024-04-14 13:17:28:INFO:Accuracy = 77.06% -> 77.17%    Per_class_accuracy = 70.86% -> 70.89%
2024-04-14 13:17:44:INFO:Task: sketch->painting, Iter:1378/1590; Accuracy = 77.04%    Per_class_accuracy=70.83
2024-04-14 13:17:57:INFO:Accuracy = 77.08% -> 77.11%    Per_class_accuracy = 70.87% -> 70.80%
2024-04-14 13:18:15:INFO:Task: sketch->painting, Iter:1484/1590; Accuracy = 76.62%    Per_class_accuracy=70.61
2024-04-14 13:18:28:INFO:Accuracy = 77.05% -> 77.09%    Per_class_accuracy = 70.87% -> 70.79%
2024-04-14 13:18:46:INFO:Task: sketch->painting, Iter:1590/1590; Accuracy = 76.76%    Per_class_accuracy=70.98
2024-04-14 13:18:47:INFO:==========================================
gpu_id:0
s:sketch
t:real
max_epoch:15
interval:15
batch_size:64
worker:4
dset:domainnet40
lr:0.01
net:resnet50
seed:2021
gent:True
ent:True
threshold:0
cls_par:0.3
ent_par:1.0
lr_decay1:0.1
lr_decay2:1.0
bottleneck:256
epsilon:1e-05
layer:wn
classifier:bn
distance:cosine
output:san
output_src:san
da:uda
issave:True
timestamp:2024-04-14_11.31.21
use_file_logger:True
names:['sketch', 'clipart', 'painting', 'real']
use_train_transform:False
use_balanced_sampler:False
class_num:40
s_dset_path:../data/domainnet40/image_list/sketch_train_mini.txt
t_dset_path:../data/domainnet40/image_list/real_train_mini.txt
test_dset_path:../data/domainnet40/image_list/real_test_mini.txt
output_dir_src:../checkpoints/SHOT/source/uda/
output_dir:../checkpoints/SHOT/target/uda/
savename:par_0.3

2024-04-14 13:19:12:INFO:Accuracy = 72.30% -> 82.84%    Per_class_accuracy = 72.28% -> 82.48%
2024-04-14 13:19:51:INFO:Task: sketch->real, Iter:253/3795; Accuracy = 87.47%    Per_class_accuracy=88.01
2024-04-14 13:20:15:INFO:Accuracy = 86.80% -> 87.02%    Per_class_accuracy = 86.96% -> 87.50%
2024-04-14 13:20:56:INFO:Task: sketch->real, Iter:506/3795; Accuracy = 87.82%    Per_class_accuracy=88.50
2024-04-14 13:21:22:INFO:Accuracy = 87.27% -> 87.26%    Per_class_accuracy = 87.76% -> 87.74%
2024-04-14 13:22:01:INFO:Task: sketch->real, Iter:759/3795; Accuracy = 87.80%    Per_class_accuracy=88.46
2024-04-14 13:22:25:INFO:Accuracy = 87.34% -> 87.21%    Per_class_accuracy = 87.81% -> 87.71%
2024-04-14 13:23:04:INFO:Task: sketch->real, Iter:1012/3795; Accuracy = 87.69%    Per_class_accuracy=88.35
2024-04-14 13:23:26:INFO:Accuracy = 87.25% -> 87.14%    Per_class_accuracy = 87.72% -> 87.65%
2024-04-14 13:24:10:INFO:Task: sketch->real, Iter:1265/3795; Accuracy = 87.34%    Per_class_accuracy=88.06
2024-04-14 13:24:34:INFO:Accuracy = 87.06% -> 86.95%    Per_class_accuracy = 87.57% -> 87.46%
2024-04-14 13:25:19:INFO:Task: sketch->real, Iter:1518/3795; Accuracy = 87.44%    Per_class_accuracy=88.21
2024-04-14 13:25:43:INFO:Accuracy = 87.00% -> 86.90%    Per_class_accuracy = 87.54% -> 87.43%
2024-04-14 13:26:28:INFO:Task: sketch->real, Iter:1771/3795; Accuracy = 87.37%    Per_class_accuracy=88.15
2024-04-14 13:26:53:INFO:Accuracy = 86.92% -> 86.80%    Per_class_accuracy = 87.47% -> 87.40%
2024-04-14 13:27:39:INFO:Task: sketch->real, Iter:2024/3795; Accuracy = 87.38%    Per_class_accuracy=88.10
2024-04-14 13:28:04:INFO:Accuracy = 86.90% -> 86.85%    Per_class_accuracy = 87.43% -> 87.37%
2024-04-14 13:28:49:INFO:Task: sketch->real, Iter:2277/3795; Accuracy = 87.31%    Per_class_accuracy=88.12
2024-04-14 13:29:14:INFO:Accuracy = 86.85% -> 86.81%    Per_class_accuracy = 87.44% -> 87.40%
2024-04-14 13:29:50:INFO:Task: sketch->real, Iter:2530/3795; Accuracy = 87.09%    Per_class_accuracy=87.84
2024-04-14 13:30:16:INFO:Accuracy = 86.83% -> 86.75%    Per_class_accuracy = 87.44% -> 87.35%
2024-04-14 13:30:52:INFO:Task: sketch->real, Iter:2783/3795; Accuracy = 87.27%    Per_class_accuracy=88.01
2024-04-14 13:31:16:INFO:Accuracy = 86.83% -> 86.70%    Per_class_accuracy = 87.37% -> 87.24%
2024-04-14 13:31:54:INFO:Task: sketch->real, Iter:3036/3795; Accuracy = 87.07%    Per_class_accuracy=87.83
2024-04-14 13:32:17:INFO:Accuracy = 86.77% -> 86.67%    Per_class_accuracy = 87.37% -> 87.28%
2024-04-14 13:32:51:INFO:Task: sketch->real, Iter:3289/3795; Accuracy = 87.18%    Per_class_accuracy=88.01
2024-04-14 13:33:15:INFO:Accuracy = 86.75% -> 86.70%    Per_class_accuracy = 87.37% -> 87.32%
2024-04-14 13:33:50:INFO:Task: sketch->real, Iter:3542/3795; Accuracy = 87.01%    Per_class_accuracy=87.88
2024-04-14 13:34:13:INFO:Accuracy = 86.79% -> 86.69%    Per_class_accuracy = 87.42% -> 87.31%
2024-04-14 13:34:49:INFO:Task: sketch->real, Iter:3795/3795; Accuracy = 87.31%    Per_class_accuracy=88.09
2024-04-14 14:47:37:INFO:visdom:2575936
2024-04-14 14:47:37:INFO:==========================================
gpu_id:0
s:sketch
t:clipart
max_epoch:15
interval:15
batch_size:64
worker:4
dset:domainnet40
lr:0.01
net:resnet50
seed:2022
gent:True
ent:True
threshold:0
cls_par:0.3
ent_par:1.0
lr_decay1:0.1
lr_decay2:1.0
bottleneck:256
epsilon:1e-05
layer:wn
classifier:bn
distance:cosine
output:san
output_src:san
da:uda
issave:True
timestamp:2024-04-14_11.31.21
use_file_logger:True
names:['sketch', 'clipart', 'painting', 'real']
use_train_transform:False
use_balanced_sampler:False
class_num:40
s_dset_path:../data/domainnet40/image_list/sketch_train_mini.txt
t_dset_path:../data/domainnet40/image_list/clipart_train_mini.txt
test_dset_path:../data/domainnet40/image_list/clipart_test_mini.txt
output_dir_src:../checkpoints/SHOT/source/uda/
output_dir:../checkpoints/SHOT/target/uda/
savename:par_0.3

2024-04-14 14:47:47:INFO:Accuracy = 59.37% -> 68.49%    Per_class_accuracy = 57.61% -> 68.96%
2024-04-14 14:47:57:INFO:Task: sketch->clipart, Iter:58/870; Accuracy = 78.03%    Per_class_accuracy=78.25
2024-04-14 14:48:04:INFO:Accuracy = 77.48% -> 76.69%    Per_class_accuracy = 78.07% -> 77.96%
2024-04-14 14:48:15:INFO:Task: sketch->clipart, Iter:116/870; Accuracy = 77.41%    Per_class_accuracy=78.20
2024-04-14 14:48:22:INFO:Accuracy = 77.26% -> 76.77%    Per_class_accuracy = 78.36% -> 78.34%
2024-04-14 14:48:33:INFO:Task: sketch->clipart, Iter:174/870; Accuracy = 77.91%    Per_class_accuracy=79.03
2024-04-14 14:48:40:INFO:Accuracy = 77.37% -> 77.07%    Per_class_accuracy = 78.91% -> 78.73%
2024-04-14 14:48:50:INFO:Task: sketch->clipart, Iter:232/870; Accuracy = 77.29%    Per_class_accuracy=78.37
2024-04-14 14:48:57:INFO:Accuracy = 77.23% -> 76.88%    Per_class_accuracy = 78.87% -> 78.55%
2024-04-14 14:49:06:INFO:Task: sketch->clipart, Iter:290/870; Accuracy = 77.29%    Per_class_accuracy=78.63
2024-04-14 14:49:13:INFO:Accuracy = 77.12% -> 76.85%    Per_class_accuracy = 78.89% -> 78.66%
2024-04-14 14:49:22:INFO:Task: sketch->clipart, Iter:348/870; Accuracy = 77.10%    Per_class_accuracy=78.41
2024-04-14 14:49:29:INFO:Accuracy = 77.02% -> 76.83%    Per_class_accuracy = 78.69% -> 78.65%
2024-04-14 14:49:39:INFO:Task: sketch->clipart, Iter:406/870; Accuracy = 77.41%    Per_class_accuracy=78.56
2024-04-14 14:49:46:INFO:Accuracy = 77.10% -> 76.91%    Per_class_accuracy = 78.82% -> 78.79%
2024-04-14 14:49:57:INFO:Task: sketch->clipart, Iter:464/870; Accuracy = 77.60%    Per_class_accuracy=78.79
2024-04-14 14:50:05:INFO:Accuracy = 76.96% -> 76.94%    Per_class_accuracy = 78.76% -> 78.80%
2024-04-14 14:50:16:INFO:Task: sketch->clipart, Iter:522/870; Accuracy = 77.85%    Per_class_accuracy=78.98
2024-04-14 14:50:23:INFO:Accuracy = 77.04% -> 76.94%    Per_class_accuracy = 78.87% -> 78.80%
2024-04-14 14:50:33:INFO:Task: sketch->clipart, Iter:580/870; Accuracy = 77.23%    Per_class_accuracy=78.35
2024-04-14 14:50:40:INFO:Accuracy = 77.04% -> 76.96%    Per_class_accuracy = 78.88% -> 78.82%
2024-04-14 14:50:49:INFO:Task: sketch->clipart, Iter:638/870; Accuracy = 77.29%    Per_class_accuracy=78.59
2024-04-14 14:50:55:INFO:Accuracy = 76.99% -> 76.99%    Per_class_accuracy = 78.85% -> 78.89%
2024-04-14 14:51:04:INFO:Task: sketch->clipart, Iter:696/870; Accuracy = 77.17%    Per_class_accuracy=78.50
2024-04-14 14:51:11:INFO:Accuracy = 76.99% -> 76.99%    Per_class_accuracy = 78.86% -> 78.89%
2024-04-14 14:51:22:INFO:Task: sketch->clipart, Iter:754/870; Accuracy = 77.60%    Per_class_accuracy=78.72
2024-04-14 14:51:28:INFO:Accuracy = 76.99% -> 76.99%    Per_class_accuracy = 78.85% -> 78.89%
2024-04-14 14:51:39:INFO:Task: sketch->clipart, Iter:812/870; Accuracy = 77.60%    Per_class_accuracy=78.66
2024-04-14 14:51:46:INFO:Accuracy = 76.94% -> 76.99%    Per_class_accuracy = 78.83% -> 78.89%
2024-04-14 14:51:58:INFO:Task: sketch->clipart, Iter:870/870; Accuracy = 77.41%    Per_class_accuracy=78.79
2024-04-14 14:51:58:INFO:==========================================
gpu_id:0
s:sketch
t:painting
max_epoch:15
interval:15
batch_size:64
worker:4
dset:domainnet40
lr:0.01
net:resnet50
seed:2022
gent:True
ent:True
threshold:0
cls_par:0.3
ent_par:1.0
lr_decay1:0.1
lr_decay2:1.0
bottleneck:256
epsilon:1e-05
layer:wn
classifier:bn
distance:cosine
output:san
output_src:san
da:uda
issave:True
timestamp:2024-04-14_11.31.21
use_file_logger:True
names:['sketch', 'clipart', 'painting', 'real']
use_train_transform:False
use_balanced_sampler:False
class_num:40
s_dset_path:../data/domainnet40/image_list/sketch_train_mini.txt
t_dset_path:../data/domainnet40/image_list/painting_train_mini.txt
test_dset_path:../data/domainnet40/image_list/painting_test_mini.txt
output_dir_src:../checkpoints/SHOT/source/uda/
output_dir:../checkpoints/SHOT/target/uda/
savename:par_0.3

2024-04-14 14:52:12:INFO:Accuracy = 61.99% -> 69.91%    Per_class_accuracy = 55.45% -> 63.43%
2024-04-14 14:52:30:INFO:Task: sketch->painting, Iter:106/1590; Accuracy = 78.48%    Per_class_accuracy=73.27
2024-04-14 14:52:44:INFO:Accuracy = 78.34% -> 77.92%    Per_class_accuracy = 71.73% -> 71.42%
2024-04-14 14:53:03:INFO:Task: sketch->painting, Iter:212/1590; Accuracy = 78.31%    Per_class_accuracy=72.96
2024-04-14 14:53:16:INFO:Accuracy = 78.31% -> 78.19%    Per_class_accuracy = 71.78% -> 71.61%
2024-04-14 14:53:37:INFO:Task: sketch->painting, Iter:318/1590; Accuracy = 78.14%    Per_class_accuracy=72.40
2024-04-14 14:53:49:INFO:Accuracy = 78.18% -> 78.04%    Per_class_accuracy = 71.81% -> 71.76%
2024-04-14 14:54:08:INFO:Task: sketch->painting, Iter:424/1590; Accuracy = 78.24%    Per_class_accuracy=72.27
2024-04-14 14:54:21:INFO:Accuracy = 77.84% -> 77.81%    Per_class_accuracy = 71.50% -> 71.51%
2024-04-14 14:54:42:INFO:Task: sketch->painting, Iter:530/1590; Accuracy = 77.66%    Per_class_accuracy=71.92
2024-04-14 14:54:56:INFO:Accuracy = 77.91% -> 77.90%    Per_class_accuracy = 71.64% -> 71.54%
2024-04-14 14:55:16:INFO:Task: sketch->painting, Iter:636/1590; Accuracy = 77.59%    Per_class_accuracy=71.83
2024-04-14 14:55:29:INFO:Accuracy = 77.91% -> 77.88%    Per_class_accuracy = 71.67% -> 71.55%
2024-04-14 14:55:51:INFO:Task: sketch->painting, Iter:742/1590; Accuracy = 77.21%    Per_class_accuracy=71.09
2024-04-14 14:56:04:INFO:Accuracy = 77.75% -> 77.75%    Per_class_accuracy = 71.50% -> 71.48%
2024-04-14 14:56:23:INFO:Task: sketch->painting, Iter:848/1590; Accuracy = 76.73%    Per_class_accuracy=70.71
2024-04-14 14:56:35:INFO:Accuracy = 77.72% -> 77.76%    Per_class_accuracy = 71.44% -> 71.42%
2024-04-14 14:56:57:INFO:Task: sketch->painting, Iter:954/1590; Accuracy = 77.28%    Per_class_accuracy=71.02
2024-04-14 14:57:09:INFO:Accuracy = 77.70% -> 77.67%    Per_class_accuracy = 71.42% -> 71.34%
2024-04-14 14:57:27:INFO:Task: sketch->painting, Iter:1060/1590; Accuracy = 77.38%    Per_class_accuracy=71.05
2024-04-14 14:57:40:INFO:Accuracy = 77.79% -> 77.75%    Per_class_accuracy = 71.56% -> 71.42%
2024-04-14 14:58:02:INFO:Task: sketch->painting, Iter:1166/1590; Accuracy = 77.38%    Per_class_accuracy=71.34
2024-04-14 14:58:15:INFO:Accuracy = 77.64% -> 77.70%    Per_class_accuracy = 71.41% -> 71.42%
2024-04-14 14:58:34:INFO:Task: sketch->painting, Iter:1272/1590; Accuracy = 77.48%    Per_class_accuracy=71.60
2024-04-14 14:58:47:INFO:Accuracy = 77.67% -> 77.73%    Per_class_accuracy = 71.35% -> 71.43%
2024-04-14 14:59:04:INFO:Task: sketch->painting, Iter:1378/1590; Accuracy = 77.31%    Per_class_accuracy=71.09
2024-04-14 14:59:18:INFO:Accuracy = 77.76% -> 77.75%    Per_class_accuracy = 71.44% -> 71.44%
2024-04-14 14:59:36:INFO:Task: sketch->painting, Iter:1484/1590; Accuracy = 77.17%    Per_class_accuracy=70.72
2024-04-14 14:59:49:INFO:Accuracy = 77.79% -> 77.75%    Per_class_accuracy = 71.58% -> 71.46%
2024-04-14 15:00:05:INFO:Task: sketch->painting, Iter:1590/1590; Accuracy = 77.59%    Per_class_accuracy=71.49
2024-04-14 15:00:06:INFO:==========================================
gpu_id:0
s:sketch
t:real
max_epoch:15
interval:15
batch_size:64
worker:4
dset:domainnet40
lr:0.01
net:resnet50
seed:2022
gent:True
ent:True
threshold:0
cls_par:0.3
ent_par:1.0
lr_decay1:0.1
lr_decay2:1.0
bottleneck:256
epsilon:1e-05
layer:wn
classifier:bn
distance:cosine
output:san
output_src:san
da:uda
issave:True
timestamp:2024-04-14_11.31.21
use_file_logger:True
names:['sketch', 'clipart', 'painting', 'real']
use_train_transform:False
use_balanced_sampler:False
class_num:40
s_dset_path:../data/domainnet40/image_list/sketch_train_mini.txt
t_dset_path:../data/domainnet40/image_list/real_train_mini.txt
test_dset_path:../data/domainnet40/image_list/real_test_mini.txt
output_dir_src:../checkpoints/SHOT/source/uda/
output_dir:../checkpoints/SHOT/target/uda/
savename:par_0.3

2024-04-14 15:00:30:INFO:Accuracy = 72.30% -> 82.84%    Per_class_accuracy = 72.28% -> 82.48%
2024-04-14 15:01:08:INFO:Task: sketch->real, Iter:253/3795; Accuracy = 87.33%    Per_class_accuracy=87.84
2024-04-14 15:01:31:INFO:Accuracy = 86.61% -> 86.87%    Per_class_accuracy = 86.83% -> 87.43%
2024-04-14 15:02:08:INFO:Task: sketch->real, Iter:506/3795; Accuracy = 87.50%    Per_class_accuracy=88.28
2024-04-14 15:02:32:INFO:Accuracy = 87.08% -> 87.11%    Per_class_accuracy = 87.67% -> 87.65%
2024-04-14 15:03:13:INFO:Task: sketch->real, Iter:759/3795; Accuracy = 87.66%    Per_class_accuracy=88.41
2024-04-14 15:03:37:INFO:Accuracy = 87.20% -> 87.11%    Per_class_accuracy = 87.77% -> 87.68%
2024-04-14 15:04:16:INFO:Task: sketch->real, Iter:1012/3795; Accuracy = 87.82%    Per_class_accuracy=88.57
2024-04-14 15:04:40:INFO:Accuracy = 87.27% -> 87.11%    Per_class_accuracy = 87.85% -> 87.72%
2024-04-14 15:05:17:INFO:Task: sketch->real, Iter:1265/3795; Accuracy = 87.66%    Per_class_accuracy=88.37
2024-04-14 15:05:40:INFO:Accuracy = 87.17% -> 87.06%    Per_class_accuracy = 87.77% -> 87.67%
2024-04-14 15:06:18:INFO:Task: sketch->real, Iter:1518/3795; Accuracy = 87.48%    Per_class_accuracy=88.28
2024-04-14 15:06:44:INFO:Accuracy = 87.00% -> 86.96%    Per_class_accuracy = 87.66% -> 87.61%
2024-04-14 15:07:20:INFO:Task: sketch->real, Iter:1771/3795; Accuracy = 87.51%    Per_class_accuracy=88.33
2024-04-14 15:07:45:INFO:Accuracy = 87.05% -> 87.02%    Per_class_accuracy = 87.69% -> 87.67%
2024-04-14 15:08:21:INFO:Task: sketch->real, Iter:2024/3795; Accuracy = 87.58%    Per_class_accuracy=88.35
2024-04-14 15:08:45:INFO:Accuracy = 87.02% -> 87.00%    Per_class_accuracy = 87.67% -> 87.65%
2024-04-14 15:09:25:INFO:Task: sketch->real, Iter:2277/3795; Accuracy = 87.67%    Per_class_accuracy=88.47
2024-04-14 15:09:50:INFO:Accuracy = 87.08% -> 86.95%    Per_class_accuracy = 87.74% -> 87.61%
2024-04-14 15:10:26:INFO:Task: sketch->real, Iter:2530/3795; Accuracy = 87.70%    Per_class_accuracy=88.45
2024-04-14 15:10:51:INFO:Accuracy = 87.00% -> 86.96%    Per_class_accuracy = 87.65% -> 87.64%
2024-04-14 15:11:30:INFO:Task: sketch->real, Iter:2783/3795; Accuracy = 87.31%    Per_class_accuracy=88.10
2024-04-14 15:11:54:INFO:Accuracy = 86.95% -> 86.90%    Per_class_accuracy = 87.62% -> 87.58%
2024-04-14 15:12:30:INFO:Task: sketch->real, Iter:3036/3795; Accuracy = 87.41%    Per_class_accuracy=88.19
2024-04-14 15:12:55:INFO:Accuracy = 86.93% -> 86.90%    Per_class_accuracy = 87.60% -> 87.57%
2024-04-14 15:13:31:INFO:Task: sketch->real, Iter:3289/3795; Accuracy = 87.40%    Per_class_accuracy=88.23
2024-04-14 15:13:54:INFO:Accuracy = 86.93% -> 86.92%    Per_class_accuracy = 87.61% -> 87.61%
2024-04-14 15:14:33:INFO:Task: sketch->real, Iter:3542/3795; Accuracy = 87.25%    Per_class_accuracy=88.07
2024-04-14 15:14:58:INFO:Accuracy = 86.92% -> 86.87%    Per_class_accuracy = 87.60% -> 87.56%
2024-04-14 15:15:36:INFO:Task: sketch->real, Iter:3795/3795; Accuracy = 87.09%    Per_class_accuracy=87.97
