2024-04-14 11:26:40:INFO:visdom:1748159
2024-04-14 11:26:40:INFO:==========================================
gpu_id:0
s:Real_World
t:Art
max_epoch:15
interval:15
batch_size:64
worker:4
dset:office-home
lr:0.01
net:resnet50
seed:2020
gent:True
ent:True
threshold:0
cls_par:0.3
ent_par:1.0
lr_decay1:0.1
lr_decay2:1.0
bottleneck:256
epsilon:1e-05
layer:wn
classifier:bn
distance:cosine
output:san
output_src:san
da:uda
issave:True
timestamp:2024-04-14_11.26.22
use_file_logger:True
names:['Art', 'Clipart', 'Product', 'Real_World']
use_train_transform:False
use_balanced_sampler:False
class_num:65
s_dset_path:../data/office-home/image_list/Real_World.txt
t_dset_path:../data/office-home/image_list/Art.txt
test_dset_path:../data/office-home/image_list/Art.txt
output_dir_src:../checkpoints/SHOT/source/uda/
output_dir:../checkpoints/SHOT/target/uda/
savename:par_0.3

