2024-04-12 00:38:02:INFO:visdom:3985459
2024-04-12 00:38:02:INFO:==========================================
gpu_id:0
s:train
t:validation
max_epoch:15
interval:15
batch_size:64
worker:4
dset:visda-2017
lr:0.001
net:resnet101
seed:2020
gent:True
ent:True
threshold:0
cls_par:0.3
ent_par:1.0
lr_decay1:0.1
lr_decay2:1.0
bottleneck:256
epsilon:1e-05
layer:wn
classifier:bn
distance:cosine
output:san
output_src:san
da:uda
issave:True
timestamp:2024-04-11_22.41.39
use_file_logger:True
names:['train', 'validation']
use_train_transform:False
use_balanced_sampler:False
class_num:12
s_dset_path:../data/visda-2017/image_list/train.txt
t_dset_path:../data/visda-2017/image_list/validation.txt
test_dset_path:../data/visda-2017/image_list/validation.txt
output_dir_src:../checkpoints/SHOT/source/uda/
output_dir:../checkpoints/SHOT/target/uda/
savename:par_0.3

2024-04-12 00:38:17:INFO:visdom:3986281
2024-04-12 00:38:17:INFO:==========================================
gpu_id:0
s:train
t:validation
max_epoch:15
interval:15
batch_size:64
worker:4
dset:visda-2017
lr:0.001
net:resnet101
seed:2021
gent:True
ent:True
threshold:0
cls_par:0.3
ent_par:1.0
lr_decay1:0.1
lr_decay2:1.0
bottleneck:256
epsilon:1e-05
layer:wn
classifier:bn
distance:cosine
output:san
output_src:san
da:uda
issave:True
timestamp:2024-04-11_22.41.39
use_file_logger:True
names:['train', 'validation']
use_train_transform:False
use_balanced_sampler:False
class_num:12
s_dset_path:../data/visda-2017/image_list/train.txt
t_dset_path:../data/visda-2017/image_list/validation.txt
test_dset_path:../data/visda-2017/image_list/validation.txt
output_dir_src:../checkpoints/SHOT/source/uda/
output_dir:../checkpoints/SHOT/target/uda/
savename:par_0.3

2024-04-12 00:38:26:INFO:visdom:3987237
2024-04-12 00:38:26:INFO:==========================================
gpu_id:0
s:train
t:validation
max_epoch:15
interval:15
batch_size:64
worker:4
dset:visda-2017
lr:0.001
net:resnet101
seed:2022
gent:True
ent:True
threshold:0
cls_par:0.3
ent_par:1.0
lr_decay1:0.1
lr_decay2:1.0
bottleneck:256
epsilon:1e-05
layer:wn
classifier:bn
distance:cosine
output:san
output_src:san
da:uda
issave:True
timestamp:2024-04-11_22.41.39
use_file_logger:True
names:['train', 'validation']
use_train_transform:False
use_balanced_sampler:False
class_num:12
s_dset_path:../data/visda-2017/image_list/train.txt
t_dset_path:../data/visda-2017/image_list/validation.txt
test_dset_path:../data/visda-2017/image_list/validation.txt
output_dir_src:../checkpoints/SHOT/source/uda/
output_dir:../checkpoints/SHOT/target/uda/
savename:par_0.3

