2024-04-14 12:34:11:INFO:visdom:1996912
2024-04-14 12:34:11:INFO:==========================================
gpu_id:0
s:painting
t:sketch
max_epoch:15
interval:15
batch_size:64
worker:4
dset:domainnet40
lr:0.01
net:resnet50
seed:2020
gent:True
ent:True
threshold:0
cls_par:0.3
ent_par:1.0
lr_decay1:0.1
lr_decay2:1.0
bottleneck:256
epsilon:1e-05
layer:wn
classifier:bn
distance:cosine
output:san
output_src:san
da:uda
issave:True
timestamp:2024-04-14_11.31.21
use_file_logger:True
names:['sketch', 'clipart', 'painting', 'real']
use_train_transform:False
use_balanced_sampler:False
class_num:40
s_dset_path:../data/domainnet40/image_list/painting_train_mini.txt
t_dset_path:../data/domainnet40/image_list/sketch_train_mini.txt
test_dset_path:../data/domainnet40/image_list/sketch_test_mini.txt
output_dir_src:../checkpoints/SHOT/source/uda/
output_dir:../checkpoints/SHOT/target/uda/
savename:par_0.3

2024-04-14 12:34:29:INFO:Accuracy = 62.18% -> 67.60%    Per_class_accuracy = 60.44% -> 67.27%
2024-04-14 12:34:47:INFO:Task: painting->sketch, Iter:87/1305; Accuracy = 74.66%    Per_class_accuracy=74.96
2024-04-14 12:34:57:INFO:Accuracy = 73.70% -> 73.78%    Per_class_accuracy = 73.02% -> 73.41%
2024-04-14 12:35:12:INFO:Task: painting->sketch, Iter:174/1305; Accuracy = 75.66%    Per_class_accuracy=75.96
2024-04-14 12:35:21:INFO:Accuracy = 74.43% -> 74.21%    Per_class_accuracy = 73.89% -> 73.94%
2024-04-14 12:35:40:INFO:Task: painting->sketch, Iter:261/1305; Accuracy = 75.70%    Per_class_accuracy=76.14
2024-04-14 12:35:49:INFO:Accuracy = 74.75% -> 74.50%    Per_class_accuracy = 74.42% -> 74.28%
2024-04-14 12:36:03:INFO:Task: painting->sketch, Iter:348/1305; Accuracy = 75.86%    Per_class_accuracy=76.31
2024-04-14 12:36:12:INFO:Accuracy = 74.68% -> 74.59%    Per_class_accuracy = 74.49% -> 74.47%
2024-04-14 12:36:27:INFO:Task: painting->sketch, Iter:435/1305; Accuracy = 75.53%    Per_class_accuracy=76.17
2024-04-14 12:36:36:INFO:Accuracy = 74.59% -> 74.52%    Per_class_accuracy = 74.51% -> 74.40%
2024-04-14 12:36:54:INFO:Task: painting->sketch, Iter:522/1305; Accuracy = 76.20%    Per_class_accuracy=76.84
2024-04-14 12:37:04:INFO:Accuracy = 74.55% -> 74.59%    Per_class_accuracy = 74.50% -> 74.55%
2024-04-14 12:37:17:INFO:Task: painting->sketch, Iter:609/1305; Accuracy = 76.32%    Per_class_accuracy=76.97
2024-04-14 12:37:27:INFO:Accuracy = 74.52% -> 74.59%    Per_class_accuracy = 74.45% -> 74.54%
2024-04-14 12:37:44:INFO:Task: painting->sketch, Iter:696/1305; Accuracy = 76.16%    Per_class_accuracy=76.61
2024-04-14 12:37:54:INFO:Accuracy = 74.59% -> 74.61%    Per_class_accuracy = 74.54% -> 74.54%
2024-04-14 12:38:12:INFO:Task: painting->sketch, Iter:783/1305; Accuracy = 75.95%    Per_class_accuracy=76.54
2024-04-14 12:38:21:INFO:Accuracy = 74.59% -> 74.64%    Per_class_accuracy = 74.57% -> 74.63%
2024-04-14 12:38:34:INFO:Task: painting->sketch, Iter:870/1305; Accuracy = 76.12%    Per_class_accuracy=76.63
2024-04-14 12:38:45:INFO:Accuracy = 74.64% -> 74.57%    Per_class_accuracy = 74.55% -> 74.51%
2024-04-14 12:39:00:INFO:Task: painting->sketch, Iter:957/1305; Accuracy = 75.66%    Per_class_accuracy=76.31
2024-04-14 12:39:10:INFO:Accuracy = 74.61% -> 74.57%    Per_class_accuracy = 74.57% -> 74.55%
2024-04-14 12:39:27:INFO:Task: painting->sketch, Iter:1044/1305; Accuracy = 76.41%    Per_class_accuracy=76.83
2024-04-14 12:39:37:INFO:Accuracy = 74.61% -> 74.55%    Per_class_accuracy = 74.55% -> 74.53%
2024-04-14 12:39:54:INFO:Task: painting->sketch, Iter:1131/1305; Accuracy = 76.20%    Per_class_accuracy=76.70
2024-04-14 12:40:03:INFO:Accuracy = 74.59% -> 74.57%    Per_class_accuracy = 74.55% -> 74.53%
2024-04-14 12:40:21:INFO:Task: painting->sketch, Iter:1218/1305; Accuracy = 75.78%    Per_class_accuracy=76.38
2024-04-14 12:40:31:INFO:Accuracy = 74.63% -> 74.63%    Per_class_accuracy = 74.63% -> 74.64%
2024-04-14 12:40:49:INFO:Task: painting->sketch, Iter:1305/1305; Accuracy = 75.74%    Per_class_accuracy=76.35
2024-04-14 12:40:50:INFO:==========================================
gpu_id:0
s:painting
t:clipart
max_epoch:15
interval:15
batch_size:64
worker:4
dset:domainnet40
lr:0.01
net:resnet50
seed:2020
gent:True
ent:True
threshold:0
cls_par:0.3
ent_par:1.0
lr_decay1:0.1
lr_decay2:1.0
bottleneck:256
epsilon:1e-05
layer:wn
classifier:bn
distance:cosine
output:san
output_src:san
da:uda
issave:True
timestamp:2024-04-14_11.31.21
use_file_logger:True
names:['sketch', 'clipart', 'painting', 'real']
use_train_transform:False
use_balanced_sampler:False
class_num:40
s_dset_path:../data/domainnet40/image_list/painting_train_mini.txt
t_dset_path:../data/domainnet40/image_list/clipart_train_mini.txt
test_dset_path:../data/domainnet40/image_list/clipart_test_mini.txt
output_dir_src:../checkpoints/SHOT/source/uda/
output_dir:../checkpoints/SHOT/target/uda/
savename:par_0.3

2024-04-14 12:40:57:INFO:Accuracy = 56.95% -> 66.55%    Per_class_accuracy = 60.37% -> 69.46%
2024-04-14 12:41:07:INFO:Task: painting->clipart, Iter:58/870; Accuracy = 73.51%    Per_class_accuracy=75.86
2024-04-14 12:41:14:INFO:Accuracy = 73.05% -> 73.29%    Per_class_accuracy = 74.80% -> 75.59%
2024-04-14 12:41:24:INFO:Task: painting->clipart, Iter:116/870; Accuracy = 75.06%    Per_class_accuracy=76.51
2024-04-14 12:41:30:INFO:Accuracy = 74.02% -> 74.10%    Per_class_accuracy = 75.99% -> 76.30%
2024-04-14 12:41:39:INFO:Task: painting->clipart, Iter:174/870; Accuracy = 74.75%    Per_class_accuracy=76.57
2024-04-14 12:41:45:INFO:Accuracy = 74.08% -> 74.40%    Per_class_accuracy = 76.36% -> 76.60%
2024-04-14 12:41:53:INFO:Task: painting->clipart, Iter:232/870; Accuracy = 75.87%    Per_class_accuracy=77.65
2024-04-14 12:42:00:INFO:Accuracy = 74.40% -> 74.43%    Per_class_accuracy = 76.64% -> 76.72%
2024-04-14 12:42:09:INFO:Task: painting->clipart, Iter:290/870; Accuracy = 75.87%    Per_class_accuracy=77.60
2024-04-14 12:42:16:INFO:Accuracy = 74.56% -> 74.40%    Per_class_accuracy = 76.72% -> 76.54%
2024-04-14 12:42:27:INFO:Task: painting->clipart, Iter:348/870; Accuracy = 76.05%    Per_class_accuracy=77.98
2024-04-14 12:42:34:INFO:Accuracy = 74.53% -> 74.53%    Per_class_accuracy = 76.73% -> 76.77%
2024-04-14 12:42:45:INFO:Task: painting->clipart, Iter:406/870; Accuracy = 75.43%    Per_class_accuracy=77.21
2024-04-14 12:42:52:INFO:Accuracy = 74.51% -> 74.45%    Per_class_accuracy = 76.75% -> 76.76%
2024-04-14 12:43:02:INFO:Task: painting->clipart, Iter:464/870; Accuracy = 75.74%    Per_class_accuracy=77.54
2024-04-14 12:43:09:INFO:Accuracy = 74.51% -> 74.45%    Per_class_accuracy = 76.82% -> 76.75%
2024-04-14 12:43:18:INFO:Task: painting->clipart, Iter:522/870; Accuracy = 76.42%    Per_class_accuracy=78.15
2024-04-14 12:43:25:INFO:Accuracy = 74.64% -> 74.67%    Per_class_accuracy = 76.98% -> 76.97%
2024-04-14 12:43:34:INFO:Task: painting->clipart, Iter:580/870; Accuracy = 75.74%    Per_class_accuracy=77.19
2024-04-14 12:43:40:INFO:Accuracy = 74.72% -> 74.56%    Per_class_accuracy = 77.10% -> 76.99%
2024-04-14 12:43:50:INFO:Task: painting->clipart, Iter:638/870; Accuracy = 76.18%    Per_class_accuracy=77.74
2024-04-14 12:43:58:INFO:Accuracy = 74.70% -> 74.51%    Per_class_accuracy = 76.94% -> 76.85%
2024-04-14 12:44:08:INFO:Task: painting->clipart, Iter:696/870; Accuracy = 76.49%    Per_class_accuracy=77.80
2024-04-14 12:44:15:INFO:Accuracy = 74.72% -> 74.59%    Per_class_accuracy = 77.19% -> 77.00%
2024-04-14 12:44:24:INFO:Task: painting->clipart, Iter:754/870; Accuracy = 76.30%    Per_class_accuracy=77.72
2024-04-14 12:44:31:INFO:Accuracy = 74.72% -> 74.64%    Per_class_accuracy = 77.14% -> 77.01%
2024-04-14 12:44:40:INFO:Task: painting->clipart, Iter:812/870; Accuracy = 75.50%    Per_class_accuracy=77.34
2024-04-14 12:44:46:INFO:Accuracy = 74.64% -> 74.53%    Per_class_accuracy = 76.97% -> 76.96%
2024-04-14 12:44:56:INFO:Task: painting->clipart, Iter:870/870; Accuracy = 76.24%    Per_class_accuracy=77.99
2024-04-14 12:44:57:INFO:==========================================
gpu_id:0
s:painting
t:real
max_epoch:15
interval:15
batch_size:64
worker:4
dset:domainnet40
lr:0.01
net:resnet50
seed:2020
gent:True
ent:True
threshold:0
cls_par:0.3
ent_par:1.0
lr_decay1:0.1
lr_decay2:1.0
bottleneck:256
epsilon:1e-05
layer:wn
classifier:bn
distance:cosine
output:san
output_src:san
da:uda
issave:True
timestamp:2024-04-14_11.31.21
use_file_logger:True
names:['sketch', 'clipart', 'painting', 'real']
use_train_transform:False
use_balanced_sampler:False
class_num:40
s_dset_path:../data/domainnet40/image_list/painting_train_mini.txt
t_dset_path:../data/domainnet40/image_list/real_train_mini.txt
test_dset_path:../data/domainnet40/image_list/real_test_mini.txt
output_dir_src:../checkpoints/SHOT/source/uda/
output_dir:../checkpoints/SHOT/target/uda/
savename:par_0.3

2024-04-14 12:45:22:INFO:Accuracy = 82.59% -> 87.94%    Per_class_accuracy = 83.84% -> 88.58%
2024-04-14 12:46:02:INFO:Task: painting->real, Iter:253/3795; Accuracy = 89.31%    Per_class_accuracy=90.04
2024-04-14 12:46:26:INFO:Accuracy = 89.46% -> 89.35%    Per_class_accuracy = 89.96% -> 89.84%
2024-04-14 12:47:05:INFO:Task: painting->real, Iter:506/3795; Accuracy = 89.41%    Per_class_accuracy=90.05
2024-04-14 12:47:29:INFO:Accuracy = 89.46% -> 89.38%    Per_class_accuracy = 89.86% -> 89.81%
2024-04-14 12:48:12:INFO:Task: painting->real, Iter:759/3795; Accuracy = 89.64%    Per_class_accuracy=90.36
2024-04-14 12:48:35:INFO:Accuracy = 89.46% -> 89.46%    Per_class_accuracy = 89.96% -> 89.93%
2024-04-14 12:49:19:INFO:Task: painting->real, Iter:1012/3795; Accuracy = 89.24%    Per_class_accuracy=90.00
2024-04-14 14:04:36:INFO:visdom:2383813
2024-04-14 14:04:36:INFO:==========================================
gpu_id:0
s:painting
t:sketch
max_epoch:15
interval:15
batch_size:64
worker:4
dset:domainnet40
lr:0.01
net:resnet50
seed:2021
gent:True
ent:True
threshold:0
cls_par:0.3
ent_par:1.0
lr_decay1:0.1
lr_decay2:1.0
bottleneck:256
epsilon:1e-05
layer:wn
classifier:bn
distance:cosine
output:san
output_src:san
da:uda
issave:True
timestamp:2024-04-14_11.31.21
use_file_logger:True
names:['sketch', 'clipart', 'painting', 'real']
use_train_transform:False
use_balanced_sampler:False
class_num:40
s_dset_path:../data/domainnet40/image_list/painting_train_mini.txt
t_dset_path:../data/domainnet40/image_list/sketch_train_mini.txt
test_dset_path:../data/domainnet40/image_list/sketch_test_mini.txt
output_dir_src:../checkpoints/SHOT/source/uda/
output_dir:../checkpoints/SHOT/target/uda/
savename:par_0.3

2024-04-14 14:04:50:INFO:Accuracy = 62.18% -> 67.60%    Per_class_accuracy = 60.44% -> 67.27%
2024-04-14 14:05:07:INFO:Task: painting->sketch, Iter:87/1305; Accuracy = 74.99%    Per_class_accuracy=75.00
2024-04-14 14:05:16:INFO:Accuracy = 73.32% -> 73.32%    Per_class_accuracy = 72.41% -> 72.80%
2024-04-14 14:05:29:INFO:Task: painting->sketch, Iter:174/1305; Accuracy = 75.78%    Per_class_accuracy=76.37
2024-04-14 14:05:38:INFO:Accuracy = 74.70% -> 74.14%    Per_class_accuracy = 74.24% -> 73.81%
2024-04-14 14:05:51:INFO:Task: painting->sketch, Iter:261/1305; Accuracy = 75.36%    Per_class_accuracy=75.88
2024-04-14 14:06:01:INFO:Accuracy = 74.46% -> 74.25%    Per_class_accuracy = 74.10% -> 74.09%
2024-04-14 14:06:16:INFO:Task: painting->sketch, Iter:348/1305; Accuracy = 75.74%    Per_class_accuracy=76.34
2024-04-14 14:06:26:INFO:Accuracy = 74.48% -> 74.28%    Per_class_accuracy = 74.23% -> 74.21%
2024-04-14 14:06:39:INFO:Task: painting->sketch, Iter:435/1305; Accuracy = 76.12%    Per_class_accuracy=76.66
2024-04-14 14:06:49:INFO:Accuracy = 74.39% -> 74.21%    Per_class_accuracy = 74.28% -> 74.09%
2024-04-14 14:07:02:INFO:Task: painting->sketch, Iter:522/1305; Accuracy = 75.78%    Per_class_accuracy=76.48
2024-04-14 14:07:11:INFO:Accuracy = 74.37% -> 74.19%    Per_class_accuracy = 74.35% -> 74.15%
2024-04-14 14:07:25:INFO:Task: painting->sketch, Iter:609/1305; Accuracy = 75.24%    Per_class_accuracy=76.06
2024-04-14 14:07:35:INFO:Accuracy = 74.39% -> 74.25%    Per_class_accuracy = 74.44% -> 74.23%
2024-04-14 14:07:49:INFO:Task: painting->sketch, Iter:696/1305; Accuracy = 75.45%    Per_class_accuracy=76.23
2024-04-14 14:07:58:INFO:Accuracy = 74.43% -> 74.17%    Per_class_accuracy = 74.48% -> 74.21%
2024-04-14 14:08:12:INFO:Task: painting->sketch, Iter:783/1305; Accuracy = 75.28%    Per_class_accuracy=76.03
2024-04-14 14:08:22:INFO:Accuracy = 74.19% -> 74.19%    Per_class_accuracy = 74.28% -> 74.21%
2024-04-14 14:08:34:INFO:Task: painting->sketch, Iter:870/1305; Accuracy = 75.49%    Per_class_accuracy=76.12
2024-04-14 14:08:44:INFO:Accuracy = 74.26% -> 74.16%    Per_class_accuracy = 74.33% -> 74.17%
2024-04-14 14:08:57:INFO:Task: painting->sketch, Iter:957/1305; Accuracy = 75.32%    Per_class_accuracy=76.00
2024-04-14 14:09:07:INFO:Accuracy = 74.14% -> 74.14%    Per_class_accuracy = 74.22% -> 74.19%
2024-04-14 14:09:21:INFO:Task: painting->sketch, Iter:1044/1305; Accuracy = 75.11%    Per_class_accuracy=75.93
2024-04-14 14:09:31:INFO:Accuracy = 74.17% -> 74.07%    Per_class_accuracy = 74.28% -> 74.14%
2024-04-14 14:09:44:INFO:Task: painting->sketch, Iter:1131/1305; Accuracy = 75.45%    Per_class_accuracy=75.97
2024-04-14 14:09:54:INFO:Accuracy = 74.10% -> 74.03%    Per_class_accuracy = 74.20% -> 74.10%
2024-04-14 14:10:06:INFO:Task: painting->sketch, Iter:1218/1305; Accuracy = 75.03%    Per_class_accuracy=75.63
2024-04-14 14:10:16:INFO:Accuracy = 74.03% -> 74.01%    Per_class_accuracy = 74.12% -> 74.04%
2024-04-14 14:10:29:INFO:Task: painting->sketch, Iter:1305/1305; Accuracy = 74.82%    Per_class_accuracy=75.46
2024-04-14 14:10:30:INFO:==========================================
gpu_id:0
s:painting
t:clipart
max_epoch:15
interval:15
batch_size:64
worker:4
dset:domainnet40
lr:0.01
net:resnet50
seed:2021
gent:True
ent:True
threshold:0
cls_par:0.3
ent_par:1.0
lr_decay1:0.1
lr_decay2:1.0
bottleneck:256
epsilon:1e-05
layer:wn
classifier:bn
distance:cosine
output:san
output_src:san
da:uda
issave:True
timestamp:2024-04-14_11.31.21
use_file_logger:True
names:['sketch', 'clipart', 'painting', 'real']
use_train_transform:False
use_balanced_sampler:False
class_num:40
s_dset_path:../data/domainnet40/image_list/painting_train_mini.txt
t_dset_path:../data/domainnet40/image_list/clipart_train_mini.txt
test_dset_path:../data/domainnet40/image_list/clipart_test_mini.txt
output_dir_src:../checkpoints/SHOT/source/uda/
output_dir:../checkpoints/SHOT/target/uda/
savename:par_0.3

2024-04-14 14:10:37:INFO:Accuracy = 56.95% -> 66.55%    Per_class_accuracy = 60.37% -> 69.46%
2024-04-14 14:10:46:INFO:Task: painting->clipart, Iter:58/870; Accuracy = 73.45%    Per_class_accuracy=75.73
2024-04-14 14:10:52:INFO:Accuracy = 72.67% -> 72.70%    Per_class_accuracy = 74.79% -> 75.16%
2024-04-14 14:11:01:INFO:Task: painting->clipart, Iter:116/870; Accuracy = 74.75%    Per_class_accuracy=76.54
2024-04-14 14:11:08:INFO:Accuracy = 73.48% -> 73.59%    Per_class_accuracy = 75.77% -> 76.07%
2024-04-14 14:11:17:INFO:Task: painting->clipart, Iter:174/870; Accuracy = 74.81%    Per_class_accuracy=76.77
2024-04-14 14:11:24:INFO:Accuracy = 73.73% -> 73.70%    Per_class_accuracy = 76.01% -> 76.18%
2024-04-14 14:11:33:INFO:Task: painting->clipart, Iter:232/870; Accuracy = 74.32%    Per_class_accuracy=76.35
2024-04-14 14:11:39:INFO:Accuracy = 74.02% -> 73.83%    Per_class_accuracy = 76.70% -> 76.50%
2024-04-14 14:11:47:INFO:Task: painting->clipart, Iter:290/870; Accuracy = 75.43%    Per_class_accuracy=77.43
2024-04-14 14:11:54:INFO:Accuracy = 73.94% -> 74.02%    Per_class_accuracy = 76.55% -> 76.71%
2024-04-14 14:12:03:INFO:Task: painting->clipart, Iter:348/870; Accuracy = 75.00%    Per_class_accuracy=76.97
2024-04-14 14:12:09:INFO:Accuracy = 74.08% -> 73.89%    Per_class_accuracy = 76.72% -> 76.66%
2024-04-14 14:12:17:INFO:Task: painting->clipart, Iter:406/870; Accuracy = 74.88%    Per_class_accuracy=76.82
2024-04-14 14:12:24:INFO:Accuracy = 74.08% -> 74.00%    Per_class_accuracy = 76.81% -> 76.75%
2024-04-14 14:12:32:INFO:Task: painting->clipart, Iter:464/870; Accuracy = 74.88%    Per_class_accuracy=77.06
2024-04-14 14:12:39:INFO:Accuracy = 74.08% -> 73.94%    Per_class_accuracy = 76.87% -> 76.74%
2024-04-14 14:12:48:INFO:Task: painting->clipart, Iter:522/870; Accuracy = 74.63%    Per_class_accuracy=76.87
2024-04-14 14:12:55:INFO:Accuracy = 74.13% -> 73.94%    Per_class_accuracy = 76.92% -> 76.73%
2024-04-14 14:13:04:INFO:Task: painting->clipart, Iter:580/870; Accuracy = 74.88%    Per_class_accuracy=76.76
2024-04-14 14:13:11:INFO:Accuracy = 74.02% -> 73.86%    Per_class_accuracy = 76.82% -> 76.66%
2024-04-14 14:13:19:INFO:Task: painting->clipart, Iter:638/870; Accuracy = 74.44%    Per_class_accuracy=76.72
2024-04-14 14:13:25:INFO:Accuracy = 74.05% -> 73.91%    Per_class_accuracy = 76.87% -> 76.66%
2024-04-14 14:13:34:INFO:Task: painting->clipart, Iter:696/870; Accuracy = 74.32%    Per_class_accuracy=76.36
2024-04-14 14:13:41:INFO:Accuracy = 74.05% -> 73.91%    Per_class_accuracy = 76.89% -> 76.66%
2024-04-14 14:13:49:INFO:Task: painting->clipart, Iter:754/870; Accuracy = 74.94%    Per_class_accuracy=76.65
2024-04-14 14:13:56:INFO:Accuracy = 74.02% -> 73.97%    Per_class_accuracy = 76.80% -> 76.71%
2024-04-14 14:14:04:INFO:Task: painting->clipart, Iter:812/870; Accuracy = 75.00%    Per_class_accuracy=76.92
2024-04-14 14:14:11:INFO:Accuracy = 74.02% -> 73.94%    Per_class_accuracy = 76.84% -> 76.69%
2024-04-14 14:14:19:INFO:Task: painting->clipart, Iter:870/870; Accuracy = 74.88%    Per_class_accuracy=77.12
2024-04-14 14:14:20:INFO:==========================================
gpu_id:0
s:painting
t:real
max_epoch:15
interval:15
batch_size:64
worker:4
dset:domainnet40
lr:0.01
net:resnet50
seed:2021
gent:True
ent:True
threshold:0
cls_par:0.3
ent_par:1.0
lr_decay1:0.1
lr_decay2:1.0
bottleneck:256
epsilon:1e-05
layer:wn
classifier:bn
distance:cosine
output:san
output_src:san
da:uda
issave:True
timestamp:2024-04-14_11.31.21
use_file_logger:True
names:['sketch', 'clipart', 'painting', 'real']
use_train_transform:False
use_balanced_sampler:False
class_num:40
s_dset_path:../data/domainnet40/image_list/painting_train_mini.txt
t_dset_path:../data/domainnet40/image_list/real_train_mini.txt
test_dset_path:../data/domainnet40/image_list/real_test_mini.txt
output_dir_src:../checkpoints/SHOT/source/uda/
output_dir:../checkpoints/SHOT/target/uda/
savename:par_0.3

2024-04-14 14:14:44:INFO:Accuracy = 82.59% -> 87.94%    Per_class_accuracy = 83.84% -> 88.58%
2024-04-14 14:15:19:INFO:Task: painting->real, Iter:253/3795; Accuracy = 89.36%    Per_class_accuracy=90.01
2024-04-14 14:15:42:INFO:Accuracy = 89.45% -> 89.45%    Per_class_accuracy = 89.92% -> 89.84%
2024-04-14 14:16:21:INFO:Task: painting->real, Iter:506/3795; Accuracy = 89.47%    Per_class_accuracy=90.18
2024-04-14 14:16:44:INFO:Accuracy = 89.50% -> 89.51%    Per_class_accuracy = 89.84% -> 89.85%
2024-04-14 14:17:18:INFO:Task: painting->real, Iter:759/3795; Accuracy = 89.40%    Per_class_accuracy=90.16
2024-04-14 14:17:42:INFO:Accuracy = 89.60% -> 89.51%    Per_class_accuracy = 90.04% -> 89.89%
2024-04-14 14:18:19:INFO:Task: painting->real, Iter:1012/3795; Accuracy = 89.50%    Per_class_accuracy=90.19
2024-04-14 14:18:42:INFO:Accuracy = 89.53% -> 89.42%    Per_class_accuracy = 89.97% -> 89.80%
2024-04-14 14:19:17:INFO:Task: painting->real, Iter:1265/3795; Accuracy = 89.43%    Per_class_accuracy=90.02
2024-04-14 14:19:39:INFO:Accuracy = 89.48% -> 89.39%    Per_class_accuracy = 89.80% -> 89.70%
2024-04-14 14:20:14:INFO:Task: painting->real, Iter:1518/3795; Accuracy = 89.41%    Per_class_accuracy=90.16
2024-04-14 14:20:38:INFO:Accuracy = 89.49% -> 89.46%    Per_class_accuracy = 89.89% -> 89.86%
2024-04-14 14:21:17:INFO:Task: painting->real, Iter:1771/3795; Accuracy = 89.62%    Per_class_accuracy=90.38
2024-04-14 14:21:40:INFO:Accuracy = 89.51% -> 89.47%    Per_class_accuracy = 89.91% -> 89.87%
2024-04-14 14:22:16:INFO:Task: painting->real, Iter:2024/3795; Accuracy = 89.67%    Per_class_accuracy=90.39
2024-04-14 14:22:40:INFO:Accuracy = 89.49% -> 89.47%    Per_class_accuracy = 89.88% -> 89.88%
2024-04-14 14:23:18:INFO:Task: painting->real, Iter:2277/3795; Accuracy = 89.60%    Per_class_accuracy=90.36
2024-04-14 14:23:41:INFO:Accuracy = 89.47% -> 89.49%    Per_class_accuracy = 89.82% -> 89.85%
2024-04-14 14:24:15:INFO:Task: painting->real, Iter:2530/3795; Accuracy = 89.50%    Per_class_accuracy=90.25
2024-04-14 14:24:40:INFO:Accuracy = 89.47% -> 89.44%    Per_class_accuracy = 89.87% -> 89.79%
2024-04-14 14:25:15:INFO:Task: painting->real, Iter:2783/3795; Accuracy = 89.53%    Per_class_accuracy=90.20
2024-04-14 14:25:39:INFO:Accuracy = 89.44% -> 89.45%    Per_class_accuracy = 89.80% -> 89.81%
2024-04-14 14:26:16:INFO:Task: painting->real, Iter:3036/3795; Accuracy = 89.18%    Per_class_accuracy=90.00
2024-04-14 14:26:39:INFO:Accuracy = 89.40% -> 89.39%    Per_class_accuracy = 89.81% -> 89.76%
2024-04-14 14:27:14:INFO:Task: painting->real, Iter:3289/3795; Accuracy = 89.51%    Per_class_accuracy=90.29
2024-04-14 14:27:37:INFO:Accuracy = 89.44% -> 89.39%    Per_class_accuracy = 89.82% -> 89.76%
2024-04-14 14:28:15:INFO:Task: painting->real, Iter:3542/3795; Accuracy = 89.11%    Per_class_accuracy=90.00
2024-04-14 14:28:37:INFO:Accuracy = 89.38% -> 89.37%    Per_class_accuracy = 89.77% -> 89.76%
2024-04-14 14:29:13:INFO:Task: painting->real, Iter:3795/3795; Accuracy = 89.40%    Per_class_accuracy=90.20
2024-04-14 15:44:30:INFO:visdom:2808864
2024-04-14 15:44:30:INFO:==========================================
gpu_id:0
s:painting
t:sketch
max_epoch:15
interval:15
batch_size:64
worker:4
dset:domainnet40
lr:0.01
net:resnet50
seed:2022
gent:True
ent:True
threshold:0
cls_par:0.3
ent_par:1.0
lr_decay1:0.1
lr_decay2:1.0
bottleneck:256
epsilon:1e-05
layer:wn
classifier:bn
distance:cosine
output:san
output_src:san
da:uda
issave:True
timestamp:2024-04-14_11.31.21
use_file_logger:True
names:['sketch', 'clipart', 'painting', 'real']
use_train_transform:False
use_balanced_sampler:False
class_num:40
s_dset_path:../data/domainnet40/image_list/painting_train_mini.txt
t_dset_path:../data/domainnet40/image_list/sketch_train_mini.txt
test_dset_path:../data/domainnet40/image_list/sketch_test_mini.txt
output_dir_src:../checkpoints/SHOT/source/uda/
output_dir:../checkpoints/SHOT/target/uda/
savename:par_0.3

2024-04-14 15:44:42:INFO:Accuracy = 62.18% -> 67.60%    Per_class_accuracy = 60.44% -> 67.27%
2024-04-14 15:44:57:INFO:Task: painting->sketch, Iter:87/1305; Accuracy = 74.99%    Per_class_accuracy=75.76
2024-04-14 15:45:07:INFO:Accuracy = 73.51% -> 73.51%    Per_class_accuracy = 73.02% -> 73.49%
2024-04-14 15:45:22:INFO:Task: painting->sketch, Iter:174/1305; Accuracy = 76.07%    Per_class_accuracy=76.66
2024-04-14 15:45:32:INFO:Accuracy = 74.50% -> 74.19%    Per_class_accuracy = 74.26% -> 74.06%
2024-04-14 15:45:46:INFO:Task: painting->sketch, Iter:261/1305; Accuracy = 75.61%    Per_class_accuracy=76.59
2024-04-14 15:45:56:INFO:Accuracy = 74.26% -> 74.14%    Per_class_accuracy = 74.31% -> 74.19%
2024-04-14 15:46:09:INFO:Task: painting->sketch, Iter:348/1305; Accuracy = 75.28%    Per_class_accuracy=76.02
2024-04-14 15:46:19:INFO:Accuracy = 74.19% -> 74.05%    Per_class_accuracy = 74.42% -> 74.20%
2024-04-14 15:46:32:INFO:Task: painting->sketch, Iter:435/1305; Accuracy = 75.53%    Per_class_accuracy=76.39
2024-04-14 15:46:41:INFO:Accuracy = 74.34% -> 74.21%    Per_class_accuracy = 74.63% -> 74.50%
2024-04-14 15:46:53:INFO:Task: painting->sketch, Iter:522/1305; Accuracy = 75.53%    Per_class_accuracy=76.34
2024-04-14 15:47:02:INFO:Accuracy = 74.32% -> 74.19%    Per_class_accuracy = 74.72% -> 74.56%
2024-04-14 15:47:15:INFO:Task: painting->sketch, Iter:609/1305; Accuracy = 75.28%    Per_class_accuracy=76.20
2024-04-14 15:47:26:INFO:Accuracy = 74.34% -> 74.25%    Per_class_accuracy = 74.60% -> 74.57%
2024-04-14 15:47:39:INFO:Task: painting->sketch, Iter:696/1305; Accuracy = 75.95%    Per_class_accuracy=76.78
2024-04-14 15:47:48:INFO:Accuracy = 74.35% -> 74.28%    Per_class_accuracy = 74.74% -> 74.63%
2024-04-14 15:48:00:INFO:Task: painting->sketch, Iter:783/1305; Accuracy = 75.53%    Per_class_accuracy=76.52
2024-04-14 15:48:10:INFO:Accuracy = 74.39% -> 74.32%    Per_class_accuracy = 74.72% -> 74.65%
2024-04-14 15:48:22:INFO:Task: painting->sketch, Iter:870/1305; Accuracy = 75.49%    Per_class_accuracy=76.47
2024-04-14 15:48:30:INFO:Accuracy = 74.30% -> 74.26%    Per_class_accuracy = 74.63% -> 74.61%
2024-04-14 15:48:45:INFO:Task: painting->sketch, Iter:957/1305; Accuracy = 75.66%    Per_class_accuracy=76.38
2024-04-14 15:48:54:INFO:Accuracy = 74.34% -> 74.34%    Per_class_accuracy = 74.67% -> 74.68%
2024-04-14 15:49:08:INFO:Task: painting->sketch, Iter:1044/1305; Accuracy = 75.70%    Per_class_accuracy=76.70
2024-04-14 15:49:17:INFO:Accuracy = 74.26% -> 74.25%    Per_class_accuracy = 74.60% -> 74.59%
2024-04-14 15:49:29:INFO:Task: painting->sketch, Iter:1131/1305; Accuracy = 75.45%    Per_class_accuracy=76.51
2024-04-14 15:49:38:INFO:Accuracy = 74.35% -> 74.28%    Per_class_accuracy = 74.69% -> 74.63%
2024-04-14 15:49:51:INFO:Task: painting->sketch, Iter:1218/1305; Accuracy = 75.45%    Per_class_accuracy=76.36
2024-04-14 15:50:00:INFO:Accuracy = 74.35% -> 74.26%    Per_class_accuracy = 74.69% -> 74.61%
2024-04-14 15:50:14:INFO:Task: painting->sketch, Iter:1305/1305; Accuracy = 75.53%    Per_class_accuracy=76.54
2024-04-14 15:50:15:INFO:==========================================
gpu_id:0
s:painting
t:clipart
max_epoch:15
interval:15
batch_size:64
worker:4
dset:domainnet40
lr:0.01
net:resnet50
seed:2022
gent:True
ent:True
threshold:0
cls_par:0.3
ent_par:1.0
lr_decay1:0.1
lr_decay2:1.0
bottleneck:256
epsilon:1e-05
layer:wn
classifier:bn
distance:cosine
output:san
output_src:san
da:uda
issave:True
timestamp:2024-04-14_11.31.21
use_file_logger:True
names:['sketch', 'clipart', 'painting', 'real']
use_train_transform:False
use_balanced_sampler:False
class_num:40
s_dset_path:../data/domainnet40/image_list/painting_train_mini.txt
t_dset_path:../data/domainnet40/image_list/clipart_train_mini.txt
test_dset_path:../data/domainnet40/image_list/clipart_test_mini.txt
output_dir_src:../checkpoints/SHOT/source/uda/
output_dir:../checkpoints/SHOT/target/uda/
savename:par_0.3

2024-04-14 15:50:22:INFO:Accuracy = 56.95% -> 66.55%    Per_class_accuracy = 60.37% -> 69.46%
2024-04-14 15:50:32:INFO:Task: painting->clipart, Iter:58/870; Accuracy = 73.45%    Per_class_accuracy=75.58
2024-04-14 15:50:38:INFO:Accuracy = 72.05% -> 72.70%    Per_class_accuracy = 73.80% -> 74.98%
2024-04-14 15:50:47:INFO:Task: painting->clipart, Iter:116/870; Accuracy = 75.00%    Per_class_accuracy=77.18
2024-04-14 15:50:53:INFO:Accuracy = 73.64% -> 73.81%    Per_class_accuracy = 75.41% -> 76.02%
2024-04-14 15:51:01:INFO:Task: painting->clipart, Iter:174/870; Accuracy = 75.37%    Per_class_accuracy=77.23
2024-04-14 15:51:08:INFO:Accuracy = 73.97% -> 74.05%    Per_class_accuracy = 76.29% -> 76.45%
2024-04-14 15:51:16:INFO:Task: painting->clipart, Iter:232/870; Accuracy = 74.88%    Per_class_accuracy=76.88
2024-04-14 15:51:23:INFO:Accuracy = 74.00% -> 74.16%    Per_class_accuracy = 76.48% -> 76.54%
2024-04-14 15:51:31:INFO:Task: painting->clipart, Iter:290/870; Accuracy = 74.88%    Per_class_accuracy=77.13
2024-04-14 15:51:38:INFO:Accuracy = 74.00% -> 74.13%    Per_class_accuracy = 76.52% -> 76.66%
2024-04-14 15:51:47:INFO:Task: painting->clipart, Iter:348/870; Accuracy = 74.94%    Per_class_accuracy=77.39
2024-04-14 15:51:54:INFO:Accuracy = 74.16% -> 74.18%    Per_class_accuracy = 76.72% -> 76.85%
2024-04-14 15:52:03:INFO:Task: painting->clipart, Iter:406/870; Accuracy = 74.75%    Per_class_accuracy=76.88
2024-04-14 15:52:10:INFO:Accuracy = 73.97% -> 74.05%    Per_class_accuracy = 76.63% -> 76.73%
2024-04-14 15:52:19:INFO:Task: painting->clipart, Iter:464/870; Accuracy = 74.50%    Per_class_accuracy=77.14
2024-04-14 15:52:26:INFO:Accuracy = 74.10% -> 74.08%    Per_class_accuracy = 76.73% -> 76.76%
2024-04-14 15:52:34:INFO:Task: painting->clipart, Iter:522/870; Accuracy = 75.37%    Per_class_accuracy=77.95
2024-04-14 15:52:41:INFO:Accuracy = 74.13% -> 74.02%    Per_class_accuracy = 76.81% -> 76.72%
2024-04-14 15:52:49:INFO:Task: painting->clipart, Iter:580/870; Accuracy = 75.12%    Per_class_accuracy=77.60
2024-04-14 15:52:56:INFO:Accuracy = 74.16% -> 74.16%    Per_class_accuracy = 76.82% -> 76.82%
2024-04-14 15:53:04:INFO:Task: painting->clipart, Iter:638/870; Accuracy = 75.31%    Per_class_accuracy=77.71
2024-04-14 15:53:11:INFO:Accuracy = 74.13% -> 74.10%    Per_class_accuracy = 76.77% -> 76.78%
2024-04-14 15:53:19:INFO:Task: painting->clipart, Iter:696/870; Accuracy = 75.31%    Per_class_accuracy=77.68
2024-04-14 15:53:26:INFO:Accuracy = 73.91% -> 74.13%    Per_class_accuracy = 76.60% -> 76.81%
2024-04-14 15:53:35:INFO:Task: painting->clipart, Iter:754/870; Accuracy = 75.31%    Per_class_accuracy=77.68
2024-04-14 15:53:42:INFO:Accuracy = 74.05% -> 74.08%    Per_class_accuracy = 76.80% -> 76.76%
2024-04-14 15:53:51:INFO:Task: painting->clipart, Iter:812/870; Accuracy = 74.69%    Per_class_accuracy=77.17
2024-04-14 15:53:58:INFO:Accuracy = 74.00% -> 74.05%    Per_class_accuracy = 76.78% -> 76.74%
2024-04-14 15:54:07:INFO:Task: painting->clipart, Iter:870/870; Accuracy = 75.19%    Per_class_accuracy=77.95
2024-04-14 15:54:08:INFO:==========================================
gpu_id:0
s:painting
t:real
max_epoch:15
interval:15
batch_size:64
worker:4
dset:domainnet40
lr:0.01
net:resnet50
seed:2022
gent:True
ent:True
threshold:0
cls_par:0.3
ent_par:1.0
lr_decay1:0.1
lr_decay2:1.0
bottleneck:256
epsilon:1e-05
layer:wn
classifier:bn
distance:cosine
output:san
output_src:san
da:uda
issave:True
timestamp:2024-04-14_11.31.21
use_file_logger:True
names:['sketch', 'clipart', 'painting', 'real']
use_train_transform:False
use_balanced_sampler:False
class_num:40
s_dset_path:../data/domainnet40/image_list/painting_train_mini.txt
t_dset_path:../data/domainnet40/image_list/real_train_mini.txt
test_dset_path:../data/domainnet40/image_list/real_test_mini.txt
output_dir_src:../checkpoints/SHOT/source/uda/
output_dir:../checkpoints/SHOT/target/uda/
savename:par_0.3

2024-04-14 15:54:32:INFO:Accuracy = 82.59% -> 87.94%    Per_class_accuracy = 83.84% -> 88.58%
2024-04-14 15:55:05:INFO:Task: painting->real, Iter:253/3795; Accuracy = 89.27%    Per_class_accuracy=90.03
2024-04-14 15:55:26:INFO:Accuracy = 89.52% -> 89.50%    Per_class_accuracy = 89.99% -> 90.01%
2024-04-14 15:56:00:INFO:Task: painting->real, Iter:506/3795; Accuracy = 89.17%    Per_class_accuracy=89.87
2024-04-14 15:56:25:INFO:Accuracy = 89.51% -> 89.47%    Per_class_accuracy = 90.07% -> 90.03%
2024-04-14 15:57:00:INFO:Task: painting->real, Iter:759/3795; Accuracy = 89.01%    Per_class_accuracy=89.75
2024-04-14 15:57:24:INFO:Accuracy = 89.50% -> 89.34%    Per_class_accuracy = 90.03% -> 89.90%
2024-04-14 15:57:58:INFO:Task: painting->real, Iter:1012/3795; Accuracy = 89.17%    Per_class_accuracy=89.93
2024-04-14 15:58:21:INFO:Accuracy = 89.47% -> 89.42%    Per_class_accuracy = 90.03% -> 89.97%
2024-04-14 15:59:02:INFO:Task: painting->real, Iter:1265/3795; Accuracy = 89.30%    Per_class_accuracy=90.04
2024-04-14 15:59:25:INFO:Accuracy = 89.54% -> 89.42%    Per_class_accuracy = 90.09% -> 89.97%
2024-04-14 16:00:04:INFO:Task: painting->real, Iter:1518/3795; Accuracy = 89.28%    Per_class_accuracy=90.03
2024-04-14 16:00:31:INFO:Accuracy = 89.50% -> 89.41%    Per_class_accuracy = 90.07% -> 89.98%
2024-04-14 16:01:15:INFO:Task: painting->real, Iter:1771/3795; Accuracy = 89.24%    Per_class_accuracy=90.02
2024-04-14 16:01:41:INFO:Accuracy = 89.36% -> 89.36%    Per_class_accuracy = 89.95% -> 89.93%
2024-04-14 16:02:28:INFO:Task: painting->real, Iter:2024/3795; Accuracy = 89.33%    Per_class_accuracy=90.11
2024-04-14 16:02:53:INFO:Accuracy = 89.42% -> 89.38%    Per_class_accuracy = 90.00% -> 89.97%
2024-04-14 16:03:41:INFO:Task: painting->real, Iter:2277/3795; Accuracy = 89.31%    Per_class_accuracy=90.11
2024-04-14 16:04:08:INFO:Accuracy = 89.42% -> 89.39%    Per_class_accuracy = 89.98% -> 89.97%
2024-04-14 16:04:55:INFO:Task: painting->real, Iter:2530/3795; Accuracy = 89.50%    Per_class_accuracy=90.24
2024-04-14 16:05:18:INFO:Accuracy = 89.45% -> 89.37%    Per_class_accuracy = 90.03% -> 89.95%
2024-04-14 16:06:01:INFO:Task: painting->real, Iter:2783/3795; Accuracy = 89.43%    Per_class_accuracy=90.23
2024-04-14 16:06:24:INFO:Accuracy = 89.37% -> 89.34%    Per_class_accuracy = 89.97% -> 89.93%
2024-04-14 16:07:06:INFO:Task: painting->real, Iter:3036/3795; Accuracy = 89.38%    Per_class_accuracy=90.17
2024-04-14 16:07:31:INFO:Accuracy = 89.36% -> 89.33%    Per_class_accuracy = 89.96% -> 89.93%
2024-04-14 16:08:13:INFO:Task: painting->real, Iter:3289/3795; Accuracy = 89.24%    Per_class_accuracy=90.03
2024-04-14 16:08:35:INFO:Accuracy = 89.42% -> 89.34%    Per_class_accuracy = 90.02% -> 89.94%
2024-04-14 16:09:19:INFO:Task: painting->real, Iter:3542/3795; Accuracy = 89.21%    Per_class_accuracy=90.00
2024-04-14 16:09:42:INFO:Accuracy = 89.35% -> 89.30%    Per_class_accuracy = 89.95% -> 89.90%
2024-04-14 16:10:25:INFO:Task: painting->real, Iter:3795/3795; Accuracy = 89.24%    Per_class_accuracy=90.04
