2024-04-10 15:15:48:INFO:visdom:637863
2024-04-10 15:15:48:INFO:==========================================
gpu_id:0
s:painting
t:None
max_epoch:50
batch_size:64
worker:4
dset:domainnet40
lr:0.01
net:resnet50
seed:2020
bottleneck:256
epsilon:1e-05
layer:wn
classifier:bn
smooth:0.1
output:san
da:uda
trte:val
timestamp:2024-04-10_14.51.55
use_file_logger:True
names:['sketch', 'clipart', 'painting', 'real']
class_num:40
s_dset_path:../data/domainnet40/image_list/painting_train_mini.txt
test_dset_path:../data/domainnet40/image_list/painting_test_mini.txt
output_dir_src:../checkpoints/SHOT/source/uda/

2024-04-10 15:17:42:INFO:Task: painting, Iter:475/4750; Accuracy = 87.52%
2024-04-10 15:19:16:INFO:Task: painting, Iter:950/4750; Accuracy = 87.82%
2024-04-10 15:20:31:INFO:Task: painting, Iter:1425/4750; Accuracy = 88.41%
2024-04-10 15:21:47:INFO:Task: painting, Iter:1900/4750; Accuracy = 88.56%
2024-04-10 15:23:04:INFO:Task: painting, Iter:2375/4750; Accuracy = 88.41%
2024-04-10 15:24:31:INFO:Task: painting, Iter:2850/4750; Accuracy = 88.86%
2024-04-10 15:25:47:INFO:Task: painting, Iter:3325/4750; Accuracy = 88.56%
2024-04-10 15:27:14:INFO:Task: painting, Iter:3800/4750; Accuracy = 88.11%
2024-04-10 15:28:32:INFO:Task: painting, Iter:4275/4750; Accuracy = 88.41%
2024-04-10 15:29:47:INFO:Task: painting, Iter:4750/4750; Accuracy = 88.56%
2024-04-10 15:29:58:INFO:
Training: val, Task: painting->sketch, Accuracy = 63.53%
2024-04-10 15:30:02:INFO:
Training: val, Task: painting->clipart, Accuracy = 56.31%
2024-04-10 15:30:18:INFO:
Training: val, Task: painting->real, Accuracy = 82.26%
