2024-04-13 11:26:41:INFO:visdom:3442568
2024-04-13 11:26:41:INFO:==========================================
gpu_id:0
s:dslr
t:None
max_epoch:100
batch_size:64
worker:4
dset:office31
lr:0.01
net:resnet50
seed:2020
bottleneck:256
epsilon:1e-05
layer:wn
classifier:bn
smooth:0.1
output:san
da:uda
trte:val
timestamp:2024-04-13_11.21.16
use_file_logger:True
names:['amazon', 'dslr', 'webcam']
class_num:31
s_dset_path:../data/office31/image_list/dslr.txt
test_dset_path:../data/office31/image_list/dslr.txt
output_dir_src:../checkpoints/SHOT/source/uda/

2024-04-13 11:26:58:INFO:Task: dslr, Iter:30/300; Accuracy = 94.74%
2024-04-13 11:27:11:INFO:Task: dslr, Iter:60/300; Accuracy = 94.74%
2024-04-13 11:27:25:INFO:Task: dslr, Iter:90/300; Accuracy = 94.74%
2024-04-13 11:27:38:INFO:Task: dslr, Iter:120/300; Accuracy = 94.74%
2024-04-13 11:27:52:INFO:Task: dslr, Iter:150/300; Accuracy = 94.74%
2024-04-13 11:28:05:INFO:Task: dslr, Iter:180/300; Accuracy = 94.74%
2024-04-13 11:28:19:INFO:Task: dslr, Iter:210/300; Accuracy = 94.74%
2024-04-13 11:28:32:INFO:Task: dslr, Iter:240/300; Accuracy = 94.74%
2024-04-13 11:28:46:INFO:Task: dslr, Iter:270/300; Accuracy = 94.74%
2024-04-13 11:28:59:INFO:Task: dslr, Iter:300/300; Accuracy = 94.74%
2024-04-13 11:29:02:INFO:
Training: val, Task: dslr->amazon, Accuracy = 77.13%
2024-04-13 11:29:04:INFO:
Training: val, Task: dslr->webcam, Accuracy = 97.71%
