2024-04-11 18:17:08:INFO:visdom:3413506
2024-04-11 18:17:08:INFO:==========================================
gpu_id:0
s:bicycle
t:None
max_epoch:10
batch_size:64
worker:4
dset:visda-2017
lr:0.001
net:resnet101
seed:2020
bottleneck:256
epsilon:1e-05
layer:wn
classifier:bn
smooth:0.1
output:san
da:uda
trte:val
timestamp:2024-04-11_15.26.51
use_file_logger:True
names:['aeroplane', 'bicycle', 'bus', 'car', 'horse', 'knife', 'motorcycle', 'person', 'plant', 'skateboard', 'train', 'truck']
class_num:12
s_dset_path:../data/visda-2017/train/image_list.txt
test_dset_path:../data/visda-2017/validation/image_list.txt
output_dir_src:../checkpoints/SHOT/source/uda/

2024-04-11 18:36:50:INFO:Task: bicycle, Iter:2144/21440; Accuracy = 97.74%
99.73 98.88 94.17 95.3 99.22 98.9 98.91 100.0 99.9 98.31 95.68 93.83
2024-04-11 18:48:34:INFO:Task: bicycle, Iter:4288/21440; Accuracy = 98.50%
99.8 99.72 95.86 97.61 99.44 99.04 98.74 100.0 99.9 98.81 97.23 95.82
2024-04-11 19:00:32:INFO:Task: bicycle, Iter:6432/21440; Accuracy = 98.82%
99.86 99.3 98.38 96.61 99.66 99.79 99.37 100.0 99.9 99.32 97.66 96.03
2024-04-11 19:11:27:INFO:Task: bicycle, Iter:8576/21440; Accuracy = 99.15%
99.93 99.58 97.3 98.07 99.44 99.73 99.48 100.0 99.9 99.49 98.64 98.22
2024-04-11 19:22:08:INFO:Task: bicycle, Iter:10720/21440; Accuracy = 99.30%
99.93 99.86 98.62 98.23 99.55 99.66 99.37 100.0 99.9 99.75 98.58 98.12
2024-04-11 19:34:24:INFO:Task: bicycle, Iter:12864/21440; Accuracy = 99.32%
99.93 99.86 98.56 98.46 99.55 99.79 99.54 100.0 99.9 99.41 98.77 98.12
2024-04-11 19:45:48:INFO:Task: bicycle, Iter:15008/21440; Accuracy = 99.47%
99.93 99.86 99.22 98.46 100.0 99.86 99.54 100.0 99.9 99.66 98.64 98.54
2024-04-11 19:58:02:INFO:Task: bicycle, Iter:17152/21440; Accuracy = 99.50%
100.0 99.86 98.62 98.84 99.89 99.86 99.6 100.0 99.9 99.83 99.51 98.12
2024-04-11 20:10:56:INFO:Task: bicycle, Iter:19296/21440; Accuracy = 99.54%
100.0 99.86 98.32 99.0 99.89 99.86 99.43 100.0 99.9 99.58 99.45 99.16
2024-04-11 20:23:29:INFO:Task: bicycle, Iter:21440/21440; Accuracy = 99.58%
100.0 99.86 98.98 99.0 100.0 99.86 99.48 100.0 99.9 99.75 99.26 98.85
2024-04-11 20:27:57:INFO:
Training: val, Task: bicycle->aeroplane, Accuracy = 46.72%
51.21 19.05 52.15 78.87 62.65 4.39 81.95 18.18 69.2 33.76 82.63 6.6
2024-04-11 20:30:14:INFO:
Training: val, Task: bicycle->bus, Accuracy = 46.72%
51.21 19.05 52.15 78.87 62.65 4.39 81.95 18.18 69.2 33.76 82.63 6.6
2024-04-11 20:32:49:INFO:
Training: val, Task: bicycle->car, Accuracy = 46.72%
51.21 19.05 52.15 78.87 62.65 4.39 81.95 18.18 69.2 33.76 82.63 6.6
2024-04-11 20:35:21:INFO:
Training: val, Task: bicycle->horse, Accuracy = 46.72%
51.21 19.05 52.15 78.87 62.65 4.39 81.95 18.18 69.2 33.76 82.63 6.6
2024-04-11 20:37:54:INFO:
Training: val, Task: bicycle->knife, Accuracy = 46.72%
51.21 19.05 52.15 78.87 62.65 4.39 81.95 18.18 69.2 33.76 82.63 6.6
2024-04-11 20:39:27:INFO:
Training: val, Task: bicycle->motorcycle, Accuracy = 46.72%
51.21 19.05 52.15 78.87 62.65 4.39 81.95 18.18 69.2 33.76 82.63 6.6
2024-04-11 20:43:26:INFO:
Training: val, Task: bicycle->person, Accuracy = 46.72%
51.21 19.05 52.15 78.87 62.65 4.39 81.95 18.18 69.2 33.76 82.63 6.6
2024-04-11 20:46:03:INFO:
Training: val, Task: bicycle->plant, Accuracy = 46.72%
51.21 19.05 52.15 78.87 62.65 4.39 81.95 18.18 69.2 33.76 82.63 6.6
2024-04-11 20:47:59:INFO:
Training: val, Task: bicycle->skateboard, Accuracy = 46.72%
51.21 19.05 52.15 78.87 62.65 4.39 81.95 18.18 69.2 33.76 82.63 6.6
2024-04-11 20:50:34:INFO:
Training: val, Task: bicycle->train, Accuracy = 46.72%
51.21 19.05 52.15 78.87 62.65 4.39 81.95 18.18 69.2 33.76 82.63 6.6
2024-04-11 20:53:08:INFO:
Training: val, Task: bicycle->truck, Accuracy = 46.72%
51.21 19.05 52.15 78.87 62.65 4.39 81.95 18.18 69.2 33.76 82.63 6.6
