2024-04-10 15:30:23:INFO:visdom:699031
2024-04-10 15:30:23:INFO:==========================================
gpu_id:0
s:real
t:None
max_epoch:50
batch_size:64
worker:4
dset:domainnet40
lr:0.01
net:resnet50
seed:2020
bottleneck:256
epsilon:1e-05
layer:wn
classifier:bn
smooth:0.1
output:san
da:uda
trte:val
timestamp:2024-04-10_14.51.55
use_file_logger:True
names:['sketch', 'clipart', 'painting', 'real']
class_num:40
s_dset_path:../data/domainnet40/image_list/real_train_mini.txt
test_dset_path:../data/domainnet40/image_list/real_test_mini.txt
output_dir_src:../checkpoints/SHOT/source/uda/

2024-04-10 15:34:38:INFO:Task: real, Iter:1135/11350; Accuracy = 94.24%
2024-04-10 15:37:25:INFO:Task: real, Iter:2270/11350; Accuracy = 93.99%
2024-04-10 15:40:15:INFO:Task: real, Iter:3405/11350; Accuracy = 94.30%
2024-04-10 15:43:03:INFO:Task: real, Iter:4540/11350; Accuracy = 94.24%
2024-04-10 15:46:08:INFO:Task: real, Iter:5675/11350; Accuracy = 94.06%
2024-04-10 15:49:07:INFO:Task: real, Iter:6810/11350; Accuracy = 94.12%
2024-04-10 15:52:04:INFO:Task: real, Iter:7945/11350; Accuracy = 94.37%
2024-04-10 15:55:01:INFO:Task: real, Iter:9080/11350; Accuracy = 94.12%
2024-04-10 15:57:59:INFO:Task: real, Iter:10215/11350; Accuracy = 94.67%
2024-04-10 16:01:08:INFO:Task: real, Iter:11350/11350; Accuracy = 94.49%
2024-04-10 16:01:16:INFO:
Training: val, Task: real->sketch, Accuracy = 57.61%
2024-04-10 16:01:22:INFO:
Training: val, Task: real->clipart, Accuracy = 66.65%
2024-04-10 16:01:33:INFO:
Training: val, Task: real->painting, Accuracy = 75.04%
