2024-04-09 16:34:04:INFO:visdom:2425866
2024-04-09 16:34:04:INFO:==========================================
gpu_id:0
s:amazon
t:None
max_epoch:100
batch_size:64
worker:4
dset:office31
lr:0.01
net:resnet50
seed:2020
bottleneck:256
epsilon:1e-05
layer:wn
classifier:bn
smooth:0.1
output:san
da:uda
trte:val
timestamp:2024-04-09_16.34.00
use_file_logger:True
names:['amazon', 'dslr', 'webcam']
class_num:31
s_dset_path:../data/office31/image_list/amazon.txt
test_dset_path:../data/office31/image_list/amazon.txt
output_dir_src:../checkpoints/SHOT/source/uda/

2024-04-09 16:35:13:INFO:Task: amazon, Iter:400/4000; Accuracy = 85.82%
2024-04-09 16:36:14:INFO:Task: amazon, Iter:800/4000; Accuracy = 86.88%
2024-04-09 16:37:15:INFO:Task: amazon, Iter:1200/4000; Accuracy = 86.52%
2024-04-09 16:38:17:INFO:Task: amazon, Iter:1600/4000; Accuracy = 86.17%
2024-04-09 16:39:17:INFO:Task: amazon, Iter:2000/4000; Accuracy = 86.17%
2024-04-09 16:40:16:INFO:Task: amazon, Iter:2400/4000; Accuracy = 86.52%
2024-04-09 16:41:20:INFO:Task: amazon, Iter:2800/4000; Accuracy = 86.88%
2024-04-09 16:42:21:INFO:Task: amazon, Iter:3200/4000; Accuracy = 86.88%
2024-04-09 16:43:26:INFO:Task: amazon, Iter:3600/4000; Accuracy = 86.88%
2024-04-09 16:44:28:INFO:Task: amazon, Iter:4000/4000; Accuracy = 87.23%
2024-04-09 16:44:33:INFO:
Training: val, Task: amazon->dslr, Accuracy = 81.53%
2024-04-09 16:44:35:INFO:
Training: val, Task: amazon->webcam, Accuracy = 76.48%
