2024-04-11 14:30:06:INFO:visdom:3026800
2024-04-11 14:30:06:INFO:==========================================
gpu_id:0
s:train
t:None
max_epoch:10
batch_size:64
worker:4
dset:visda-2017
lr:0.001
net:resnet101
seed:2020
bottleneck:256
epsilon:1e-05
layer:wn
classifier:bn
smooth:0.1
output:san
da:uda
trte:val
timestamp:2024-04-11_14.29.07
use_file_logger:True
names:['train', 'validation']
class_num:12
s_dset_path:../data/visda-2017/image_list/train.txt
test_dset_path:../data/visda-2017/image_list/train.txt
output_dir_src:../checkpoints/SHOT/source/uda/

2024-04-11 14:51:26:INFO:Task: train, Iter:2144/21440; Accuracy = 97.74%
99.73 98.88 94.17 95.3 99.22 98.9 98.91 100.0 99.9 98.31 95.68 93.83
