2024-04-09 01:09:21:INFO:visdom:374471
2024-04-09 01:09:21:INFO:==========================================
gpu_id:0
s:webcam
t:None
max_epoch:100
batch_size:64
worker:4
dset:office31
lr:0.01
net:resnet50
seed:2020
bottleneck:256
epsilon:1e-05
layer:wn
classifier:bn
smooth:0.1
output:san
da:uda
trte:val
timestamp:2024-04-09_00.51.36
use_file_logger:True
names:['amazon', 'dslr', 'webcam']
class_num:31
s_dset_path:../data/office31/image_list/webcam.txt
test_dset_path:../data/office31/image_list/webcam.txt
output_dir_src:../checkpoints/SHOT/source/uda/

2024-04-09 01:10:08:INFO:Task: webcam, Iter:120/1200; Accuracy = 98.75%
2024-04-09 01:10:42:INFO:Task: webcam, Iter:240/1200; Accuracy = 98.75%
2024-04-09 01:11:17:INFO:Task: webcam, Iter:360/1200; Accuracy = 98.75%
2024-04-09 01:11:52:INFO:Task: webcam, Iter:480/1200; Accuracy = 98.75%
2024-04-09 01:12:27:INFO:Task: webcam, Iter:600/1200; Accuracy = 98.75%
2024-04-09 01:13:01:INFO:Task: webcam, Iter:720/1200; Accuracy = 98.75%
2024-04-09 01:13:36:INFO:Task: webcam, Iter:840/1200; Accuracy = 98.75%
2024-04-09 01:14:11:INFO:Task: webcam, Iter:960/1200; Accuracy = 98.75%
2024-04-09 01:14:46:INFO:Task: webcam, Iter:1080/1200; Accuracy = 98.75%
2024-04-09 01:15:20:INFO:Task: webcam, Iter:1200/1200; Accuracy = 98.75%
2024-04-09 01:15:30:INFO:
Training: val, Task: webcam->amazon, Accuracy = 62.55%
2024-04-09 01:15:37:INFO:
Training: val, Task: webcam->dslr, Accuracy = 97.59%
