2024-03-11 22:58:12:INFO:visdom:2954571
2024-03-11 22:58:12:INFO:==========================================
gpu_id:0
s:Product
t:Art
max_epoch:15
interval:15
batch_size:64
worker:4
dset:office-home
lr:0.01
net:resnet50
seed:2020
gent:True
ent:True
threshold:0
cls_par:0.3
ent_par:1.0
lr_decay1:0.1
lr_decay2:1.0
bottleneck:256
epsilon:1e-05
layer:wn
classifier:bn
distance:cosine
output:san
output_src:san
da:uda
issave:True
timestamp:2024-03-11_22.58.08
use_file_logger:True
names:['Art', 'Clipart', 'Product', 'Real_World']
use_train_transform:False
pk_uconf:0.0
pk_type:ub
pk_allow:None
pk_temp:1.0
pk_prior_weight:10.0
pk_knn:1
pk_NC:None
pk_noise:0.0
pk_dratio:1.0
method:kshot
class_num:65
s_dset_path:../data/office-home/image_list/Product.txt
t_dset_path:../data/office-home/image_list/Art.txt
test_dset_path:../data/office-home/image_list/Art.txt
output_dir_src:../checkpoints/SHOT/source/uda/
output_dir:../checkpoints/SHOT/target_kshot/
savename:par_0.3

