2024-04-12 19:32:34:INFO:visdom:1683001
2024-04-12 19:32:34:INFO:==========================================
gpu_id:0
s:horse
t:aeroplane
max_epoch:15
interval:15
batch_size:64
worker:4
dset:visda-2017
lr:0.001
net:resnet101
seed:2020
gent:True
ent:True
threshold:0
cls_par:0.3
ent_par:1.0
lr_decay1:0.1
lr_decay2:1.0
bottleneck:256
epsilon:1e-05
layer:wn
classifier:bn
distance:cosine
output:san
output_src:san
da:uda
issave:True
timestamp:2024-04-11_15.26.51
use_file_logger:True
names:['aeroplane', 'bicycle', 'bus', 'car', 'horse', 'knife', 'motorcycle', 'person', 'plant', 'skateboard', 'train', 'truck']
use_train_transform:False
pk_uconf:0.5
pk_type:ub+rel
pk_allow:None
pk_temp:1.0
pk_prior_weight:10.0
pk_knn:1
pk_NC:None
pk_noise:0.0
pk_dratio:1.0
method:kshot
class_num:12
s_dset_path:../data/visda-2017/train/image_list.txt
t_dset_path:../data/visda-2017/validation/image_list.txt
test_dset_path:../data/visda-2017/validation/image_list.txt
output_dir_src:../checkpoints/SHOT/source/uda/
output_dir:../checkpoints/SHOT/target_kshot/
savename:par_0.3

2024-04-12 19:33:37:INFO:visdom:1685489
2024-04-12 19:33:37:INFO:==========================================
gpu_id:0
s:horse
t:aeroplane
max_epoch:15
interval:15
batch_size:64
worker:4
dset:visda-2017
lr:0.001
net:resnet101
seed:2020
gent:True
ent:True
threshold:0
cls_par:0.3
ent_par:1.0
lr_decay1:0.1
lr_decay2:1.0
bottleneck:256
epsilon:1e-05
layer:wn
classifier:bn
distance:cosine
output:san
output_src:san
da:uda
issave:True
timestamp:2024-04-11_15.26.51
use_file_logger:True
names:['aeroplane', 'bicycle', 'bus', 'car', 'horse', 'knife', 'motorcycle', 'person', 'plant', 'skateboard', 'train', 'truck']
use_train_transform:False
pk_uconf:1.0
pk_type:ub+rel
pk_allow:None
pk_temp:1.0
pk_prior_weight:10.0
pk_knn:1
pk_NC:None
pk_noise:0.0
pk_dratio:1.0
method:kshot
class_num:12
s_dset_path:../data/visda-2017/train/image_list.txt
t_dset_path:../data/visda-2017/validation/image_list.txt
test_dset_path:../data/visda-2017/validation/image_list.txt
output_dir_src:../checkpoints/SHOT/source/uda/
output_dir:../checkpoints/SHOT/target_kshot/
savename:par_0.3

2024-04-12 19:53:21:INFO:visdom:1734800
2024-04-12 19:53:21:INFO:==========================================
gpu_id:0
s:horse
t:aeroplane
max_epoch:15
interval:15
batch_size:64
worker:4
dset:visda-2017
lr:0.001
net:resnet101
seed:2021
gent:True
ent:True
threshold:0
cls_par:0.3
ent_par:1.0
lr_decay1:0.1
lr_decay2:1.0
bottleneck:256
epsilon:1e-05
layer:wn
classifier:bn
distance:cosine
output:san
output_src:san
da:uda
issave:True
timestamp:2024-04-11_15.26.51
use_file_logger:True
names:['aeroplane', 'bicycle', 'bus', 'car', 'horse', 'knife', 'motorcycle', 'person', 'plant', 'skateboard', 'train', 'truck']
use_train_transform:False
pk_uconf:0.5
pk_type:ub+rel
pk_allow:None
pk_temp:1.0
pk_prior_weight:10.0
pk_knn:1
pk_NC:None
pk_noise:0.0
pk_dratio:1.0
method:kshot
class_num:12
s_dset_path:../data/visda-2017/train/image_list.txt
t_dset_path:../data/visda-2017/validation/image_list.txt
test_dset_path:../data/visda-2017/validation/image_list.txt
output_dir_src:../checkpoints/SHOT/source/uda/
output_dir:../checkpoints/SHOT/target_kshot/
savename:par_0.3

2024-04-12 19:54:10:INFO:visdom:1736744
2024-04-12 19:54:10:INFO:==========================================
gpu_id:0
s:horse
t:aeroplane
max_epoch:15
interval:15
batch_size:64
worker:4
dset:visda-2017
lr:0.001
net:resnet101
seed:2021
gent:True
ent:True
threshold:0
cls_par:0.3
ent_par:1.0
lr_decay1:0.1
lr_decay2:1.0
bottleneck:256
epsilon:1e-05
layer:wn
classifier:bn
distance:cosine
output:san
output_src:san
da:uda
issave:True
timestamp:2024-04-11_15.26.51
use_file_logger:True
names:['aeroplane', 'bicycle', 'bus', 'car', 'horse', 'knife', 'motorcycle', 'person', 'plant', 'skateboard', 'train', 'truck']
use_train_transform:False
pk_uconf:1.0
pk_type:ub+rel
pk_allow:None
pk_temp:1.0
pk_prior_weight:10.0
pk_knn:1
pk_NC:None
pk_noise:0.0
pk_dratio:1.0
method:kshot
class_num:12
s_dset_path:../data/visda-2017/train/image_list.txt
t_dset_path:../data/visda-2017/validation/image_list.txt
test_dset_path:../data/visda-2017/validation/image_list.txt
output_dir_src:../checkpoints/SHOT/source/uda/
output_dir:../checkpoints/SHOT/target_kshot/
savename:par_0.3

2024-04-12 20:13:02:INFO:visdom:1781399
2024-04-12 20:13:02:INFO:==========================================
gpu_id:0
s:horse
t:aeroplane
max_epoch:15
interval:15
batch_size:64
worker:4
dset:visda-2017
lr:0.001
net:resnet101
seed:2022
gent:True
ent:True
threshold:0
cls_par:0.3
ent_par:1.0
lr_decay1:0.1
lr_decay2:1.0
bottleneck:256
epsilon:1e-05
layer:wn
classifier:bn
distance:cosine
output:san
output_src:san
da:uda
issave:True
timestamp:2024-04-11_15.26.51
use_file_logger:True
names:['aeroplane', 'bicycle', 'bus', 'car', 'horse', 'knife', 'motorcycle', 'person', 'plant', 'skateboard', 'train', 'truck']
use_train_transform:False
pk_uconf:0.5
pk_type:ub+rel
pk_allow:None
pk_temp:1.0
pk_prior_weight:10.0
pk_knn:1
pk_NC:None
pk_noise:0.0
pk_dratio:1.0
method:kshot
class_num:12
s_dset_path:../data/visda-2017/train/image_list.txt
t_dset_path:../data/visda-2017/validation/image_list.txt
test_dset_path:../data/visda-2017/validation/image_list.txt
output_dir_src:../checkpoints/SHOT/source/uda/
output_dir:../checkpoints/SHOT/target_kshot/
savename:par_0.3

2024-04-12 20:13:52:INFO:visdom:1783343
2024-04-12 20:13:52:INFO:==========================================
gpu_id:0
s:horse
t:aeroplane
max_epoch:15
interval:15
batch_size:64
worker:4
dset:visda-2017
lr:0.001
net:resnet101
seed:2022
gent:True
ent:True
threshold:0
cls_par:0.3
ent_par:1.0
lr_decay1:0.1
lr_decay2:1.0
bottleneck:256
epsilon:1e-05
layer:wn
classifier:bn
distance:cosine
output:san
output_src:san
da:uda
issave:True
timestamp:2024-04-11_15.26.51
use_file_logger:True
names:['aeroplane', 'bicycle', 'bus', 'car', 'horse', 'knife', 'motorcycle', 'person', 'plant', 'skateboard', 'train', 'truck']
use_train_transform:False
pk_uconf:1.0
pk_type:ub+rel
pk_allow:None
pk_temp:1.0
pk_prior_weight:10.0
pk_knn:1
pk_NC:None
pk_noise:0.0
pk_dratio:1.0
method:kshot
class_num:12
s_dset_path:../data/visda-2017/train/image_list.txt
t_dset_path:../data/visda-2017/validation/image_list.txt
test_dset_path:../data/visda-2017/validation/image_list.txt
output_dir_src:../checkpoints/SHOT/source/uda/
output_dir:../checkpoints/SHOT/target_kshot/
savename:par_0.3

