2024-03-12 21:43:44:INFO:visdom:3594987
2024-03-12 21:43:44:INFO:==========================================
gpu_id:0
s:train
t:validation
max_epoch:15
interval:15
batch_size:64
worker:4
dset:visda-2017
lr:0.001
net:resnet101
seed:2020
gent:True
ent:True
threshold:0
cls_par:0.3
ent_par:1.0
lr_decay1:0.1
lr_decay2:1.0
bottleneck:256
epsilon:1e-05
layer:wn
classifier:bn
distance:cosine
output:san
output_src:san
da:uda
issave:True
timestamp:2024-03-12_21.43.31
use_file_logger:True
names:['train', 'validation']
use_train_transform:False
pk_uconf:0.0
pk_type:ub
pk_allow:None
pk_temp:1.0
pk_prior_weight:10.0
pk_knn:1
pk_NC:None
pk_noise:0.0
pk_dratio:1.0
method:kshot
class_num:12
s_dset_path:../data/visda-2017/image_list/train.txt
t_dset_path:../data/visda-2017/image_list/validation.txt
test_dset_path:../data/visda-2017/image_list/validation.txt
output_dir_src:../checkpoints/SHOT/source/uda/
output_dir:../checkpoints/SHOT/target_kshot/
savename:par_0.3

