2024-04-13 11:49:51:INFO:visdom:3600847
2024-04-13 11:49:51:INFO:==========================================
gpu_id:0
s:dslr
t:webcam
max_epoch:15
interval:15
batch_size:64
worker:4
dset:office31
lr:0.01
net:resnet50
seed:2020
gent:True
ent:True
threshold:0
cls_par:0.3
ent_par:1.0
lr_decay1:0.1
lr_decay2:1.0
bottleneck:256
epsilon:1e-05
layer:wn
classifier:bn
distance:cosine
output:san
output_src:san
da:uda
issave:True
timestamp:2024-04-13_11.49.17
use_file_logger:True
names:['webcam', 'amazon', 'dslr']
use_train_transform:False
pk_uconf:1.0
pk_type:br
pk_allow:None
pk_temp:1.0
pk_prior_weight:10.0
pk_knn:1
pk_NC:None
pk_noise:0.0
pk_dratio:1.0
method:kshot
class_num:12
s_dset_path:../data/office31/image_list/dslr.txt
t_dset_path:../data/office31/image_list/webcam.txt
test_dset_path:../data/office31/image_list/webcam.txt
output_dir_src:../checkpoints/SHOT/source/uda/
output_dir:../checkpoints/SHOT/target_kshot/
savename:par_0.3

2024-04-13 11:50:04:INFO:visdom:3601714
2024-04-13 11:50:04:INFO:==========================================
gpu_id:0
s:dslr
t:webcam
max_epoch:15
interval:15
batch_size:64
worker:4
dset:office31
lr:0.01
net:resnet50
seed:2021
gent:True
ent:True
threshold:0
cls_par:0.3
ent_par:1.0
lr_decay1:0.1
lr_decay2:1.0
bottleneck:256
epsilon:1e-05
layer:wn
classifier:bn
distance:cosine
output:san
output_src:san
da:uda
issave:True
timestamp:2024-04-13_11.49.17
use_file_logger:True
names:['webcam', 'amazon', 'dslr']
use_train_transform:False
pk_uconf:1.0
pk_type:br
pk_allow:None
pk_temp:1.0
pk_prior_weight:10.0
pk_knn:1
pk_NC:None
pk_noise:0.0
pk_dratio:1.0
method:kshot
class_num:12
s_dset_path:../data/office31/image_list/dslr.txt
t_dset_path:../data/office31/image_list/webcam.txt
test_dset_path:../data/office31/image_list/webcam.txt
output_dir_src:../checkpoints/SHOT/source/uda/
output_dir:../checkpoints/SHOT/target_kshot/
savename:par_0.3

2024-04-13 11:50:18:INFO:visdom:3602599
2024-04-13 11:50:18:INFO:==========================================
gpu_id:0
s:dslr
t:webcam
max_epoch:15
interval:15
batch_size:64
worker:4
dset:office31
lr:0.01
net:resnet50
seed:2022
gent:True
ent:True
threshold:0
cls_par:0.3
ent_par:1.0
lr_decay1:0.1
lr_decay2:1.0
bottleneck:256
epsilon:1e-05
layer:wn
classifier:bn
distance:cosine
output:san
output_src:san
da:uda
issave:True
timestamp:2024-04-13_11.49.17
use_file_logger:True
names:['webcam', 'amazon', 'dslr']
use_train_transform:False
pk_uconf:1.0
pk_type:br
pk_allow:None
pk_temp:1.0
pk_prior_weight:10.0
pk_knn:1
pk_NC:None
pk_noise:0.0
pk_dratio:1.0
method:kshot
class_num:12
s_dset_path:../data/office31/image_list/dslr.txt
t_dset_path:../data/office31/image_list/webcam.txt
test_dset_path:../data/office31/image_list/webcam.txt
output_dir_src:../checkpoints/SHOT/source/uda/
output_dir:../checkpoints/SHOT/target_kshot/
savename:par_0.3

